# JRE version: OpenJDK Runtime Environment (11.0.6+10) (build 11.0.6+10)
# Java VM: OpenJDK 64-Bit Server VM (11.0.6+10, mixed mode, tiered, compressed oops, g1 gc, windows-amd64)
Heap:
 garbage-first heap   total 262144K, used 85885K [0x0000000701200000, 0x0000000800000000)
  region size 1024K, 41 young (41984K), 11 survivors (11264K)
 Metaspace       used 38772K, capacity 39657K, committed 40016K, reserved 1085440K
  class space    used 3908K, capacity 4236K, committed 4352K, reserved 1048576K
GC Heap History (12 events):
Event: 7.502 GC heap before
{Heap before GC invocations=0 (full 0):
 garbage-first heap   total 262144K, used 23552K [0x0000000701200000, 0x0000000800000000)
  region size 1024K, 24 young (24576K), 0 survivors (0K)
 Metaspace       used 12531K, capacity 12661K, committed 12928K, reserved 1060864K
  class space    used 1267K, capacity 1348K, committed 1408K, reserved 1048576K
}
Event: 7.511 GC heap after
{Heap after GC invocations=1 (full 0):
 garbage-first heap   total 262144K, used 3494K [0x0000000701200000, 0x0000000800000000)
  region size 1024K, 3 young (3072K), 3 survivors (3072K)
 Metaspace       used 12531K, capacity 12661K, committed 12928K, reserved 1060864K
  class space    used 1267K, capacity 1348K, committed 1408K, reserved 1048576K
}
Event: 16.009 GC heap before
{Heap before GC invocations=1 (full 0):
 garbage-first heap   total 262144K, used 98726K [0x0000000701200000, 0x0000000800000000)
  region size 1024K, 97 young (99328K), 3 survivors (3072K)
 Metaspace       used 20831K, capacity 21110K, committed 21296K, reserved 1069056K
  class space    used 2201K, capacity 2315K, committed 2432K, reserved 1048576K
}
Event: 16.042 GC heap after
{Heap after GC invocations=2 (full 0):
 garbage-first heap   total 262144K, used 11751K [0x0000000701200000, 0x0000000800000000)
  region size 1024K, 12 young (12288K), 12 survivors (12288K)
 Metaspace       used 20831K, capacity 21110K, committed 21296K, reserved 1069056K
  class space    used 2201K, capacity 2315K, committed 2432K, reserved 1048576K
}
Event: 31.877 GC heap before
{Heap before GC invocations=3 (full 0):
 garbage-first heap   total 262144K, used 106983K [0x0000000701200000, 0x0000000800000000)
  region size 1024K, 105 young (107520K), 12 survivors (12288K)
 Metaspace       used 23564K, capacity 24064K, committed 24368K, reserved 1071104K
  class space    used 2430K, capacity 2641K, committed 2688K, reserved 1048576K
}
Event: 31.906 GC heap after
{Heap after GC invocations=4 (full 0):
 garbage-first heap   total 262144K, used 17577K [0x0000000701200000, 0x0000000800000000)
  region size 1024K, 6 young (6144K), 6 survivors (6144K)
 Metaspace       used 23564K, capacity 24064K, committed 24368K, reserved 1071104K
  class space    used 2430K, capacity 2641K, committed 2688K, reserved 1048576K
}
Event: 21639.876 GC heap before
{Heap before GC invocations=4 (full 0):
 garbage-first heap   total 262144K, used 113833K [0x0000000701200000, 0x0000000800000000)
  region size 1024K, 98 young (100352K), 6 survivors (6144K)
 Metaspace       used 35057K, capacity 35783K, committed 35920K, reserved 1081344K
  class space    used 3700K, capacity 4006K, committed 4096K, reserved 1048576K
}
Event: 21639.970 GC heap after
{Heap after GC invocations=5 (full 0):
 garbage-first heap   total 262144K, used 36570K [0x0000000701200000, 0x0000000800000000)
  region size 1024K, 15 young (15360K), 15 survivors (15360K)
 Metaspace       used 35057K, capacity 35783K, committed 35920K, reserved 1081344K
  class space    used 3700K, capacity 4006K, committed 4096K, reserved 1048576K
}
Event: 21647.219 GC heap before
{Heap before GC invocations=6 (full 0):
 garbage-first heap   total 262144K, used 138970K [0x0000000701200000, 0x0000000800000000)
  region size 1024K, 114 young (116736K), 15 survivors (15360K)
 Metaspace       used 36655K, capacity 37446K, committed 37584K, reserved 1083392K
  class space    used 3762K, capacity 4103K, committed 4224K, reserved 1048576K
}
Event: 21647.254 GC heap after
{Heap after GC invocations=7 (full 0):
 garbage-first heap   total 262144K, used 50580K [0x0000000701200000, 0x0000000800000000)
  region size 1024K, 13 young (13312K), 13 survivors (13312K)
 Metaspace       used 36655K, capacity 37446K, committed 37584K, reserved 1083392K
  class space    used 3762K, capacity 4103K, committed 4224K, reserved 1048576K
}
Event: 21657.255 GC heap before
{Heap before GC invocations=7 (full 0):
 garbage-first heap   total 262144K, used 167316K [0x0000000701200000, 0x0000000800000000)
  region size 1024K, 126 young (129024K), 13 survivors (13312K)
 Metaspace       used 38696K, capacity 39587K, committed 39760K, reserved 1085440K
  class space    used 3907K, capacity 4235K, committed 4352K, reserved 1048576K
}
Event: 21657.275 GC heap after
{Heap after GC invocations=8 (full 0):
 garbage-first heap   total 262144K, used 56189K [0x0000000701200000, 0x0000000800000000)
  region size 1024K, 11 young (11264K), 11 survivors (11264K)
 Metaspace       used 38696K, capacity 39587K, committed 39760K, reserved 1085440K
  class space    used 3907K, capacity 4235K, committed 4352K, reserved 1048576K
}

