# JRE version: OpenJDK Runtime Environment JBR-11.0.9.1.11-1145.77-jcef (11.0.9.1+11) (build 11.0.9.1+11-b1145.77)
# Java VM: OpenJDK 64-Bit Server VM JBR-11.0.9.1.11-1145.77-jcef (11.0.9.1+11-b1145.77, mixed mode, tiered, compressed oops, g1 gc, windows-amd64)
Heap:
 garbage-first heap   total 256000K, used 66959K [0x00000006c6600000, 0x00000007c0000000)
  region size 1024K, 60 young (61440K), 5 survivors (5120K)
 Metaspace       used 37918K, capacity 39203K, committed 39504K, reserved 1083392K
  class space    used 4285K, capacity 4770K, committed 4864K, reserved 1048576K
GC Heap History (12 events):
Event: 0.899 GC heap before
{Heap before GC invocations=0 (full 0):
 garbage-first heap   total 256000K, used 23552K [0x00000006c6600000, 0x00000007c0000000)
  region size 1024K, 24 young (24576K), 0 survivors (0K)
 Metaspace       used 12670K, capacity 12997K, committed 13184K, reserved 1060864K
  class space    used 1244K, capacity 1376K, committed 1408K, reserved 1048576K
}
Event: 0.903 GC heap after
{Heap after GC invocations=1 (full 0):
 garbage-first heap   total 256000K, used 4609K [0x00000006c6600000, 0x00000007c0000000)
  region size 1024K, 3 young (3072K), 3 survivors (3072K)
 Metaspace       used 12670K, capacity 12997K, committed 13184K, reserved 1060864K
  class space    used 1244K, capacity 1376K, committed 1408K, reserved 1048576K
}
Event: 1.602 GC heap before
{Heap before GC invocations=1 (full 0):
 garbage-first heap   total 256000K, used 43521K [0x00000006c6600000, 0x00000007c0000000)
  region size 1024K, 41 young (41984K), 3 survivors (3072K)
 Metaspace       used 20494K, capacity 21189K, committed 21296K, reserved 1069056K
  class space    used 2126K, capacity 2395K, committed 2432K, reserved 1048576K
}
Event: 1.607 GC heap after
{Heap after GC invocations=2 (full 0):
 garbage-first heap   total 256000K, used 7238K [0x00000006c6600000, 0x00000007c0000000)
  region size 1024K, 6 young (6144K), 6 survivors (6144K)
 Metaspace       used 20494K, capacity 21189K, committed 21296K, reserved 1069056K
  class space    used 2126K, capacity 2395K, committed 2432K, reserved 1048576K
}
Event: 2.298 GC heap before
{Heap before GC invocations=3 (full 0):
 garbage-first heap   total 256000K, used 54342K [0x00000006c6600000, 0x00000007c0000000)
  region size 1024K, 52 young (53248K), 6 survivors (6144K)
 Metaspace       used 31436K, capacity 32527K, committed 32816K, reserved 1079296K
  class space    used 3498K, capacity 3904K, committed 3968K, reserved 1048576K
}
Event: 2.303 GC heap after
{Heap after GC invocations=4 (full 0):
 garbage-first heap   total 256000K, used 9528K [0x00000006c6600000, 0x00000007c0000000)
  region size 1024K, 5 young (5120K), 5 survivors (5120K)
 Metaspace       used 31436K, capacity 32527K, committed 32816K, reserved 1079296K
  class space    used 3498K, capacity 3904K, committed 3968K, reserved 1048576K
}
Event: 2.627 GC heap before
{Heap before GC invocations=4 (full 0):
 garbage-first heap   total 256000K, used 21816K [0x00000006c6600000, 0x00000007c0000000)
  region size 1024K, 18 young (18432K), 5 survivors (5120K)
 Metaspace       used 34655K, capacity 35814K, committed 35920K, reserved 1081344K
  class space    used 3890K, capacity 4323K, committed 4352K, reserved 1048576K
}
Event: 2.632 GC heap after
{Heap after GC invocations=5 (full 0):
 garbage-first heap   total 256000K, used 10665K [0x00000006c6600000, 0x00000007c0000000)
  region size 1024K, 6 young (6144K), 6 survivors (6144K)
 Metaspace       used 34655K, capacity 35814K, committed 35920K, reserved 1081344K
  class space    used 3890K, capacity 4323K, committed 4352K, reserved 1048576K
}
Event: 2.893 GC heap before
{Heap before GC invocations=6 (full 0):
 garbage-first heap   total 256000K, used 78249K [0x00000006c6600000, 0x00000007c0000000)
  region size 1024K, 73 young (74752K), 6 survivors (6144K)
 Metaspace       used 35938K, capacity 37086K, committed 37456K, reserved 1083392K
  class space    used 4055K, capacity 4489K, committed 4608K, reserved 1048576K
}
Event: 2.898 GC heap after
{Heap after GC invocations=7 (full 0):
 garbage-first heap   total 256000K, used 11156K [0x00000006c6600000, 0x00000007c0000000)
  region size 1024K, 5 young (5120K), 5 survivors (5120K)
 Metaspace       used 35938K, capacity 37086K, committed 37456K, reserved 1083392K
  class space    used 4055K, capacity 4489K, committed 4608K, reserved 1048576K
}
Event: 3.276 GC heap before
{Heap before GC invocations=7 (full 0):
 garbage-first heap   total 256000K, used 116628K [0x00000006c6600000, 0x00000007c0000000)
  region size 1024K, 108 young (110592K), 5 survivors (5120K)
 Metaspace       used 37596K, capacity 38836K, committed 38864K, reserved 1083392K
  class space    used 4273K, capacity 4733K, committed 4736K, reserved 1048576K
}
Event: 3.279 GC heap after
{Heap after GC invocations=8 (full 0):
 garbage-first heap   total 256000K, used 11663K [0x00000006c6600000, 0x00000007c0000000)
  region size 1024K, 5 young (5120K), 5 survivors (5120K)
 Metaspace       used 37596K, capacity 38836K, committed 38864K, reserved 1083392K
  class space    used 4273K, capacity 4733K, committed 4736K, reserved 1048576K
}

