<?xml version="1.0" encoding="UTF-8"?>
<!-- Generated by org.testng.reporters.JUnitReportReporter -->
<testsuite hostname="runnervmnay03" failures="0" tests="13" name="com.azure.cosmos.CosmosClientBuilderTest" time="3.418" errors="0" timestamp="2026-02-25T23:51:28 UTC" skipped="1">
  <testcase classname="com.azure.cosmos.CosmosClientBuilderTest" name="validateReadConsistencyStrategyBlockedInGatewayModeSyncClient" time="0.001"/>
  <system-out/>
  <testcase classname="com.azure.cosmos.CosmosClientBuilderTest" name="validateReadConsistencyStrategyBlockedInGatewayModeSyncClient" time="0.001"/>
  <system-out/>
  <testcase classname="com.azure.cosmos.CosmosClientBuilderTest" name="validateReadConsistencyStrategyBlockedInGatewayModeSyncClient" time="0.000"/>
  <system-out/>
  <testcase classname="com.azure.cosmos.CosmosClientBuilderTest" name="validateBadPreferredRegions1" time="0.623"/>
  <system-out/>
  <testcase classname="com.azure.cosmos.CosmosClientBuilderTest" name="validateReadConsistencyStrategyBlockedInGatewayMode" time="0.002"/>
  <system-out/>
  <testcase classname="com.azure.cosmos.CosmosClientBuilderTest" name="validateBadPreferredRegions2" time="0.001"/>
  <system-out/>
  <testcase classname="com.azure.cosmos.CosmosClientBuilderTest" name="validateReadConsistencyStrategyNullAllowedInGatewayMode" time="1.024"/>
  <system-out/>
  <testcase classname="com.azure.cosmos.CosmosClientBuilderTest" name="validateReadConsistencyStrategyBlockedInGatewayModeSyncClient" time="0.000"/>
  <system-out/>
  <testcase classname="com.azure.cosmos.CosmosClientBuilderTest" name="validateReadConsistencyStrategyBlockedInGatewayMode" time="0.000"/>
  <system-out/>
  <testcase classname="com.azure.cosmos.CosmosClientBuilderTest" name="validateReadConsistencyStrategyDefaultAllowedInGatewayMode" time="1.764"/>
  <system-out/>
  <testcase classname="com.azure.cosmos.CosmosClientBuilderTest" name="validateReadConsistencyStrategyBlockedInGatewayMode" time="0.001"/>
  <system-out/>
  <testcase classname="com.azure.cosmos.CosmosClientBuilderTest" name="validateReadConsistencyStrategyBlockedInGatewayMode" time="0.001"/>
  <system-out/>
  <testcase classname="com.azure.cosmos.CosmosClientBuilderTest" name="validateSessionTokenCapturingForAccountDefaultConsistencyWithEnvVariable">
    <skipped/>
  </testcase> <!-- validateSessionTokenCapturingForAccountDefaultConsistencyWithEnvVariable -->
  <system-out/>
</testsuite> <!-- com.azure.cosmos.CosmosClientBuilderTest -->
