<?xml version="1.0" encoding="UTF-8"?>
<!-- Generated by org.testng.reporters.JUnitXMLReporter -->
<testsuite ignored="0" hostname="runnervmnay03" failures="0" tests="30" name="Command line test" time="0.835" errors="0" timestamp="2026-02-25T23:52:17 UTC">
  <testcase classname="com.azure.cosmos.models.ReadConsistencyStrategyRequestOptionsTest" name="cosmosChangeFeedRequestOptionsSetGetReadConsistencyStrategy" time="0.451"/>
  <testcase classname="com.azure.cosmos.models.ReadConsistencyStrategyRequestOptionsTest" name="cosmosChangeFeedRequestOptionsSetGetReadConsistencyStrategy" time="0.0"/>
  <testcase classname="com.azure.cosmos.models.ReadConsistencyStrategyRequestOptionsTest" name="cosmosChangeFeedRequestOptionsSetGetReadConsistencyStrategy" time="0.0"/>
  <testcase classname="com.azure.cosmos.models.ReadConsistencyStrategyRequestOptionsTest" name="cosmosChangeFeedRequestOptionsSetGetReadConsistencyStrategy" time="0.0"/>
  <testcase classname="com.azure.cosmos.models.ReadConsistencyStrategyRequestOptionsTest" name="cosmosChangeFeedRequestOptionsSetGetReadConsistencyStrategy" time="0.0"/>
  <testcase classname="com.azure.cosmos.models.ReadConsistencyStrategyRequestOptionsTest" name="cosmosChangeFeedRequestOptionsSetNullReadConsistencyStrategy" time="0.0"/>
  <testcase classname="com.azure.cosmos.models.ReadConsistencyStrategyRequestOptionsTest" name="cosmosItemRequestOptionsSetGetReadConsistencyStrategy" time="0.0"/>
  <testcase classname="com.azure.cosmos.models.ReadConsistencyStrategyRequestOptionsTest" name="cosmosItemRequestOptionsSetGetReadConsistencyStrategy" time="0.0"/>
  <testcase classname="com.azure.cosmos.models.ReadConsistencyStrategyRequestOptionsTest" name="cosmosItemRequestOptionsSetGetReadConsistencyStrategy" time="0.0"/>
  <testcase classname="com.azure.cosmos.models.ReadConsistencyStrategyRequestOptionsTest" name="cosmosItemRequestOptionsSetGetReadConsistencyStrategy" time="0.0"/>
  <testcase classname="com.azure.cosmos.models.ReadConsistencyStrategyRequestOptionsTest" name="cosmosItemRequestOptionsSetGetReadConsistencyStrategy" time="0.0"/>
  <testcase classname="com.azure.cosmos.models.ReadConsistencyStrategyRequestOptionsTest" name="cosmosItemRequestOptionsSetNullReadConsistencyStrategy" time="0.0"/>
  <testcase classname="com.azure.cosmos.models.ReadConsistencyStrategyRequestOptionsTest" name="cosmosQueryRequestOptionsSetGetReadConsistencyStrategy" time="0.001"/>
  <testcase classname="com.azure.cosmos.models.ReadConsistencyStrategyRequestOptionsTest" name="cosmosQueryRequestOptionsSetGetReadConsistencyStrategy" time="0.0"/>
  <testcase classname="com.azure.cosmos.models.ReadConsistencyStrategyRequestOptionsTest" name="cosmosQueryRequestOptionsSetGetReadConsistencyStrategy" time="0.0"/>
  <testcase classname="com.azure.cosmos.models.ReadConsistencyStrategyRequestOptionsTest" name="cosmosQueryRequestOptionsSetGetReadConsistencyStrategy" time="0.001"/>
  <testcase classname="com.azure.cosmos.models.ReadConsistencyStrategyRequestOptionsTest" name="cosmosQueryRequestOptionsSetGetReadConsistencyStrategy" time="0.0"/>
  <testcase classname="com.azure.cosmos.models.ReadConsistencyStrategyRequestOptionsTest" name="cosmosQueryRequestOptionsSetNullReadConsistencyStrategy" time="0.0"/>
  <testcase classname="com.azure.cosmos.models.ReadConsistencyStrategyRequestOptionsTest" name="cosmosReadManyRequestOptionsSetGetReadConsistencyStrategy" time="0.001"/>
  <testcase classname="com.azure.cosmos.models.ReadConsistencyStrategyRequestOptionsTest" name="cosmosReadManyRequestOptionsSetGetReadConsistencyStrategy" time="0.0"/>
  <testcase classname="com.azure.cosmos.models.ReadConsistencyStrategyRequestOptionsTest" name="cosmosReadManyRequestOptionsSetGetReadConsistencyStrategy" time="0.0"/>
  <testcase classname="com.azure.cosmos.models.ReadConsistencyStrategyRequestOptionsTest" name="cosmosReadManyRequestOptionsSetGetReadConsistencyStrategy" time="0.0"/>
  <testcase classname="com.azure.cosmos.models.ReadConsistencyStrategyRequestOptionsTest" name="cosmosReadManyRequestOptionsSetGetReadConsistencyStrategy" time="0.0"/>
  <testcase classname="com.azure.cosmos.models.ReadConsistencyStrategyRequestOptionsTest" name="cosmosReadManyRequestOptionsSetNullReadConsistencyStrategy" time="0.0"/>
  <testcase classname="com.azure.cosmos.models.ReadConsistencyStrategyRequestOptionsTest" name="cosmosRequestOptionsSetGetReadConsistencyStrategy" time="0.0"/>
  <testcase classname="com.azure.cosmos.models.ReadConsistencyStrategyRequestOptionsTest" name="cosmosRequestOptionsSetGetReadConsistencyStrategy" time="0.0"/>
  <testcase classname="com.azure.cosmos.models.ReadConsistencyStrategyRequestOptionsTest" name="cosmosRequestOptionsSetGetReadConsistencyStrategy" time="0.0"/>
  <testcase classname="com.azure.cosmos.models.ReadConsistencyStrategyRequestOptionsTest" name="cosmosRequestOptionsSetGetReadConsistencyStrategy" time="0.0"/>
  <testcase classname="com.azure.cosmos.models.ReadConsistencyStrategyRequestOptionsTest" name="cosmosRequestOptionsSetGetReadConsistencyStrategy" time="0.0"/>
  <testcase classname="com.azure.cosmos.models.ReadConsistencyStrategyRequestOptionsTest" name="cosmosRequestOptionsSetNullReadConsistencyStrategy" time="0.001"/>
</testsuite> <!-- Command line test -->
