<?xml version="1.0" encoding="UTF-8"?>
<!-- Generated by org.testng.reporters.JUnitXMLReporter -->
<testsuite ignored="0" hostname="Annies-MacBook-Pro.local" failures="0" tests="10" name="Command line test" time="0.49" errors="0" timestamp="2026-05-29T09:31:35 PDT">
  <testcase classname="com.azure.cosmos.kafka.connect.implementation.sink.SinkRecordTransformerTest" name="allBadRecordsWithReporterToleranceAll_allReportedEmptyOutput" time="0.448"/>
  <testcase classname="com.azure.cosmos.kafka.connect.implementation.sink.SinkRecordTransformerTest" name="allValidRecords_allInOutput" time="0.001"/>
  <testcase classname="com.azure.cosmos.kafka.connect.implementation.sink.SinkRecordTransformerTest" name="mixedBatchToleranceAll_noReporter_badRecordSkipped" time="0.0"/>
  <testcase classname="com.azure.cosmos.kafka.connect.implementation.sink.SinkRecordTransformerTest" name="mixedBatchToleranceNone_noReporter_exceptionThrown" time="0.002"/>
  <testcase classname="com.azure.cosmos.kafka.connect.implementation.sink.SinkRecordTransformerTest" name="mixedBatchWithReporterToleranceAll_badRecordReportedValidRecordsInOutput" time="0.001"/>
  <testcase classname="com.azure.cosmos.kafka.connect.implementation.sink.SinkRecordTransformerTest" name="reporterThrows_toleranceAll_recordSkippedProcessingContinues" time="0.001"/>
  <testcase classname="com.azure.cosmos.kafka.connect.implementation.sink.SinkRecordTransformerTest" name="reporterThrows_toleranceNone_originalExceptionRethrown" time="0.001"/>
  <testcase classname="com.azure.cosmos.kafka.connect.implementation.sink.SinkRecordTransformerTest" name="structConversionFailure_toleranceAll_reportedToDlqAndSkipped" time="0.02"/>
  <testcase classname="com.azure.cosmos.kafka.connect.implementation.sink.SinkRecordTransformerTest" name="structConversionFailure_toleranceNone_exceptionThrown" time="0.001"/>
  <testcase classname="com.azure.cosmos.kafka.connect.implementation.sink.SinkRecordTransformerTest" name="toleranceNoneWithReporter_reportedToDlqAndExceptionThrown" time="0.001"/>
</testsuite> <!-- Command line test -->
