<?xml version="1.0" encoding="UTF-8"?>
<!-- Generated by org.testng.reporters.JUnitXMLReporter -->
<testsuite ignored="0" hostname="Jeet-Thinkpad" failures="5" tests="15" name="Command line test" time="27.916" errors="0" timestamp="2026-04-16T19:49:38 EDT">
  <testcase classname="com.azure.cosmos.implementation.ThinClientE2ETest" name="testThinClientBatch" time="4.739">
    <skipped/>
  </testcase> <!-- testThinClientBatch -->
  <testcase classname="com.azure.cosmos.implementation.ThinClientE2ETest" name="testThinClientBatch" time="1.276">
    <skipped/>
  </testcase> <!-- testThinClientBatch -->
  <testcase classname="com.azure.cosmos.implementation.ThinClientE2ETest" name="testThinClientBatch" time="1.212">
    <failure type="com.azure.cosmos.CosmosException" message="{&amp;quot;innerErrorMessage&amp;quot;:&amp;quot;Message: {\&amp;quot;Errors\&amp;quot;:[\&amp;quot;Resource Not Found. Learn more: https://aka.ms/cosmosdb-tsg-not-found\&amp;quot;]}\r\nActivityId: 829980cc-ad2a-48ea-bae7-3d58a3851643, Request URI: /apps/e5edab09-e651-4b3c-a603-1230655f3d07/services/4b24e143-71b7-47e6-91ee-08e7b832ec07/partitions/b66d394c-e21e-4313-8c8d-d26074fbeec7/replicas/134185142045977687s, RequestStats: , SDK: Microsoft.Azure.Documents.Common/2.14.0, StatusCode: NotFound&amp;quot;,&amp;quot;cosmosDiagnostics&amp;quot;:{&amp;quot;userAgent&amp;quot;:&amp;quot;azsdk-java-cosmos/4.80.0-beta.1 Windows11/10.0 JRE/18.0.2.1|F14&amp;quot;,&amp;quot;activityId&amp;quot;:&amp;quot;829980cc-ad2a-48ea-bae7-3d58a3851643&amp;quot;,&amp;quot;requestLatencyInMs&amp;quot;:654,&amp;quot;requestStartTimeUTC&amp;quot;:&amp;quot;2026-04-16T23:49:17.401352Z&amp;quot;,&amp;quot;requestEndTimeUTC&amp;quot;:&amp;quot;2026-04-16T23:49:18.055532700Z&amp;quot;,&amp;quot;responseStatisticsList&amp;quot;:[],&amp;quot;supplementalResponseStatisticsList&amp;quot;:[],&amp;quot;addressResolutionStatistics&amp;quot;:{},&amp;quot;regionsContacted&amp;quot;:[&amp;quot;north europe&amp;quot;],&amp;quot;retryContext&amp;quot;:{&amp;quot;statusAndSubStatusCodes&amp;quot;:null,&amp;quot;retryCount&amp;quot;:0,&amp;quot;retryLatency&amp;quot;:0},&amp;quot;metadataDiagnosticsContext&amp;quot;:{&amp;quot;metadataDiagnosticList&amp;quot;:null,&amp;quot;empty&amp;quot;:true},&amp;quot;serializationDiagnosticsContext&amp;quot;:{&amp;quot;serializationDiagnosticsList&amp;quot;:null},&amp;quot;gatewayStatisticsList&amp;quot;:[{&amp;quot;sessionToken&amp;quot;:&amp;quot;0:-1#99&amp;quot;,&amp;quot;operationType&amp;quot;:&amp;quot;Read&amp;quot;,&amp;quot;resourceType&amp;quot;:&amp;quot;DocumentCollection&amp;quot;,&amp;quot;statusCode&amp;quot;:404,&amp;quot;subStatusCode&amp;quot;:0,&amp;quot;requestCharge&amp;quot;:2.0,&amp;quot;requestTimeline&amp;quot;:[{&amp;quot;eventName&amp;quot;:&amp;quot;connectionCreated&amp;quot;,&amp;quot;startTimeUTC&amp;quot;:&amp;quot;2026-04-16T23:49:17.402352600Z&amp;quot;,&amp;quot;durationInMilliSecs&amp;quot;:503.8345},{&amp;quot;eventName&amp;quot;:&amp;quot;connectionConfigured&amp;quot;,&amp;quot;startTimeUTC&amp;quot;:&amp;quot;2026-04-16T23:49:17.906187100Z&amp;quot;,&amp;quot;durationInMilliSecs&amp;quot;:0.0},{&amp;quot;eventName&amp;quot;:&amp;quot;requestSent&amp;quot;,&amp;quot;startTimeUTC&amp;quot;:&amp;quot;2026-04-16T23:49:17.906187100Z&amp;quot;,&amp;quot;durationInMilliSecs&amp;quot;:2.0078},{&amp;quot;eventName&amp;quot;:&amp;quot;transitTime&amp;quot;,&amp;quot;startTimeUTC&amp;quot;:&amp;quot;2026-04-16T23:49:17.908194900Z&amp;quot;,&amp;quot;durationInMilliSecs&amp;quot;:145.2276},{&amp;quot;eventName&amp;quot;:&amp;quot;received&amp;quot;,&amp;quot;startTimeUTC&amp;quot;:&amp;quot;2026-04-16T23:49:18.053422500Z&amp;quot;,&amp;quot;durationInMilliSecs&amp;quot;:1.0575}],&amp;quot;partitionKeyRangeId&amp;quot;:null,&amp;quot;responsePayloadSizeInBytes&amp;quot;:0,&amp;quot;httpNetworkResponseTimeout&amp;quot;:&amp;quot;PT1M&amp;quot;,&amp;quot;exceptionMessage&amp;quot;:&amp;quot;Message: {\&amp;quot;Errors\&amp;quot;:[\&amp;quot;Resource Not Found. Learn more: https://aka.ms/cosmosdb-tsg-not-found\&amp;quot;]}\r\nActivityId: 829980cc-ad2a-48ea-bae7-3d58a3851643, Request URI: /apps/e5edab09-e651-4b3c-a603-1230655f3d07/services/4b24e143-71b7-47e6-91ee-08e7b832ec07/partitions/b66d394c-e21e-4313-8c8d-d26074fbeec7/replicas/134185142045977687s, RequestStats: , SDK: Microsoft.Azure.Documents.Common/2.14.0, StatusCode: NotFound&amp;quot;,&amp;quot;exceptionResponseHeaders&amp;quot;:&amp;quot;{date=Thu, 16 Apr 2026 23:49:18 GMT, server=Microsoft-HTTPAPI/2.0, content-length=423, x-ms-last-state-change-utc=Wed, 01 Apr 2026 06:40:07.166 GMT, x-ms-request-duration-ms=22.679, x-ms-session-token=0:-1#99, lsn=99, x-ms-request-charge=2, x-ms-schemaversion=1.21, x-ms-transport-request-id=280858, x-ms-number-of-read-regions=0, x-ms-cosmos-internal-partition-id=b66d394c-e21e-4313-8c8d-d26074fbeec7, x-ms-activity-id=829980cc-ad2a-48ea-bae7-3d58a3851643, strict-transport-security=max-age=31536000, x-http2-stream-id=3, x-ms-xp-role=2, x-ms-global-committed-lsn=99, x-ms-cosmos-llsn=99, x-ms-gatewayversion=version=2.14.0, content-location=https://swkrish-session-northeurope.documents-test.windows-int.net/dbs/db1/colls/c2, content-type=application/json, x-ms-serviceversion=version=2.14.0.0}&amp;quot;,&amp;quot;endpoint&amp;quot;:&amp;quot;https://swkrish-session-northeurope.documents-test.windows-int.net:443/dbs/db1/colls/c2&amp;quot;,&amp;quot;isHubRegionProcessingOnly&amp;quot;:&amp;quot;false&amp;quot;,&amp;quot;perPartitionCircuitBreakerInfoHolder&amp;quot;:{&amp;quot;perPartitionCircuitBreakerInfoHolder&amp;quot;:null},&amp;quot;perPartitionAutomaticFailoverInfoHolder&amp;quot;:null,&amp;quot;channelId&amp;quot;:&amp;quot;6ea9093d/1&amp;quot;,&amp;quot;parentChannelId&amp;quot;:&amp;quot;6ea9093d&amp;quot;,&amp;quot;isHttp2&amp;quot;:true}],&amp;quot;samplingRateSnapshot&amp;quot;:1.0,&amp;quot;bloomFilterInsertionCountSnapshot&amp;quot;:0,&amp;quot;systemInformation&amp;quot;:{&amp;quot;usedMemory&amp;quot;:&amp;quot;46716 KB&amp;quot;,&amp;quot;availableMemory&amp;quot;:&amp;quot;12462468 KB&amp;quot;,&amp;quot;systemCpuLoad&amp;quot;:&amp;quot;empty&amp;quot;,&amp;quot;availableProcessors&amp;quot;:8},&amp;quot;clientCfgs&amp;quot;:{&amp;quot;id&amp;quot;:3,&amp;quot;machineId&amp;quot;:&amp;quot;uuid:b3cdf150-3cda-4ac2-8395-00b4b1473609&amp;quot;,&amp;quot;connectionMode&amp;quot;:&amp;quot;GATEWAY&amp;quot;,&amp;quot;numberOfClients&amp;quot;:0,&amp;quot;isPpafEnabled&amp;quot;:&amp;quot;false&amp;quot;,&amp;quot;isFalseProgSessionTokenMergeEnabled&amp;quot;:&amp;quot;true&amp;quot;,&amp;quot;excrgns&amp;quot;:&amp;quot;[]&amp;quot;,&amp;quot;clientEndpoints&amp;quot;:{&amp;quot;https://swkrish-session.documents-test.windows-int.net:443/&amp;quot;:15},&amp;quot;connCfg&amp;quot;:{&amp;quot;rntbd&amp;quot;:null,&amp;quot;gw&amp;quot;:&amp;quot;(cps:1000, nrto:PT1M, icto:PT1M, cto:PT45S, gwV2Cto:PT5S, p:false, http2:(enabled:true, maxc:1000, minc:8, maxs:30))&amp;quot;,&amp;quot;other&amp;quot;:&amp;quot;(ed: true, cs: false, rv: true)&amp;quot;},&amp;quot;consistencyCfg&amp;quot;:&amp;quot;(consistency: Session, readConsistencyStrategy: null,  mm: true, prgns: [])&amp;quot;,&amp;quot;proactiveInitCfg&amp;quot;:&amp;quot;&amp;quot;,&amp;quot;e2ePolicyCfg&amp;quot;:&amp;quot;&amp;quot;,&amp;quot;sessionRetryCfg&amp;quot;:&amp;quot;&amp;quot;}}}">
      <![CDATA[{"ClassName":"CosmosException","userAgent":"azsdk-java-cosmos/4.80.0-beta.1 Windows11/10.0 JRE/18.0.2.1","statusCode":404,"resourceAddress":"https://swkrish-session-northeurope.documents-test.windows-int.net:443/dbs/db1/colls/c2","error":"{\"code\":\"NotFound\",\"message\":\"Message: {\\\"Errors\\\":[\\\"Resource Not Found. Learn more: https://aka.ms/cosmosdb-tsg-not-found\\\"]}\\r\\nActivityId: 829980cc-ad2a-48ea-bae7-3d58a3851643, Request URI: /apps/e5edab09-e651-4b3c-a603-1230655f3d07/services/4b24e143-71b7-47e6-91ee-08e7b832ec07/partitions/b66d394c-e21e-4313-8c8d-d26074fbeec7/replicas/134185142045977687s, RequestStats: , SDK: Microsoft.Azure.Documents.Common/2.14.0, StatusCode: NotFound\",\"additionalErrorInfo\":null}","innerErrorMessage":"Message: {\"Errors\":[\"Resource Not Found. Learn more: https://aka.ms/cosmosdb-tsg-not-found\"]}\r\nActivityId: 829980cc-ad2a-48ea-bae7-3d58a3851643, Request URI: /apps/e5edab09-e651-4b3c-a603-1230655f3d07/services/4b24e143-71b7-47e6-91ee-08e7b832ec07/partitions/b66d394c-e21e-4313-8c8d-d26074fbeec7/replicas/134185142045977687s, RequestStats: , SDK: Microsoft.Azure.Documents.Common/2.14.0, StatusCode: NotFound","causeInfo":null,"responseHeaders":"{date=Thu, 16 Apr 2026 23:49:18 GMT, server=Microsoft-HTTPAPI/2.0, content-length=423, x-ms-last-state-change-utc=Wed, 01 Apr 2026 06:40:07.166 GMT, x-ms-request-duration-ms=22.679, x-ms-session-token=0:-1#99, lsn=99, x-ms-request-charge=2, x-ms-schemaversion=1.21, x-ms-transport-request-id=280858, x-ms-number-of-read-regions=0, x-ms-cosmos-internal-partition-id=b66d394c-e21e-4313-8c8d-d26074fbeec7, x-ms-activity-id=829980cc-ad2a-48ea-bae7-3d58a3851643, strict-transport-security=max-age=31536000, x-http2-stream-id=3, x-ms-xp-role=2, x-ms-global-committed-lsn=99, x-ms-cosmos-llsn=99, x-ms-gatewayversion=version=2.14.0, content-location=https://swkrish-session-northeurope.documents-test.windows-int.net/dbs/db1/colls/c2, content-type=application/json, x-ms-serviceversion=version=2.14.0.0, x-ms-substatus=1003}","requestHeaders":"[x-ms-date=Thu, 16 Apr 2026 23:49:17 GMT]","cosmosDiagnostics":{"userAgent":"azsdk-java-cosmos/4.80.0-beta.1 Windows11/10.0 JRE/18.0.2.1|F14","activityId":"829980cc-ad2a-48ea-bae7-3d58a3851643","requestLatencyInMs":654,"requestStartTimeUTC":"2026-04-16T23:49:17.401352Z","requestEndTimeUTC":"2026-04-16T23:49:18.055532700Z","responseStatisticsList":[],"supplementalResponseStatisticsList":[],"addressResolutionStatistics":{},"regionsContacted":["north europe"],"retryContext":{"statusAndSubStatusCodes":null,"retryCount":0,"retryLatency":0},"metadataDiagnosticsContext":{"metadataDiagnosticList":null,"empty":true},"serializationDiagnosticsContext":{"serializationDiagnosticsList":null},"gatewayStatisticsList":[{"sessionToken":"0:-1#99","operationType":"Read","resourceType":"DocumentCollection","statusCode":404,"subStatusCode":0,"requestCharge":2.0,"requestTimeline":[{"eventName":"connectionCreated","startTimeUTC":"2026-04-16T23:49:17.402352600Z","durationInMilliSecs":503.8345},{"eventName":"connectionConfigured","startTimeUTC":"2026-04-16T23:49:17.906187100Z","durationInMilliSecs":0.0},{"eventName":"requestSent","startTimeUTC":"2026-04-16T23:49:17.906187100Z","durationInMilliSecs":2.0078},{"eventName":"transitTime","startTimeUTC":"2026-04-16T23:49:17.908194900Z","durationInMilliSecs":145.2276},{"eventName":"received","startTimeUTC":"2026-04-16T23:49:18.053422500Z","durationInMilliSecs":1.0575}],"partitionKeyRangeId":null,"responsePayloadSizeInBytes":0,"httpNetworkResponseTimeout":"PT1M","exceptionMessage":"Message: {\"Errors\":[\"Resource Not Found. Learn more: https://aka.ms/cosmosdb-tsg-not-found\"]}\r\nActivityId: 829980cc-ad2a-48ea-bae7-3d58a3851643, Request URI: /apps/e5edab09-e651-4b3c-a603-1230655f3d07/services/4b24e143-71b7-47e6-91ee-08e7b832ec07/partitions/b66d394c-e21e-4313-8c8d-d26074fbeec7/replicas/134185142045977687s, RequestStats: , SDK: Microsoft.Azure.Documents.Common/2.14.0, StatusCode: NotFound","exceptionResponseHeaders":"{date=Thu, 16 Apr 2026 23:49:18 GMT, server=Microsoft-HTTPAPI/2.0, content-length=423, x-ms-last-state-change-utc=Wed, 01 Apr 2026 06:40:07.166 GMT, x-ms-request-duration-ms=22.679, x-ms-session-token=0:-1#99, lsn=99, x-ms-request-charge=2, x-ms-schemaversion=1.21, x-ms-transport-request-id=280858, x-ms-number-of-read-regions=0, x-ms-cosmos-internal-partition-id=b66d394c-e21e-4313-8c8d-d26074fbeec7, x-ms-activity-id=829980cc-ad2a-48ea-bae7-3d58a3851643, strict-transport-security=max-age=31536000, x-http2-stream-id=3, x-ms-xp-role=2, x-ms-global-committed-lsn=99, x-ms-cosmos-llsn=99, x-ms-gatewayversion=version=2.14.0, content-location=https://swkrish-session-northeurope.documents-test.windows-int.net/dbs/db1/colls/c2, content-type=application/json, x-ms-serviceversion=version=2.14.0.0}","endpoint":"https://swkrish-session-northeurope.documents-test.windows-int.net:443/dbs/db1/colls/c2","isHubRegionProcessingOnly":"false","perPartitionCircuitBreakerInfoHolder":{"perPartitionCircuitBreakerInfoHolder":null},"perPartitionAutomaticFailoverInfoHolder":null,"channelId":"6ea9093d/1","parentChannelId":"6ea9093d","isHttp2":true}],"samplingRateSnapshot":1.0,"bloomFilterInsertionCountSnapshot":0,"systemInformation":{"usedMemory":"46716 KB","availableMemory":"12462468 KB","systemCpuLoad":"empty","availableProcessors":8},"clientCfgs":{"id":3,"machineId":"uuid:b3cdf150-3cda-4ac2-8395-00b4b1473609","connectionMode":"GATEWAY","numberOfClients":0,"isPpafEnabled":"false","isFalseProgSessionTokenMergeEnabled":"true","excrgns":"[]","clientEndpoints":{"https://swkrish-session.documents-test.windows-int.net:443/":15},"connCfg":{"rntbd":null,"gw":"(cps:1000, nrto:PT1M, icto:PT1M, cto:PT45S, gwV2Cto:PT5S, p:false, http2:(enabled:true, maxc:1000, minc:8, maxs:30))","other":"(ed: true, cs: false, rv: true)"},"consistencyCfg":"(consistency: Session, readConsistencyStrategy: null,  mm: true, prgns: [])","proactiveInitCfg":"","e2ePolicyCfg":"","sessionRetryCfg":""}}}
at com.azure.cosmos.BridgeInternal.createCosmosException(BridgeInternal.java:425)
at com.azure.cosmos.implementation.RxGatewayStoreModel.validateOrThrow(RxGatewayStoreModel.java:779)
at com.azure.cosmos.implementation.RxGatewayStoreModel.unwrapToStoreResponse(RxGatewayStoreModel.java:233)
at com.azure.cosmos.implementation.RxGatewayStoreModel.lambda$toDocumentServiceResponse$4(RxGatewayStoreModel.java:565)
at reactor.core.publisher.FluxMap$MapConditionalSubscriber.onNext(FluxMap.java:208)
at reactor.core.publisher.MonoPublishOn$PublishOnSubscriber.run(MonoPublishOn.java:181)
at reactor.core.scheduler.SchedulerTask.call(SchedulerTask.java:68)
at reactor.core.scheduler.SchedulerTask.call(SchedulerTask.java:28)
at java.base/java.util.concurrent.FutureTask.run(FutureTask.java:264)
at java.base/java.util.concurrent.ScheduledThreadPoolExecutor$ScheduledFutureTask.run(ScheduledThreadPoolExecutor.java:304)
at java.base/java.util.concurrent.ThreadPoolExecutor.runWorker(ThreadPoolExecutor.java:1136)
at java.base/java.util.concurrent.ThreadPoolExecutor$Worker.run(ThreadPoolExecutor.java:635)
at java.base/java.lang.Thread.run(Thread.java:833)
Suppressed: java.lang.Exception: #block terminated with an error
at reactor.core.publisher.BlockingSingleSubscriber.blockingGet(BlockingSingleSubscriber.java:104)
at reactor.core.publisher.Mono.block(Mono.java:1779)
at com.azure.cosmos.implementation.ThinClientE2ETest.testThinClientBatch(ThinClientE2ETest.java:176)
at java.base/jdk.internal.reflect.DirectMethodHandleAccessor.invoke(DirectMethodHandleAccessor.java:104)
at java.base/java.lang.reflect.Method.invoke(Method.java:577)
at org.testng.internal.invokers.MethodInvocationHelper.invokeMethod(MethodInvocationHelper.java:136)
at org.testng.internal.invokers.TestInvoker.invokeMethod(TestInvoker.java:658)
at org.testng.internal.invokers.TestInvoker.retryFailed(TestInvoker.java:261)
at org.testng.internal.invokers.MethodRunner.runInSequence(MethodRunner.java:62)
at org.testng.internal.invokers.TestInvoker$MethodInvocationAgent.invoke(TestInvoker.java:923)
at org.testng.internal.invokers.TestInvoker.invokeTestMethods(TestInvoker.java:192)
at org.testng.internal.invokers.TestMethodWorker.invokeTestMethods(TestMethodWorker.java:146)
at org.testng.internal.invokers.TestMethodWorker.run(TestMethodWorker.java:128)
at java.base/java.util.ArrayList.forEach(ArrayList.java:1511)
at org.testng.TestRunner.privateRun(TestRunner.java:808)
at org.testng.TestRunner.run(TestRunner.java:603)
at org.testng.SuiteRunner.runTest(SuiteRunner.java:429)
at org.testng.SuiteRunner.runSequentially(SuiteRunner.java:423)
at org.testng.SuiteRunner.privateRun(SuiteRunner.java:383)
at org.testng.SuiteRunner.run(SuiteRunner.java:326)
at org.testng.SuiteRunnerWorker.runSuite(SuiteRunnerWorker.java:52)
at org.testng.SuiteRunnerWorker.run(SuiteRunnerWorker.java:95)
at org.testng.TestNG.runSuitesSequentially(TestNG.java:1249)
at org.testng.TestNG.runSuitesLocally(TestNG.java:1169)
at org.testng.TestNG.runSuites(TestNG.java:1092)
at org.testng.TestNG.run(TestNG.java:1060)
at org.testng.TestNG.privateMain(TestNG.java:1403)
at org.testng.TestNG.main(TestNG.java:1367)
]]>
    </failure>
  </testcase> <!-- testThinClientBatch -->
  <testcase classname="com.azure.cosmos.implementation.ThinClientE2ETest" name="testThinClientBulk" time="1.191">
    <skipped/>
  </testcase> <!-- testThinClientBulk -->
  <testcase classname="com.azure.cosmos.implementation.ThinClientE2ETest" name="testThinClientBulk" time="1.345">
    <skipped/>
  </testcase> <!-- testThinClientBulk -->
  <testcase classname="com.azure.cosmos.implementation.ThinClientE2ETest" name="testThinClientBulk" time="1.263">
    <failure type="com.azure.cosmos.CosmosException" message="{&amp;quot;innerErrorMessage&amp;quot;:&amp;quot;Message: {\&amp;quot;Errors\&amp;quot;:[\&amp;quot;Resource Not Found. Learn more: https://aka.ms/cosmosdb-tsg-not-found\&amp;quot;]}\r\nActivityId: 51d4652f-ed2f-434e-8398-9e139ac71c0e, Request URI: /apps/e5edab09-e651-4b3c-a603-1230655f3d07/services/4b24e143-71b7-47e6-91ee-08e7b832ec07/partitions/b66d394c-e21e-4313-8c8d-d26074fbeec7/replicas/134185142045977688s, RequestStats: , SDK: Microsoft.Azure.Documents.Common/2.14.0, StatusCode: NotFound&amp;quot;,&amp;quot;cosmosDiagnostics&amp;quot;:{&amp;quot;userAgent&amp;quot;:&amp;quot;azsdk-java-cosmos/4.80.0-beta.1 Windows11/10.0 JRE/18.0.2.1|F14&amp;quot;,&amp;quot;activityId&amp;quot;:&amp;quot;51d4652f-ed2f-434e-8398-9e139ac71c0e&amp;quot;,&amp;quot;requestLatencyInMs&amp;quot;:624,&amp;quot;requestStartTimeUTC&amp;quot;:&amp;quot;2026-04-16T23:49:21.237582200Z&amp;quot;,&amp;quot;requestEndTimeUTC&amp;quot;:&amp;quot;2026-04-16T23:49:21.861678400Z&amp;quot;,&amp;quot;responseStatisticsList&amp;quot;:[],&amp;quot;supplementalResponseStatisticsList&amp;quot;:[],&amp;quot;addressResolutionStatistics&amp;quot;:{},&amp;quot;regionsContacted&amp;quot;:[&amp;quot;north europe&amp;quot;],&amp;quot;retryContext&amp;quot;:{&amp;quot;statusAndSubStatusCodes&amp;quot;:null,&amp;quot;retryCount&amp;quot;:0,&amp;quot;retryLatency&amp;quot;:0},&amp;quot;metadataDiagnosticsContext&amp;quot;:{&amp;quot;metadataDiagnosticList&amp;quot;:null,&amp;quot;empty&amp;quot;:true},&amp;quot;serializationDiagnosticsContext&amp;quot;:{&amp;quot;serializationDiagnosticsList&amp;quot;:null},&amp;quot;gatewayStatisticsList&amp;quot;:[{&amp;quot;sessionToken&amp;quot;:&amp;quot;0:-1#99&amp;quot;,&amp;quot;operationType&amp;quot;:&amp;quot;Read&amp;quot;,&amp;quot;resourceType&amp;quot;:&amp;quot;DocumentCollection&amp;quot;,&amp;quot;statusCode&amp;quot;:404,&amp;quot;subStatusCode&amp;quot;:0,&amp;quot;requestCharge&amp;quot;:2.0,&amp;quot;requestTimeline&amp;quot;:[{&amp;quot;eventName&amp;quot;:&amp;quot;connectionCreated&amp;quot;,&amp;quot;startTimeUTC&amp;quot;:&amp;quot;2026-04-16T23:49:21.237582200Z&amp;quot;,&amp;quot;durationInMilliSecs&amp;quot;:491.3054},{&amp;quot;eventName&amp;quot;:&amp;quot;connectionConfigured&amp;quot;,&amp;quot;startTimeUTC&amp;quot;:&amp;quot;2026-04-16T23:49:21.728887600Z&amp;quot;,&amp;quot;durationInMilliSecs&amp;quot;:0.0},{&amp;quot;eventName&amp;quot;:&amp;quot;requestSent&amp;quot;,&amp;quot;startTimeUTC&amp;quot;:&amp;quot;2026-04-16T23:49:21.728887600Z&amp;quot;,&amp;quot;durationInMilliSecs&amp;quot;:1.0075},{&amp;quot;eventName&amp;quot;:&amp;quot;transitTime&amp;quot;,&amp;quot;startTimeUTC&amp;quot;:&amp;quot;2026-04-16T23:49:21.729895100Z&amp;quot;,&amp;quot;durationInMilliSecs&amp;quot;:128.7777},{&amp;quot;eventName&amp;quot;:&amp;quot;received&amp;quot;,&amp;quot;startTimeUTC&amp;quot;:&amp;quot;2026-04-16T23:49:21.858672800Z&amp;quot;,&amp;quot;durationInMilliSecs&amp;quot;:2.0056}],&amp;quot;partitionKeyRangeId&amp;quot;:null,&amp;quot;responsePayloadSizeInBytes&amp;quot;:0,&amp;quot;httpNetworkResponseTimeout&amp;quot;:&amp;quot;PT1M&amp;quot;,&amp;quot;exceptionMessage&amp;quot;:&amp;quot;Message: {\&amp;quot;Errors\&amp;quot;:[\&amp;quot;Resource Not Found. Learn more: https://aka.ms/cosmosdb-tsg-not-found\&amp;quot;]}\r\nActivityId: 51d4652f-ed2f-434e-8398-9e139ac71c0e, Request URI: /apps/e5edab09-e651-4b3c-a603-1230655f3d07/services/4b24e143-71b7-47e6-91ee-08e7b832ec07/partitions/b66d394c-e21e-4313-8c8d-d26074fbeec7/replicas/134185142045977688s, RequestStats: , SDK: Microsoft.Azure.Documents.Common/2.14.0, StatusCode: NotFound&amp;quot;,&amp;quot;exceptionResponseHeaders&amp;quot;:&amp;quot;{date=Thu, 16 Apr 2026 23:49:22 GMT, server=Microsoft-HTTPAPI/2.0, content-length=423, x-ms-last-state-change-utc=Tue, 31 Mar 2026 23:45:26.872 GMT, x-ms-request-duration-ms=30.137, x-ms-session-token=0:-1#99, lsn=99, x-ms-request-charge=2, x-ms-schemaversion=1.21, x-ms-transport-request-id=240537, x-ms-number-of-read-regions=0, x-ms-cosmos-internal-partition-id=b66d394c-e21e-4313-8c8d-d26074fbeec7, x-ms-activity-id=51d4652f-ed2f-434e-8398-9e139ac71c0e, strict-transport-security=max-age=31536000, x-http2-stream-id=3, x-ms-xp-role=1, x-ms-global-committed-lsn=99, x-ms-cosmos-llsn=99, x-ms-gatewayversion=version=2.14.0, content-location=https://swkrish-session-northeurope.documents-test.windows-int.net/dbs/db1/colls/c2, content-type=application/json, x-ms-serviceversion=version=2.14.0.0}&amp;quot;,&amp;quot;endpoint&amp;quot;:&amp;quot;https://swkrish-session-northeurope.documents-test.windows-int.net:443/dbs/db1/colls/c2&amp;quot;,&amp;quot;isHubRegionProcessingOnly&amp;quot;:&amp;quot;false&amp;quot;,&amp;quot;perPartitionCircuitBreakerInfoHolder&amp;quot;:{&amp;quot;perPartitionCircuitBreakerInfoHolder&amp;quot;:null},&amp;quot;perPartitionAutomaticFailoverInfoHolder&amp;quot;:null,&amp;quot;channelId&amp;quot;:&amp;quot;6090a233/1&amp;quot;,&amp;quot;parentChannelId&amp;quot;:&amp;quot;6090a233&amp;quot;,&amp;quot;isHttp2&amp;quot;:true}],&amp;quot;samplingRateSnapshot&amp;quot;:1.0,&amp;quot;bloomFilterInsertionCountSnapshot&amp;quot;:0,&amp;quot;systemInformation&amp;quot;:{&amp;quot;usedMemory&amp;quot;:&amp;quot;46716 KB&amp;quot;,&amp;quot;availableMemory&amp;quot;:&amp;quot;12462468 KB&amp;quot;,&amp;quot;systemCpuLoad&amp;quot;:&amp;quot;empty&amp;quot;,&amp;quot;availableProcessors&amp;quot;:8},&amp;quot;clientCfgs&amp;quot;:{&amp;quot;id&amp;quot;:6,&amp;quot;machineId&amp;quot;:&amp;quot;uuid:b3cdf150-3cda-4ac2-8395-00b4b1473609&amp;quot;,&amp;quot;connectionMode&amp;quot;:&amp;quot;GATEWAY&amp;quot;,&amp;quot;numberOfClients&amp;quot;:0,&amp;quot;isPpafEnabled&amp;quot;:&amp;quot;false&amp;quot;,&amp;quot;isFalseProgSessionTokenMergeEnabled&amp;quot;:&amp;quot;true&amp;quot;,&amp;quot;excrgns&amp;quot;:&amp;quot;[]&amp;quot;,&amp;quot;clientEndpoints&amp;quot;:{&amp;quot;https://swkrish-session.documents-test.windows-int.net:443/&amp;quot;:15},&amp;quot;connCfg&amp;quot;:{&amp;quot;rntbd&amp;quot;:null,&amp;quot;gw&amp;quot;:&amp;quot;(cps:1000, nrto:PT1M, icto:PT1M, cto:PT45S, gwV2Cto:PT5S, p:false, http2:(enabled:true, maxc:1000, minc:8, maxs:30))&amp;quot;,&amp;quot;other&amp;quot;:&amp;quot;(ed: true, cs: false, rv: true)&amp;quot;},&amp;quot;consistencyCfg&amp;quot;:&amp;quot;(consistency: Eventual, readConsistencyStrategy: null,  mm: true, prgns: [])&amp;quot;,&amp;quot;proactiveInitCfg&amp;quot;:&amp;quot;&amp;quot;,&amp;quot;e2ePolicyCfg&amp;quot;:&amp;quot;&amp;quot;,&amp;quot;sessionRetryCfg&amp;quot;:&amp;quot;&amp;quot;}}}">
      <![CDATA[{"ClassName":"CosmosException","userAgent":"azsdk-java-cosmos/4.80.0-beta.1 Windows11/10.0 JRE/18.0.2.1","statusCode":404,"resourceAddress":"https://swkrish-session-northeurope.documents-test.windows-int.net:443/dbs/db1/colls/c2","error":"{\"code\":\"NotFound\",\"message\":\"Message: {\\\"Errors\\\":[\\\"Resource Not Found. Learn more: https://aka.ms/cosmosdb-tsg-not-found\\\"]}\\r\\nActivityId: 51d4652f-ed2f-434e-8398-9e139ac71c0e, Request URI: /apps/e5edab09-e651-4b3c-a603-1230655f3d07/services/4b24e143-71b7-47e6-91ee-08e7b832ec07/partitions/b66d394c-e21e-4313-8c8d-d26074fbeec7/replicas/134185142045977688s, RequestStats: , SDK: Microsoft.Azure.Documents.Common/2.14.0, StatusCode: NotFound\",\"additionalErrorInfo\":null}","innerErrorMessage":"Message: {\"Errors\":[\"Resource Not Found. Learn more: https://aka.ms/cosmosdb-tsg-not-found\"]}\r\nActivityId: 51d4652f-ed2f-434e-8398-9e139ac71c0e, Request URI: /apps/e5edab09-e651-4b3c-a603-1230655f3d07/services/4b24e143-71b7-47e6-91ee-08e7b832ec07/partitions/b66d394c-e21e-4313-8c8d-d26074fbeec7/replicas/134185142045977688s, RequestStats: , SDK: Microsoft.Azure.Documents.Common/2.14.0, StatusCode: NotFound","causeInfo":null,"responseHeaders":"{date=Thu, 16 Apr 2026 23:49:22 GMT, server=Microsoft-HTTPAPI/2.0, content-length=423, x-ms-last-state-change-utc=Tue, 31 Mar 2026 23:45:26.872 GMT, x-ms-request-duration-ms=30.137, x-ms-session-token=0:-1#99, lsn=99, x-ms-request-charge=2, x-ms-schemaversion=1.21, x-ms-transport-request-id=240537, x-ms-number-of-read-regions=0, x-ms-cosmos-internal-partition-id=b66d394c-e21e-4313-8c8d-d26074fbeec7, x-ms-activity-id=51d4652f-ed2f-434e-8398-9e139ac71c0e, strict-transport-security=max-age=31536000, x-http2-stream-id=3, x-ms-xp-role=1, x-ms-global-committed-lsn=99, x-ms-cosmos-llsn=99, x-ms-gatewayversion=version=2.14.0, content-location=https://swkrish-session-northeurope.documents-test.windows-int.net/dbs/db1/colls/c2, content-type=application/json, x-ms-serviceversion=version=2.14.0.0, x-ms-substatus=1003}","requestHeaders":"[x-ms-date=Thu, 16 Apr 2026 23:49:21 GMT]","cosmosDiagnostics":{"userAgent":"azsdk-java-cosmos/4.80.0-beta.1 Windows11/10.0 JRE/18.0.2.1|F14","activityId":"51d4652f-ed2f-434e-8398-9e139ac71c0e","requestLatencyInMs":624,"requestStartTimeUTC":"2026-04-16T23:49:21.237582200Z","requestEndTimeUTC":"2026-04-16T23:49:21.861678400Z","responseStatisticsList":[],"supplementalResponseStatisticsList":[],"addressResolutionStatistics":{},"regionsContacted":["north europe"],"retryContext":{"statusAndSubStatusCodes":null,"retryCount":0,"retryLatency":0},"metadataDiagnosticsContext":{"metadataDiagnosticList":null,"empty":true},"serializationDiagnosticsContext":{"serializationDiagnosticsList":null},"gatewayStatisticsList":[{"sessionToken":"0:-1#99","operationType":"Read","resourceType":"DocumentCollection","statusCode":404,"subStatusCode":0,"requestCharge":2.0,"requestTimeline":[{"eventName":"connectionCreated","startTimeUTC":"2026-04-16T23:49:21.237582200Z","durationInMilliSecs":491.3054},{"eventName":"connectionConfigured","startTimeUTC":"2026-04-16T23:49:21.728887600Z","durationInMilliSecs":0.0},{"eventName":"requestSent","startTimeUTC":"2026-04-16T23:49:21.728887600Z","durationInMilliSecs":1.0075},{"eventName":"transitTime","startTimeUTC":"2026-04-16T23:49:21.729895100Z","durationInMilliSecs":128.7777},{"eventName":"received","startTimeUTC":"2026-04-16T23:49:21.858672800Z","durationInMilliSecs":2.0056}],"partitionKeyRangeId":null,"responsePayloadSizeInBytes":0,"httpNetworkResponseTimeout":"PT1M","exceptionMessage":"Message: {\"Errors\":[\"Resource Not Found. Learn more: https://aka.ms/cosmosdb-tsg-not-found\"]}\r\nActivityId: 51d4652f-ed2f-434e-8398-9e139ac71c0e, Request URI: /apps/e5edab09-e651-4b3c-a603-1230655f3d07/services/4b24e143-71b7-47e6-91ee-08e7b832ec07/partitions/b66d394c-e21e-4313-8c8d-d26074fbeec7/replicas/134185142045977688s, RequestStats: , SDK: Microsoft.Azure.Documents.Common/2.14.0, StatusCode: NotFound","exceptionResponseHeaders":"{date=Thu, 16 Apr 2026 23:49:22 GMT, server=Microsoft-HTTPAPI/2.0, content-length=423, x-ms-last-state-change-utc=Tue, 31 Mar 2026 23:45:26.872 GMT, x-ms-request-duration-ms=30.137, x-ms-session-token=0:-1#99, lsn=99, x-ms-request-charge=2, x-ms-schemaversion=1.21, x-ms-transport-request-id=240537, x-ms-number-of-read-regions=0, x-ms-cosmos-internal-partition-id=b66d394c-e21e-4313-8c8d-d26074fbeec7, x-ms-activity-id=51d4652f-ed2f-434e-8398-9e139ac71c0e, strict-transport-security=max-age=31536000, x-http2-stream-id=3, x-ms-xp-role=1, x-ms-global-committed-lsn=99, x-ms-cosmos-llsn=99, x-ms-gatewayversion=version=2.14.0, content-location=https://swkrish-session-northeurope.documents-test.windows-int.net/dbs/db1/colls/c2, content-type=application/json, x-ms-serviceversion=version=2.14.0.0}","endpoint":"https://swkrish-session-northeurope.documents-test.windows-int.net:443/dbs/db1/colls/c2","isHubRegionProcessingOnly":"false","perPartitionCircuitBreakerInfoHolder":{"perPartitionCircuitBreakerInfoHolder":null},"perPartitionAutomaticFailoverInfoHolder":null,"channelId":"6090a233/1","parentChannelId":"6090a233","isHttp2":true}],"samplingRateSnapshot":1.0,"bloomFilterInsertionCountSnapshot":0,"systemInformation":{"usedMemory":"46716 KB","availableMemory":"12462468 KB","systemCpuLoad":"empty","availableProcessors":8},"clientCfgs":{"id":6,"machineId":"uuid:b3cdf150-3cda-4ac2-8395-00b4b1473609","connectionMode":"GATEWAY","numberOfClients":0,"isPpafEnabled":"false","isFalseProgSessionTokenMergeEnabled":"true","excrgns":"[]","clientEndpoints":{"https://swkrish-session.documents-test.windows-int.net:443/":15},"connCfg":{"rntbd":null,"gw":"(cps:1000, nrto:PT1M, icto:PT1M, cto:PT45S, gwV2Cto:PT5S, p:false, http2:(enabled:true, maxc:1000, minc:8, maxs:30))","other":"(ed: true, cs: false, rv: true)"},"consistencyCfg":"(consistency: Eventual, readConsistencyStrategy: null,  mm: true, prgns: [])","proactiveInitCfg":"","e2ePolicyCfg":"","sessionRetryCfg":""}}}
at com.azure.cosmos.BridgeInternal.createCosmosException(BridgeInternal.java:425)
at com.azure.cosmos.implementation.RxGatewayStoreModel.validateOrThrow(RxGatewayStoreModel.java:779)
at com.azure.cosmos.implementation.RxGatewayStoreModel.unwrapToStoreResponse(RxGatewayStoreModel.java:233)
at com.azure.cosmos.implementation.RxGatewayStoreModel.lambda$toDocumentServiceResponse$4(RxGatewayStoreModel.java:565)
at reactor.core.publisher.FluxMap$MapConditionalSubscriber.onNext(FluxMap.java:208)
at reactor.core.publisher.MonoPublishOn$PublishOnSubscriber.run(MonoPublishOn.java:181)
at reactor.core.scheduler.SchedulerTask.call(SchedulerTask.java:68)
at reactor.core.scheduler.SchedulerTask.call(SchedulerTask.java:28)
at java.base/java.util.concurrent.FutureTask.run(FutureTask.java:264)
at java.base/java.util.concurrent.ScheduledThreadPoolExecutor$ScheduledFutureTask.run(ScheduledThreadPoolExecutor.java:304)
at java.base/java.util.concurrent.ThreadPoolExecutor.runWorker(ThreadPoolExecutor.java:1136)
at java.base/java.util.concurrent.ThreadPoolExecutor$Worker.run(ThreadPoolExecutor.java:635)
at java.base/java.lang.Thread.run(Thread.java:833)
Suppressed: java.lang.Exception: #block terminated with an error
at reactor.core.publisher.BlockingSingleSubscriber.blockingGet(BlockingSingleSubscriber.java:104)
at reactor.core.publisher.Mono.block(Mono.java:1779)
at com.azure.cosmos.implementation.ThinClientE2ETest.testThinClientBulk(ThinClientE2ETest.java:126)
at java.base/jdk.internal.reflect.DirectMethodHandleAccessor.invoke(DirectMethodHandleAccessor.java:104)
at java.base/java.lang.reflect.Method.invoke(Method.java:577)
at org.testng.internal.invokers.MethodInvocationHelper.invokeMethod(MethodInvocationHelper.java:136)
at org.testng.internal.invokers.TestInvoker.invokeMethod(TestInvoker.java:658)
at org.testng.internal.invokers.TestInvoker.retryFailed(TestInvoker.java:261)
at org.testng.internal.invokers.MethodRunner.runInSequence(MethodRunner.java:62)
at org.testng.internal.invokers.TestInvoker$MethodInvocationAgent.invoke(TestInvoker.java:923)
at org.testng.internal.invokers.TestInvoker.invokeTestMethods(TestInvoker.java:192)
at org.testng.internal.invokers.TestMethodWorker.invokeTestMethods(TestMethodWorker.java:146)
at org.testng.internal.invokers.TestMethodWorker.run(TestMethodWorker.java:128)
at java.base/java.util.ArrayList.forEach(ArrayList.java:1511)
at org.testng.TestRunner.privateRun(TestRunner.java:808)
at org.testng.TestRunner.run(TestRunner.java:603)
at org.testng.SuiteRunner.runTest(SuiteRunner.java:429)
at org.testng.SuiteRunner.runSequentially(SuiteRunner.java:423)
at org.testng.SuiteRunner.privateRun(SuiteRunner.java:383)
at org.testng.SuiteRunner.run(SuiteRunner.java:326)
at org.testng.SuiteRunnerWorker.runSuite(SuiteRunnerWorker.java:52)
at org.testng.SuiteRunnerWorker.run(SuiteRunnerWorker.java:95)
at org.testng.TestNG.runSuitesSequentially(TestNG.java:1249)
at org.testng.TestNG.runSuitesLocally(TestNG.java:1169)
at org.testng.TestNG.runSuites(TestNG.java:1092)
at org.testng.TestNG.run(TestNG.java:1060)
at org.testng.TestNG.privateMain(TestNG.java:1403)
at org.testng.TestNG.main(TestNG.java:1367)
]]>
    </failure>
  </testcase> <!-- testThinClientBulk -->
  <testcase classname="com.azure.cosmos.implementation.ThinClientE2ETest" name="testThinClientDocumentPointOperations" time="2.889">
    <skipped/>
  </testcase> <!-- testThinClientDocumentPointOperations -->
  <testcase classname="com.azure.cosmos.implementation.ThinClientE2ETest" name="testThinClientDocumentPointOperations" time="2.638">
    <skipped/>
  </testcase> <!-- testThinClientDocumentPointOperations -->
  <testcase classname="com.azure.cosmos.implementation.ThinClientE2ETest" name="testThinClientDocumentPointOperations" time="2.607">
    <failure type="com.azure.cosmos.CosmosException" message="{&amp;quot;innerErrorMessage&amp;quot;:&amp;quot;Setting offer throughput or autopilot on container is not supported for serverless accounts.\r\nActivityId: 274de798-8a4f-4e3a-92bf-3f67f87435c9, Microsoft.Azure.Documents.Common/2.14.0, StatusCode: BadRequest&amp;quot;,&amp;quot;cosmosDiagnostics&amp;quot;:{&amp;quot;userAgent&amp;quot;:&amp;quot;azsdk-java-cosmos/4.80.0-beta.1 Windows11/10.0 JRE/18.0.2.1|F14&amp;quot;,&amp;quot;activityId&amp;quot;:&amp;quot;274de798-8a4f-4e3a-92bf-3f67f87435c9&amp;quot;,&amp;quot;requestLatencyInMs&amp;quot;:737,&amp;quot;requestStartTimeUTC&amp;quot;:&amp;quot;2026-04-16T23:49:29.264265200Z&amp;quot;,&amp;quot;requestEndTimeUTC&amp;quot;:&amp;quot;2026-04-16T23:49:30.001936400Z&amp;quot;,&amp;quot;responseStatisticsList&amp;quot;:[],&amp;quot;supplementalResponseStatisticsList&amp;quot;:[],&amp;quot;addressResolutionStatistics&amp;quot;:{},&amp;quot;regionsContacted&amp;quot;:[&amp;quot;north europe&amp;quot;],&amp;quot;retryContext&amp;quot;:{&amp;quot;statusAndSubStatusCodes&amp;quot;:null,&amp;quot;retryCount&amp;quot;:0,&amp;quot;retryLatency&amp;quot;:0},&amp;quot;metadataDiagnosticsContext&amp;quot;:{&amp;quot;metadataDiagnosticList&amp;quot;:null,&amp;quot;empty&amp;quot;:true},&amp;quot;serializationDiagnosticsContext&amp;quot;:{&amp;quot;serializationDiagnosticsList&amp;quot;:[{&amp;quot;serializationType&amp;quot;:&amp;quot;CONTAINER_SERIALIZATION&amp;quot;,&amp;quot;startTimeUTC&amp;quot;:&amp;quot;2026-04-16T23:49:29.264265200Z&amp;quot;,&amp;quot;endTimeUTC&amp;quot;:&amp;quot;2026-04-16T23:49:29.264265200Z&amp;quot;,&amp;quot;durationInMilliSecs&amp;quot;:0.0}]},&amp;quot;gatewayStatisticsList&amp;quot;:[{&amp;quot;sessionToken&amp;quot;:null,&amp;quot;operationType&amp;quot;:&amp;quot;Create&amp;quot;,&amp;quot;resourceType&amp;quot;:&amp;quot;DocumentCollection&amp;quot;,&amp;quot;statusCode&amp;quot;:400,&amp;quot;subStatusCode&amp;quot;:0,&amp;quot;requestCharge&amp;quot;:0.0,&amp;quot;requestTimeline&amp;quot;:[{&amp;quot;eventName&amp;quot;:&amp;quot;connectionCreated&amp;quot;,&amp;quot;startTimeUTC&amp;quot;:&amp;quot;2026-04-16T23:49:29.264265200Z&amp;quot;,&amp;quot;durationInMilliSecs&amp;quot;:527.3282},{&amp;quot;eventName&amp;quot;:&amp;quot;connectionConfigured&amp;quot;,&amp;quot;startTimeUTC&amp;quot;:&amp;quot;2026-04-16T23:49:29.791593400Z&amp;quot;,&amp;quot;durationInMilliSecs&amp;quot;:0.0},{&amp;quot;eventName&amp;quot;:&amp;quot;requestSent&amp;quot;,&amp;quot;startTimeUTC&amp;quot;:&amp;quot;2026-04-16T23:49:29.791593400Z&amp;quot;,&amp;quot;durationInMilliSecs&amp;quot;:2.0096},{&amp;quot;eventName&amp;quot;:&amp;quot;transitTime&amp;quot;,&amp;quot;startTimeUTC&amp;quot;:&amp;quot;2026-04-16T23:49:29.793603Z&amp;quot;,&amp;quot;durationInMilliSecs&amp;quot;:205.2918},{&amp;quot;eventName&amp;quot;:&amp;quot;received&amp;quot;,&amp;quot;startTimeUTC&amp;quot;:&amp;quot;2026-04-16T23:49:29.998894800Z&amp;quot;,&amp;quot;durationInMilliSecs&amp;quot;:1.0395}],&amp;quot;partitionKeyRangeId&amp;quot;:null,&amp;quot;responsePayloadSizeInBytes&amp;quot;:0,&amp;quot;httpNetworkResponseTimeout&amp;quot;:&amp;quot;PT1M&amp;quot;,&amp;quot;exceptionMessage&amp;quot;:&amp;quot;Setting offer throughput or autopilot on container is not supported for serverless accounts.\r\nActivityId: 274de798-8a4f-4e3a-92bf-3f67f87435c9, Microsoft.Azure.Documents.Common/2.14.0, StatusCode: BadRequest&amp;quot;,&amp;quot;exceptionResponseHeaders&amp;quot;:&amp;quot;{date=Thu, 16 Apr 2026 23:49:30 GMT, x-http2-stream-id=3, server=Microsoft-HTTPAPI/2.0, content-length=219, x-ms-gatewayversion=version=2.14.0, content-type=application/json, x-ms-activity-id=274de798-8a4f-4e3a-92bf-3f67f87435c9, strict-transport-security=max-age=31536000}&amp;quot;,&amp;quot;endpoint&amp;quot;:&amp;quot;https://swkrish-session-northeurope.documents-test.windows-int.net:443/dbs/db1/colls&amp;quot;,&amp;quot;isHubRegionProcessingOnly&amp;quot;:&amp;quot;false&amp;quot;,&amp;quot;perPartitionCircuitBreakerInfoHolder&amp;quot;:{&amp;quot;perPartitionCircuitBreakerInfoHolder&amp;quot;:null},&amp;quot;perPartitionAutomaticFailoverInfoHolder&amp;quot;:null,&amp;quot;channelId&amp;quot;:&amp;quot;100a0782/1&amp;quot;,&amp;quot;parentChannelId&amp;quot;:&amp;quot;100a0782&amp;quot;,&amp;quot;isHttp2&amp;quot;:true}],&amp;quot;samplingRateSnapshot&amp;quot;:1.0,&amp;quot;bloomFilterInsertionCountSnapshot&amp;quot;:0,&amp;quot;systemInformation&amp;quot;:{&amp;quot;usedMemory&amp;quot;:&amp;quot;17367 KB&amp;quot;,&amp;quot;availableMemory&amp;quot;:&amp;quot;12491817 KB&amp;quot;,&amp;quot;systemCpuLoad&amp;quot;:&amp;quot;empty&amp;quot;,&amp;quot;availableProcessors&amp;quot;:8},&amp;quot;clientCfgs&amp;quot;:{&amp;quot;id&amp;quot;:9,&amp;quot;machineId&amp;quot;:&amp;quot;uuid:b3cdf150-3cda-4ac2-8395-00b4b1473609&amp;quot;,&amp;quot;connectionMode&amp;quot;:&amp;quot;GATEWAY&amp;quot;,&amp;quot;numberOfClients&amp;quot;:0,&amp;quot;isPpafEnabled&amp;quot;:&amp;quot;false&amp;quot;,&amp;quot;isFalseProgSessionTokenMergeEnabled&amp;quot;:&amp;quot;true&amp;quot;,&amp;quot;excrgns&amp;quot;:&amp;quot;[]&amp;quot;,&amp;quot;clientEndpoints&amp;quot;:{&amp;quot;https://swkrish-session.documents-test.windows-int.net:443/&amp;quot;:15},&amp;quot;connCfg&amp;quot;:{&amp;quot;rntbd&amp;quot;:null,&amp;quot;gw&amp;quot;:&amp;quot;(cps:1000, nrto:PT1M, icto:PT1M, cto:PT45S, gwV2Cto:PT5S, p:false, http2:(enabled:true, maxc:1000, minc:8, maxs:30))&amp;quot;,&amp;quot;other&amp;quot;:&amp;quot;(ed: true, cs: false, rv: true)&amp;quot;},&amp;quot;consistencyCfg&amp;quot;:&amp;quot;(consistency: Session, readConsistencyStrategy: null,  mm: true, prgns: [])&amp;quot;,&amp;quot;proactiveInitCfg&amp;quot;:&amp;quot;&amp;quot;,&amp;quot;e2ePolicyCfg&amp;quot;:&amp;quot;&amp;quot;,&amp;quot;sessionRetryCfg&amp;quot;:&amp;quot;&amp;quot;}}}">
      <![CDATA[{"ClassName":"CosmosException","userAgent":"azsdk-java-cosmos/4.80.0-beta.1 Windows11/10.0 JRE/18.0.2.1","statusCode":400,"resourceAddress":"https://swkrish-session-northeurope.documents-test.windows-int.net:443/dbs/db1/colls","error":"{\"code\":\"BadRequest\",\"message\":\"Setting offer throughput or autopilot on container is not supported for serverless accounts.\\r\\nActivityId: 274de798-8a4f-4e3a-92bf-3f67f87435c9, Microsoft.Azure.Documents.Common/2.14.0, StatusCode: BadRequest\",\"additionalErrorInfo\":null}","innerErrorMessage":"Setting offer throughput or autopilot on container is not supported for serverless accounts.\r\nActivityId: 274de798-8a4f-4e3a-92bf-3f67f87435c9, Microsoft.Azure.Documents.Common/2.14.0, StatusCode: BadRequest","causeInfo":null,"responseHeaders":"{date=Thu, 16 Apr 2026 23:49:30 GMT, x-http2-stream-id=3, server=Microsoft-HTTPAPI/2.0, content-length=219, x-ms-gatewayversion=version=2.14.0, content-type=application/json, x-ms-activity-id=274de798-8a4f-4e3a-92bf-3f67f87435c9, strict-transport-security=max-age=31536000}","requestHeaders":"[x-ms-cosmos-sdk-supportedcapabilities=3, Accept=application/json, x-ms-date=Thu, 16 Apr 2026 23:49:29 GMT, x-ms-offer-throughput=35000, Content-Type=application/json]","cosmosDiagnostics":{"userAgent":"azsdk-java-cosmos/4.80.0-beta.1 Windows11/10.0 JRE/18.0.2.1|F14","activityId":"274de798-8a4f-4e3a-92bf-3f67f87435c9","requestLatencyInMs":737,"requestStartTimeUTC":"2026-04-16T23:49:29.264265200Z","requestEndTimeUTC":"2026-04-16T23:49:30.001936400Z","responseStatisticsList":[],"supplementalResponseStatisticsList":[],"addressResolutionStatistics":{},"regionsContacted":["north europe"],"retryContext":{"statusAndSubStatusCodes":null,"retryCount":0,"retryLatency":0},"metadataDiagnosticsContext":{"metadataDiagnosticList":null,"empty":true},"serializationDiagnosticsContext":{"serializationDiagnosticsList":[{"serializationType":"CONTAINER_SERIALIZATION","startTimeUTC":"2026-04-16T23:49:29.264265200Z","endTimeUTC":"2026-04-16T23:49:29.264265200Z","durationInMilliSecs":0.0}]},"gatewayStatisticsList":[{"sessionToken":null,"operationType":"Create","resourceType":"DocumentCollection","statusCode":400,"subStatusCode":0,"requestCharge":0.0,"requestTimeline":[{"eventName":"connectionCreated","startTimeUTC":"2026-04-16T23:49:29.264265200Z","durationInMilliSecs":527.3282},{"eventName":"connectionConfigured","startTimeUTC":"2026-04-16T23:49:29.791593400Z","durationInMilliSecs":0.0},{"eventName":"requestSent","startTimeUTC":"2026-04-16T23:49:29.791593400Z","durationInMilliSecs":2.0096},{"eventName":"transitTime","startTimeUTC":"2026-04-16T23:49:29.793603Z","durationInMilliSecs":205.2918},{"eventName":"received","startTimeUTC":"2026-04-16T23:49:29.998894800Z","durationInMilliSecs":1.0395}],"partitionKeyRangeId":null,"responsePayloadSizeInBytes":0,"httpNetworkResponseTimeout":"PT1M","exceptionMessage":"Setting offer throughput or autopilot on container is not supported for serverless accounts.\r\nActivityId: 274de798-8a4f-4e3a-92bf-3f67f87435c9, Microsoft.Azure.Documents.Common/2.14.0, StatusCode: BadRequest","exceptionResponseHeaders":"{date=Thu, 16 Apr 2026 23:49:30 GMT, x-http2-stream-id=3, server=Microsoft-HTTPAPI/2.0, content-length=219, x-ms-gatewayversion=version=2.14.0, content-type=application/json, x-ms-activity-id=274de798-8a4f-4e3a-92bf-3f67f87435c9, strict-transport-security=max-age=31536000}","endpoint":"https://swkrish-session-northeurope.documents-test.windows-int.net:443/dbs/db1/colls","isHubRegionProcessingOnly":"false","perPartitionCircuitBreakerInfoHolder":{"perPartitionCircuitBreakerInfoHolder":null},"perPartitionAutomaticFailoverInfoHolder":null,"channelId":"100a0782/1","parentChannelId":"100a0782","isHttp2":true}],"samplingRateSnapshot":1.0,"bloomFilterInsertionCountSnapshot":0,"systemInformation":{"usedMemory":"17367 KB","availableMemory":"12491817 KB","systemCpuLoad":"empty","availableProcessors":8},"clientCfgs":{"id":9,"machineId":"uuid:b3cdf150-3cda-4ac2-8395-00b4b1473609","connectionMode":"GATEWAY","numberOfClients":0,"isPpafEnabled":"false","isFalseProgSessionTokenMergeEnabled":"true","excrgns":"[]","clientEndpoints":{"https://swkrish-session.documents-test.windows-int.net:443/":15},"connCfg":{"rntbd":null,"gw":"(cps:1000, nrto:PT1M, icto:PT1M, cto:PT45S, gwV2Cto:PT5S, p:false, http2:(enabled:true, maxc:1000, minc:8, maxs:30))","other":"(ed: true, cs: false, rv: true)"},"consistencyCfg":"(consistency: Session, readConsistencyStrategy: null,  mm: true, prgns: [])","proactiveInitCfg":"","e2ePolicyCfg":"","sessionRetryCfg":""}}}
at com.azure.cosmos.BridgeInternal.createCosmosException(BridgeInternal.java:425)
at com.azure.cosmos.implementation.RxGatewayStoreModel.validateOrThrow(RxGatewayStoreModel.java:779)
at com.azure.cosmos.implementation.RxGatewayStoreModel.unwrapToStoreResponse(RxGatewayStoreModel.java:233)
at com.azure.cosmos.implementation.RxGatewayStoreModel.lambda$toDocumentServiceResponse$4(RxGatewayStoreModel.java:565)
at reactor.core.publisher.FluxMap$MapConditionalSubscriber.onNext(FluxMap.java:208)
at reactor.core.publisher.MonoPublishOn$PublishOnSubscriber.run(MonoPublishOn.java:181)
at reactor.core.scheduler.SchedulerTask.call(SchedulerTask.java:68)
at reactor.core.scheduler.SchedulerTask.call(SchedulerTask.java:28)
at java.base/java.util.concurrent.FutureTask.run(FutureTask.java:264)
at java.base/java.util.concurrent.ScheduledThreadPoolExecutor$ScheduledFutureTask.run(ScheduledThreadPoolExecutor.java:304)
at java.base/java.util.concurrent.ThreadPoolExecutor.runWorker(ThreadPoolExecutor.java:1136)
at java.base/java.util.concurrent.ThreadPoolExecutor$Worker.run(ThreadPoolExecutor.java:635)
at java.base/java.lang.Thread.run(Thread.java:833)
Suppressed: java.lang.Exception: #block terminated with an error
at reactor.core.publisher.BlockingSingleSubscriber.blockingGet(BlockingSingleSubscriber.java:104)
at reactor.core.publisher.Mono.block(Mono.java:1779)
at com.azure.cosmos.implementation.ThinClientE2ETest.testThinClientDocumentPointOperations(ThinClientE2ETest.java:292)
at java.base/jdk.internal.reflect.DirectMethodHandleAccessor.invoke(DirectMethodHandleAccessor.java:104)
at java.base/java.lang.reflect.Method.invoke(Method.java:577)
at org.testng.internal.invokers.MethodInvocationHelper.invokeMethod(MethodInvocationHelper.java:136)
at org.testng.internal.invokers.TestInvoker.invokeMethod(TestInvoker.java:658)
at org.testng.internal.invokers.TestInvoker.retryFailed(TestInvoker.java:261)
at org.testng.internal.invokers.MethodRunner.runInSequence(MethodRunner.java:62)
at org.testng.internal.invokers.TestInvoker$MethodInvocationAgent.invoke(TestInvoker.java:923)
at org.testng.internal.invokers.TestInvoker.invokeTestMethods(TestInvoker.java:192)
at org.testng.internal.invokers.TestMethodWorker.invokeTestMethods(TestMethodWorker.java:146)
at org.testng.internal.invokers.TestMethodWorker.run(TestMethodWorker.java:128)
at java.base/java.util.ArrayList.forEach(ArrayList.java:1511)
at org.testng.TestRunner.privateRun(TestRunner.java:808)
at org.testng.TestRunner.run(TestRunner.java:603)
at org.testng.SuiteRunner.runTest(SuiteRunner.java:429)
at org.testng.SuiteRunner.runSequentially(SuiteRunner.java:423)
at org.testng.SuiteRunner.privateRun(SuiteRunner.java:383)
at org.testng.SuiteRunner.run(SuiteRunner.java:326)
at org.testng.SuiteRunnerWorker.runSuite(SuiteRunnerWorker.java:52)
at org.testng.SuiteRunnerWorker.run(SuiteRunnerWorker.java:95)
at org.testng.TestNG.runSuitesSequentially(TestNG.java:1249)
at org.testng.TestNG.runSuitesLocally(TestNG.java:1169)
at org.testng.TestNG.runSuites(TestNG.java:1092)
at org.testng.TestNG.run(TestNG.java:1060)
at org.testng.TestNG.privateMain(TestNG.java:1403)
at org.testng.TestNG.main(TestNG.java:1367)
]]>
    </failure>
  </testcase> <!-- testThinClientDocumentPointOperations -->
  <testcase classname="com.azure.cosmos.implementation.ThinClientE2ETest" name="testThinClientIncrementalChangeFeed" time="1.311">
    <skipped/>
  </testcase> <!-- testThinClientIncrementalChangeFeed -->
  <testcase classname="com.azure.cosmos.implementation.ThinClientE2ETest" name="testThinClientIncrementalChangeFeed" time="1.424">
    <skipped/>
  </testcase> <!-- testThinClientIncrementalChangeFeed -->
  <testcase classname="com.azure.cosmos.implementation.ThinClientE2ETest" name="testThinClientIncrementalChangeFeed" time="1.149">
    <failure type="com.azure.cosmos.CosmosException" message="{&amp;quot;innerErrorMessage&amp;quot;:&amp;quot;Message: {\&amp;quot;Errors\&amp;quot;:[\&amp;quot;Resource Not Found. Learn more: https://aka.ms/cosmosdb-tsg-not-found\&amp;quot;]}\r\nActivityId: a9233c53-d4d3-4774-8147-87104188bdce, Request URI: /apps/e5edab09-e651-4b3c-a603-1230655f3d07/services/4b24e143-71b7-47e6-91ee-08e7b832ec07/partitions/b66d394c-e21e-4313-8c8d-d26074fbeec7/replicas/134185142045977689s, RequestStats: , SDK: Microsoft.Azure.Documents.Common/2.14.0, StatusCode: NotFound&amp;quot;,&amp;quot;cosmosDiagnostics&amp;quot;:{&amp;quot;userAgent&amp;quot;:&amp;quot;azsdk-java-cosmos/4.80.0-beta.1 Windows11/10.0 JRE/18.0.2.1|F14&amp;quot;,&amp;quot;activityId&amp;quot;:&amp;quot;a9233c53-d4d3-4774-8147-87104188bdce&amp;quot;,&amp;quot;requestLatencyInMs&amp;quot;:567,&amp;quot;requestStartTimeUTC&amp;quot;:&amp;quot;2026-04-16T23:49:33.328114400Z&amp;quot;,&amp;quot;requestEndTimeUTC&amp;quot;:&amp;quot;2026-04-16T23:49:33.895645100Z&amp;quot;,&amp;quot;responseStatisticsList&amp;quot;:[],&amp;quot;supplementalResponseStatisticsList&amp;quot;:[],&amp;quot;addressResolutionStatistics&amp;quot;:{},&amp;quot;regionsContacted&amp;quot;:[&amp;quot;north europe&amp;quot;],&amp;quot;retryContext&amp;quot;:{&amp;quot;statusAndSubStatusCodes&amp;quot;:null,&amp;quot;retryCount&amp;quot;:0,&amp;quot;retryLatency&amp;quot;:0},&amp;quot;metadataDiagnosticsContext&amp;quot;:{&amp;quot;metadataDiagnosticList&amp;quot;:null,&amp;quot;empty&amp;quot;:true},&amp;quot;serializationDiagnosticsContext&amp;quot;:{&amp;quot;serializationDiagnosticsList&amp;quot;:null},&amp;quot;gatewayStatisticsList&amp;quot;:[{&amp;quot;sessionToken&amp;quot;:&amp;quot;0:-1#99&amp;quot;,&amp;quot;operationType&amp;quot;:&amp;quot;Read&amp;quot;,&amp;quot;resourceType&amp;quot;:&amp;quot;DocumentCollection&amp;quot;,&amp;quot;statusCode&amp;quot;:404,&amp;quot;subStatusCode&amp;quot;:0,&amp;quot;requestCharge&amp;quot;:2.0,&amp;quot;requestTimeline&amp;quot;:[{&amp;quot;eventName&amp;quot;:&amp;quot;connectionCreated&amp;quot;,&amp;quot;startTimeUTC&amp;quot;:&amp;quot;2026-04-16T23:49:33.328636800Z&amp;quot;,&amp;quot;durationInMilliSecs&amp;quot;:436.3742},{&amp;quot;eventName&amp;quot;:&amp;quot;connectionConfigured&amp;quot;,&amp;quot;startTimeUTC&amp;quot;:&amp;quot;2026-04-16T23:49:33.765011Z&amp;quot;,&amp;quot;durationInMilliSecs&amp;quot;:1.0561},{&amp;quot;eventName&amp;quot;:&amp;quot;requestSent&amp;quot;,&amp;quot;startTimeUTC&amp;quot;:&amp;quot;2026-04-16T23:49:33.766067100Z&amp;quot;,&amp;quot;durationInMilliSecs&amp;quot;:0.0},{&amp;quot;eventName&amp;quot;:&amp;quot;transitTime&amp;quot;,&amp;quot;startTimeUTC&amp;quot;:&amp;quot;2026-04-16T23:49:33.766067100Z&amp;quot;,&amp;quot;durationInMilliSecs&amp;quot;:127.5662},{&amp;quot;eventName&amp;quot;:&amp;quot;received&amp;quot;,&amp;quot;startTimeUTC&amp;quot;:&amp;quot;2026-04-16T23:49:33.893633300Z&amp;quot;,&amp;quot;durationInMilliSecs&amp;quot;:1.0114}],&amp;quot;partitionKeyRangeId&amp;quot;:null,&amp;quot;responsePayloadSizeInBytes&amp;quot;:0,&amp;quot;httpNetworkResponseTimeout&amp;quot;:&amp;quot;PT1M&amp;quot;,&amp;quot;exceptionMessage&amp;quot;:&amp;quot;Message: {\&amp;quot;Errors\&amp;quot;:[\&amp;quot;Resource Not Found. Learn more: https://aka.ms/cosmosdb-tsg-not-found\&amp;quot;]}\r\nActivityId: a9233c53-d4d3-4774-8147-87104188bdce, Request URI: /apps/e5edab09-e651-4b3c-a603-1230655f3d07/services/4b24e143-71b7-47e6-91ee-08e7b832ec07/partitions/b66d394c-e21e-4313-8c8d-d26074fbeec7/replicas/134185142045977689s, RequestStats: , SDK: Microsoft.Azure.Documents.Common/2.14.0, StatusCode: NotFound&amp;quot;,&amp;quot;exceptionResponseHeaders&amp;quot;:&amp;quot;{date=Thu, 16 Apr 2026 23:49:34 GMT, server=Microsoft-HTTPAPI/2.0, content-length=423, x-ms-last-state-change-utc=Sat, 28 Mar 2026 22:42:07.841 GMT, x-ms-request-duration-ms=26.702, x-ms-session-token=0:-1#99, lsn=99, x-ms-request-charge=2, x-ms-schemaversion=1.21, x-ms-transport-request-id=124702, x-ms-number-of-read-regions=0, x-ms-cosmos-internal-partition-id=b66d394c-e21e-4313-8c8d-d26074fbeec7, x-ms-activity-id=a9233c53-d4d3-4774-8147-87104188bdce, strict-transport-security=max-age=31536000, x-http2-stream-id=3, x-ms-xp-role=1, x-ms-global-committed-lsn=99, x-ms-cosmos-llsn=99, x-ms-gatewayversion=version=2.14.0, content-location=https://swkrish-session-northeurope.documents-test.windows-int.net/dbs/db1/colls/c2, content-type=application/json, x-ms-serviceversion=version=2.14.0.0}&amp;quot;,&amp;quot;endpoint&amp;quot;:&amp;quot;https://swkrish-session-northeurope.documents-test.windows-int.net:443/dbs/db1/colls/c2&amp;quot;,&amp;quot;isHubRegionProcessingOnly&amp;quot;:&amp;quot;false&amp;quot;,&amp;quot;perPartitionCircuitBreakerInfoHolder&amp;quot;:{&amp;quot;perPartitionCircuitBreakerInfoHolder&amp;quot;:null},&amp;quot;perPartitionAutomaticFailoverInfoHolder&amp;quot;:null,&amp;quot;channelId&amp;quot;:&amp;quot;268816e0/1&amp;quot;,&amp;quot;parentChannelId&amp;quot;:&amp;quot;268816e0&amp;quot;,&amp;quot;isHttp2&amp;quot;:true}],&amp;quot;samplingRateSnapshot&amp;quot;:1.0,&amp;quot;bloomFilterInsertionCountSnapshot&amp;quot;:0,&amp;quot;systemInformation&amp;quot;:{&amp;quot;usedMemory&amp;quot;:&amp;quot;17367 KB&amp;quot;,&amp;quot;availableMemory&amp;quot;:&amp;quot;12491817 KB&amp;quot;,&amp;quot;systemCpuLoad&amp;quot;:&amp;quot;empty&amp;quot;,&amp;quot;availableProcessors&amp;quot;:8},&amp;quot;clientCfgs&amp;quot;:{&amp;quot;id&amp;quot;:12,&amp;quot;machineId&amp;quot;:&amp;quot;uuid:b3cdf150-3cda-4ac2-8395-00b4b1473609&amp;quot;,&amp;quot;connectionMode&amp;quot;:&amp;quot;GATEWAY&amp;quot;,&amp;quot;numberOfClients&amp;quot;:0,&amp;quot;isPpafEnabled&amp;quot;:&amp;quot;false&amp;quot;,&amp;quot;isFalseProgSessionTokenMergeEnabled&amp;quot;:&amp;quot;true&amp;quot;,&amp;quot;excrgns&amp;quot;:&amp;quot;[]&amp;quot;,&amp;quot;clientEndpoints&amp;quot;:{&amp;quot;https://swkrish-session.documents-test.windows-int.net:443/&amp;quot;:15},&amp;quot;connCfg&amp;quot;:{&amp;quot;rntbd&amp;quot;:null,&amp;quot;gw&amp;quot;:&amp;quot;(cps:1000, nrto:PT1M, icto:PT1M, cto:PT45S, gwV2Cto:PT5S, p:false, http2:(enabled:true, maxc:1000, minc:8, maxs:30))&amp;quot;,&amp;quot;other&amp;quot;:&amp;quot;(ed: true, cs: false, rv: true)&amp;quot;},&amp;quot;consistencyCfg&amp;quot;:&amp;quot;(consistency: Session, readConsistencyStrategy: null,  mm: true, prgns: [])&amp;quot;,&amp;quot;proactiveInitCfg&amp;quot;:&amp;quot;&amp;quot;,&amp;quot;e2ePolicyCfg&amp;quot;:&amp;quot;&amp;quot;,&amp;quot;sessionRetryCfg&amp;quot;:&amp;quot;&amp;quot;}}}">
      <![CDATA[{"ClassName":"CosmosException","userAgent":"azsdk-java-cosmos/4.80.0-beta.1 Windows11/10.0 JRE/18.0.2.1","statusCode":404,"resourceAddress":"https://swkrish-session-northeurope.documents-test.windows-int.net:443/dbs/db1/colls/c2","error":"{\"code\":\"NotFound\",\"message\":\"Message: {\\\"Errors\\\":[\\\"Resource Not Found. Learn more: https://aka.ms/cosmosdb-tsg-not-found\\\"]}\\r\\nActivityId: a9233c53-d4d3-4774-8147-87104188bdce, Request URI: /apps/e5edab09-e651-4b3c-a603-1230655f3d07/services/4b24e143-71b7-47e6-91ee-08e7b832ec07/partitions/b66d394c-e21e-4313-8c8d-d26074fbeec7/replicas/134185142045977689s, RequestStats: , SDK: Microsoft.Azure.Documents.Common/2.14.0, StatusCode: NotFound\",\"additionalErrorInfo\":null}","innerErrorMessage":"Message: {\"Errors\":[\"Resource Not Found. Learn more: https://aka.ms/cosmosdb-tsg-not-found\"]}\r\nActivityId: a9233c53-d4d3-4774-8147-87104188bdce, Request URI: /apps/e5edab09-e651-4b3c-a603-1230655f3d07/services/4b24e143-71b7-47e6-91ee-08e7b832ec07/partitions/b66d394c-e21e-4313-8c8d-d26074fbeec7/replicas/134185142045977689s, RequestStats: , SDK: Microsoft.Azure.Documents.Common/2.14.0, StatusCode: NotFound","causeInfo":null,"responseHeaders":"{date=Thu, 16 Apr 2026 23:49:34 GMT, server=Microsoft-HTTPAPI/2.0, content-length=423, x-ms-last-state-change-utc=Sat, 28 Mar 2026 22:42:07.841 GMT, x-ms-request-duration-ms=26.702, x-ms-session-token=0:-1#99, lsn=99, x-ms-request-charge=2, x-ms-schemaversion=1.21, x-ms-transport-request-id=124702, x-ms-number-of-read-regions=0, x-ms-cosmos-internal-partition-id=b66d394c-e21e-4313-8c8d-d26074fbeec7, x-ms-activity-id=a9233c53-d4d3-4774-8147-87104188bdce, strict-transport-security=max-age=31536000, x-http2-stream-id=3, x-ms-xp-role=1, x-ms-global-committed-lsn=99, x-ms-cosmos-llsn=99, x-ms-gatewayversion=version=2.14.0, content-location=https://swkrish-session-northeurope.documents-test.windows-int.net/dbs/db1/colls/c2, content-type=application/json, x-ms-serviceversion=version=2.14.0.0, x-ms-substatus=1003}","requestHeaders":"[x-ms-date=Thu, 16 Apr 2026 23:49:33 GMT]","cosmosDiagnostics":{"userAgent":"azsdk-java-cosmos/4.80.0-beta.1 Windows11/10.0 JRE/18.0.2.1|F14","activityId":"a9233c53-d4d3-4774-8147-87104188bdce","requestLatencyInMs":567,"requestStartTimeUTC":"2026-04-16T23:49:33.328114400Z","requestEndTimeUTC":"2026-04-16T23:49:33.895645100Z","responseStatisticsList":[],"supplementalResponseStatisticsList":[],"addressResolutionStatistics":{},"regionsContacted":["north europe"],"retryContext":{"statusAndSubStatusCodes":null,"retryCount":0,"retryLatency":0},"metadataDiagnosticsContext":{"metadataDiagnosticList":null,"empty":true},"serializationDiagnosticsContext":{"serializationDiagnosticsList":null},"gatewayStatisticsList":[{"sessionToken":"0:-1#99","operationType":"Read","resourceType":"DocumentCollection","statusCode":404,"subStatusCode":0,"requestCharge":2.0,"requestTimeline":[{"eventName":"connectionCreated","startTimeUTC":"2026-04-16T23:49:33.328636800Z","durationInMilliSecs":436.3742},{"eventName":"connectionConfigured","startTimeUTC":"2026-04-16T23:49:33.765011Z","durationInMilliSecs":1.0561},{"eventName":"requestSent","startTimeUTC":"2026-04-16T23:49:33.766067100Z","durationInMilliSecs":0.0},{"eventName":"transitTime","startTimeUTC":"2026-04-16T23:49:33.766067100Z","durationInMilliSecs":127.5662},{"eventName":"received","startTimeUTC":"2026-04-16T23:49:33.893633300Z","durationInMilliSecs":1.0114}],"partitionKeyRangeId":null,"responsePayloadSizeInBytes":0,"httpNetworkResponseTimeout":"PT1M","exceptionMessage":"Message: {\"Errors\":[\"Resource Not Found. Learn more: https://aka.ms/cosmosdb-tsg-not-found\"]}\r\nActivityId: a9233c53-d4d3-4774-8147-87104188bdce, Request URI: /apps/e5edab09-e651-4b3c-a603-1230655f3d07/services/4b24e143-71b7-47e6-91ee-08e7b832ec07/partitions/b66d394c-e21e-4313-8c8d-d26074fbeec7/replicas/134185142045977689s, RequestStats: , SDK: Microsoft.Azure.Documents.Common/2.14.0, StatusCode: NotFound","exceptionResponseHeaders":"{date=Thu, 16 Apr 2026 23:49:34 GMT, server=Microsoft-HTTPAPI/2.0, content-length=423, x-ms-last-state-change-utc=Sat, 28 Mar 2026 22:42:07.841 GMT, x-ms-request-duration-ms=26.702, x-ms-session-token=0:-1#99, lsn=99, x-ms-request-charge=2, x-ms-schemaversion=1.21, x-ms-transport-request-id=124702, x-ms-number-of-read-regions=0, x-ms-cosmos-internal-partition-id=b66d394c-e21e-4313-8c8d-d26074fbeec7, x-ms-activity-id=a9233c53-d4d3-4774-8147-87104188bdce, strict-transport-security=max-age=31536000, x-http2-stream-id=3, x-ms-xp-role=1, x-ms-global-committed-lsn=99, x-ms-cosmos-llsn=99, x-ms-gatewayversion=version=2.14.0, content-location=https://swkrish-session-northeurope.documents-test.windows-int.net/dbs/db1/colls/c2, content-type=application/json, x-ms-serviceversion=version=2.14.0.0}","endpoint":"https://swkrish-session-northeurope.documents-test.windows-int.net:443/dbs/db1/colls/c2","isHubRegionProcessingOnly":"false","perPartitionCircuitBreakerInfoHolder":{"perPartitionCircuitBreakerInfoHolder":null},"perPartitionAutomaticFailoverInfoHolder":null,"channelId":"268816e0/1","parentChannelId":"268816e0","isHttp2":true}],"samplingRateSnapshot":1.0,"bloomFilterInsertionCountSnapshot":0,"systemInformation":{"usedMemory":"17367 KB","availableMemory":"12491817 KB","systemCpuLoad":"empty","availableProcessors":8},"clientCfgs":{"id":12,"machineId":"uuid:b3cdf150-3cda-4ac2-8395-00b4b1473609","connectionMode":"GATEWAY","numberOfClients":0,"isPpafEnabled":"false","isFalseProgSessionTokenMergeEnabled":"true","excrgns":"[]","clientEndpoints":{"https://swkrish-session.documents-test.windows-int.net:443/":15},"connCfg":{"rntbd":null,"gw":"(cps:1000, nrto:PT1M, icto:PT1M, cto:PT45S, gwV2Cto:PT5S, p:false, http2:(enabled:true, maxc:1000, minc:8, maxs:30))","other":"(ed: true, cs: false, rv: true)"},"consistencyCfg":"(consistency: Session, readConsistencyStrategy: null,  mm: true, prgns: [])","proactiveInitCfg":"","e2ePolicyCfg":"","sessionRetryCfg":""}}}
at com.azure.cosmos.BridgeInternal.createCosmosException(BridgeInternal.java:425)
at com.azure.cosmos.implementation.RxGatewayStoreModel.validateOrThrow(RxGatewayStoreModel.java:779)
at com.azure.cosmos.implementation.RxGatewayStoreModel.unwrapToStoreResponse(RxGatewayStoreModel.java:233)
at com.azure.cosmos.implementation.RxGatewayStoreModel.lambda$toDocumentServiceResponse$4(RxGatewayStoreModel.java:565)
at reactor.core.publisher.FluxMap$MapConditionalSubscriber.onNext(FluxMap.java:208)
at reactor.core.publisher.MonoPublishOn$PublishOnSubscriber.run(MonoPublishOn.java:181)
at reactor.core.scheduler.SchedulerTask.call(SchedulerTask.java:68)
at reactor.core.scheduler.SchedulerTask.call(SchedulerTask.java:28)
at java.base/java.util.concurrent.FutureTask.run(FutureTask.java:264)
at java.base/java.util.concurrent.ScheduledThreadPoolExecutor$ScheduledFutureTask.run(ScheduledThreadPoolExecutor.java:304)
at java.base/java.util.concurrent.ThreadPoolExecutor.runWorker(ThreadPoolExecutor.java:1136)
at java.base/java.util.concurrent.ThreadPoolExecutor$Worker.run(ThreadPoolExecutor.java:635)
at java.base/java.lang.Thread.run(Thread.java:833)
Suppressed: java.lang.Exception: #block terminated with an error
at reactor.core.publisher.BlockingSingleSubscriber.blockingGet(BlockingSingleSubscriber.java:104)
at reactor.core.publisher.Mono.block(Mono.java:1779)
at com.azure.cosmos.implementation.ThinClientE2ETest.testThinClientIncrementalChangeFeed(ThinClientE2ETest.java:223)
at java.base/jdk.internal.reflect.DirectMethodHandleAccessor.invoke(DirectMethodHandleAccessor.java:104)
at java.base/java.lang.reflect.Method.invoke(Method.java:577)
at org.testng.internal.invokers.MethodInvocationHelper.invokeMethod(MethodInvocationHelper.java:136)
at org.testng.internal.invokers.TestInvoker.invokeMethod(TestInvoker.java:658)
at org.testng.internal.invokers.TestInvoker.retryFailed(TestInvoker.java:261)
at org.testng.internal.invokers.MethodRunner.runInSequence(MethodRunner.java:62)
at org.testng.internal.invokers.TestInvoker$MethodInvocationAgent.invoke(TestInvoker.java:923)
at org.testng.internal.invokers.TestInvoker.invokeTestMethods(TestInvoker.java:192)
at org.testng.internal.invokers.TestMethodWorker.invokeTestMethods(TestMethodWorker.java:146)
at org.testng.internal.invokers.TestMethodWorker.run(TestMethodWorker.java:128)
at java.base/java.util.ArrayList.forEach(ArrayList.java:1511)
at org.testng.TestRunner.privateRun(TestRunner.java:808)
at org.testng.TestRunner.run(TestRunner.java:603)
at org.testng.SuiteRunner.runTest(SuiteRunner.java:429)
at org.testng.SuiteRunner.runSequentially(SuiteRunner.java:423)
at org.testng.SuiteRunner.privateRun(SuiteRunner.java:383)
at org.testng.SuiteRunner.run(SuiteRunner.java:326)
at org.testng.SuiteRunnerWorker.runSuite(SuiteRunnerWorker.java:52)
at org.testng.SuiteRunnerWorker.run(SuiteRunnerWorker.java:95)
at org.testng.TestNG.runSuitesSequentially(TestNG.java:1249)
at org.testng.TestNG.runSuitesLocally(TestNG.java:1169)
at org.testng.TestNG.runSuites(TestNG.java:1092)
at org.testng.TestNG.run(TestNG.java:1060)
at org.testng.TestNG.privateMain(TestNG.java:1403)
at org.testng.TestNG.main(TestNG.java:1367)
]]>
    </failure>
  </testcase> <!-- testThinClientIncrementalChangeFeed -->
  <testcase classname="com.azure.cosmos.implementation.ThinClientE2ETest" name="testThinClientQuery" time="1.587">
    <skipped/>
  </testcase> <!-- testThinClientQuery -->
  <testcase classname="com.azure.cosmos.implementation.ThinClientE2ETest" name="testThinClientQuery" time="1.83">
    <skipped/>
  </testcase> <!-- testThinClientQuery -->
  <testcase classname="com.azure.cosmos.implementation.ThinClientE2ETest" name="testThinClientQuery" time="1.281">
    <failure type="com.azure.cosmos.CosmosException" message="{&amp;quot;innerErrorMessage&amp;quot;:&amp;quot;Message: {\&amp;quot;Errors\&amp;quot;:[\&amp;quot;Resource Not Found. Learn more: https://aka.ms/cosmosdb-tsg-not-found\&amp;quot;]}\r\nActivityId: 7c0e663e-5d2b-42cc-8eec-92015003c6e3, Request URI: /apps/e5edab09-e651-4b3c-a603-1230655f3d07/services/4b24e143-71b7-47e6-91ee-08e7b832ec07/partitions/b66d394c-e21e-4313-8c8d-d26074fbeec7/replicas/134185142045977688s, RequestStats: , SDK: Microsoft.Azure.Documents.Common/2.14.0, StatusCode: NotFound&amp;quot;,&amp;quot;cosmosDiagnostics&amp;quot;:{&amp;quot;userAgent&amp;quot;:&amp;quot;azsdk-java-cosmos/4.80.0-beta.1 Windows11/10.0 JRE/18.0.2.1|F14&amp;quot;,&amp;quot;activityId&amp;quot;:&amp;quot;7c0e663e-5d2b-42cc-8eec-92015003c6e3&amp;quot;,&amp;quot;requestLatencyInMs&amp;quot;:660,&amp;quot;requestStartTimeUTC&amp;quot;:&amp;quot;2026-04-16T23:49:37.966326100Z&amp;quot;,&amp;quot;requestEndTimeUTC&amp;quot;:&amp;quot;2026-04-16T23:49:38.627305700Z&amp;quot;,&amp;quot;responseStatisticsList&amp;quot;:[],&amp;quot;supplementalResponseStatisticsList&amp;quot;:[],&amp;quot;addressResolutionStatistics&amp;quot;:{},&amp;quot;regionsContacted&amp;quot;:[&amp;quot;north europe&amp;quot;],&amp;quot;retryContext&amp;quot;:{&amp;quot;statusAndSubStatusCodes&amp;quot;:null,&amp;quot;retryCount&amp;quot;:0,&amp;quot;retryLatency&amp;quot;:0},&amp;quot;metadataDiagnosticsContext&amp;quot;:{&amp;quot;metadataDiagnosticList&amp;quot;:null,&amp;quot;empty&amp;quot;:true},&amp;quot;serializationDiagnosticsContext&amp;quot;:{&amp;quot;serializationDiagnosticsList&amp;quot;:null},&amp;quot;gatewayStatisticsList&amp;quot;:[{&amp;quot;sessionToken&amp;quot;:&amp;quot;0:-1#99&amp;quot;,&amp;quot;operationType&amp;quot;:&amp;quot;Read&amp;quot;,&amp;quot;resourceType&amp;quot;:&amp;quot;DocumentCollection&amp;quot;,&amp;quot;statusCode&amp;quot;:404,&amp;quot;subStatusCode&amp;quot;:0,&amp;quot;requestCharge&amp;quot;:2.0,&amp;quot;requestTimeline&amp;quot;:[{&amp;quot;eventName&amp;quot;:&amp;quot;connectionCreated&amp;quot;,&amp;quot;startTimeUTC&amp;quot;:&amp;quot;2026-04-16T23:49:37.967388400Z&amp;quot;,&amp;quot;durationInMilliSecs&amp;quot;:527.5339},{&amp;quot;eventName&amp;quot;:&amp;quot;connectionConfigured&amp;quot;,&amp;quot;startTimeUTC&amp;quot;:&amp;quot;2026-04-16T23:49:38.494922300Z&amp;quot;,&amp;quot;durationInMilliSecs&amp;quot;:0.0},{&amp;quot;eventName&amp;quot;:&amp;quot;requestSent&amp;quot;,&amp;quot;startTimeUTC&amp;quot;:&amp;quot;2026-04-16T23:49:38.494922300Z&amp;quot;,&amp;quot;durationInMilliSecs&amp;quot;:3.0658},{&amp;quot;eventName&amp;quot;:&amp;quot;transitTime&amp;quot;,&amp;quot;startTimeUTC&amp;quot;:&amp;quot;2026-04-16T23:49:38.497988100Z&amp;quot;,&amp;quot;durationInMilliSecs&amp;quot;:126.7908},{&amp;quot;eventName&amp;quot;:&amp;quot;received&amp;quot;,&amp;quot;startTimeUTC&amp;quot;:&amp;quot;2026-04-16T23:49:38.624778900Z&amp;quot;,&amp;quot;durationInMilliSecs&amp;quot;:1.0035}],&amp;quot;partitionKeyRangeId&amp;quot;:null,&amp;quot;responsePayloadSizeInBytes&amp;quot;:0,&amp;quot;httpNetworkResponseTimeout&amp;quot;:&amp;quot;PT1M&amp;quot;,&amp;quot;exceptionMessage&amp;quot;:&amp;quot;Message: {\&amp;quot;Errors\&amp;quot;:[\&amp;quot;Resource Not Found. Learn more: https://aka.ms/cosmosdb-tsg-not-found\&amp;quot;]}\r\nActivityId: 7c0e663e-5d2b-42cc-8eec-92015003c6e3, Request URI: /apps/e5edab09-e651-4b3c-a603-1230655f3d07/services/4b24e143-71b7-47e6-91ee-08e7b832ec07/partitions/b66d394c-e21e-4313-8c8d-d26074fbeec7/replicas/134185142045977688s, RequestStats: , SDK: Microsoft.Azure.Documents.Common/2.14.0, StatusCode: NotFound&amp;quot;,&amp;quot;exceptionResponseHeaders&amp;quot;:&amp;quot;{date=Thu, 16 Apr 2026 23:49:39 GMT, server=Microsoft-HTTPAPI/2.0, content-length=423, x-ms-last-state-change-utc=Tue, 31 Mar 2026 23:45:26.872 GMT, x-ms-request-duration-ms=11.565, x-ms-session-token=0:-1#99, lsn=99, x-ms-request-charge=2, x-ms-schemaversion=1.21, x-ms-transport-request-id=234440, x-ms-number-of-read-regions=0, x-ms-cosmos-internal-partition-id=b66d394c-e21e-4313-8c8d-d26074fbeec7, x-ms-activity-id=7c0e663e-5d2b-42cc-8eec-92015003c6e3, strict-transport-security=max-age=31536000, x-http2-stream-id=3, x-ms-xp-role=1, x-ms-global-committed-lsn=99, x-ms-cosmos-llsn=99, x-ms-gatewayversion=version=2.14.0, content-location=https://swkrish-session-northeurope.documents-test.windows-int.net/dbs/db1/colls/c2, content-type=application/json, x-ms-serviceversion=version=2.14.0.0}&amp;quot;,&amp;quot;endpoint&amp;quot;:&amp;quot;https://swkrish-session-northeurope.documents-test.windows-int.net:443/dbs/db1/colls/c2&amp;quot;,&amp;quot;isHubRegionProcessingOnly&amp;quot;:&amp;quot;false&amp;quot;,&amp;quot;perPartitionCircuitBreakerInfoHolder&amp;quot;:{&amp;quot;perPartitionCircuitBreakerInfoHolder&amp;quot;:null},&amp;quot;perPartitionAutomaticFailoverInfoHolder&amp;quot;:null,&amp;quot;channelId&amp;quot;:&amp;quot;aa19cff2/1&amp;quot;,&amp;quot;parentChannelId&amp;quot;:&amp;quot;aa19cff2&amp;quot;,&amp;quot;isHttp2&amp;quot;:true}],&amp;quot;samplingRateSnapshot&amp;quot;:1.0,&amp;quot;bloomFilterInsertionCountSnapshot&amp;quot;:0,&amp;quot;systemInformation&amp;quot;:{&amp;quot;usedMemory&amp;quot;:&amp;quot;17806 KB&amp;quot;,&amp;quot;availableMemory&amp;quot;:&amp;quot;12491378 KB&amp;quot;,&amp;quot;systemCpuLoad&amp;quot;:&amp;quot;empty&amp;quot;,&amp;quot;availableProcessors&amp;quot;:8},&amp;quot;clientCfgs&amp;quot;:{&amp;quot;id&amp;quot;:15,&amp;quot;machineId&amp;quot;:&amp;quot;uuid:b3cdf150-3cda-4ac2-8395-00b4b1473609&amp;quot;,&amp;quot;connectionMode&amp;quot;:&amp;quot;GATEWAY&amp;quot;,&amp;quot;numberOfClients&amp;quot;:0,&amp;quot;isPpafEnabled&amp;quot;:&amp;quot;false&amp;quot;,&amp;quot;isFalseProgSessionTokenMergeEnabled&amp;quot;:&amp;quot;true&amp;quot;,&amp;quot;excrgns&amp;quot;:&amp;quot;[]&amp;quot;,&amp;quot;clientEndpoints&amp;quot;:{&amp;quot;https://swkrish-session.documents-test.windows-int.net:443/&amp;quot;:15},&amp;quot;connCfg&amp;quot;:{&amp;quot;rntbd&amp;quot;:null,&amp;quot;gw&amp;quot;:&amp;quot;(cps:1000, nrto:PT1M, icto:PT1M, cto:PT45S, gwV2Cto:PT5S, p:false, http2:(enabled:true, maxc:1000, minc:8, maxs:30))&amp;quot;,&amp;quot;other&amp;quot;:&amp;quot;(ed: true, cs: false, rv: true)&amp;quot;},&amp;quot;consistencyCfg&amp;quot;:&amp;quot;(consistency: Session, readConsistencyStrategy: null,  mm: true, prgns: [])&amp;quot;,&amp;quot;proactiveInitCfg&amp;quot;:&amp;quot;&amp;quot;,&amp;quot;e2ePolicyCfg&amp;quot;:&amp;quot;&amp;quot;,&amp;quot;sessionRetryCfg&amp;quot;:&amp;quot;&amp;quot;}}}">
      <![CDATA[{"ClassName":"CosmosException","userAgent":"azsdk-java-cosmos/4.80.0-beta.1 Windows11/10.0 JRE/18.0.2.1","statusCode":404,"resourceAddress":"https://swkrish-session-northeurope.documents-test.windows-int.net:443/dbs/db1/colls/c2","error":"{\"code\":\"NotFound\",\"message\":\"Message: {\\\"Errors\\\":[\\\"Resource Not Found. Learn more: https://aka.ms/cosmosdb-tsg-not-found\\\"]}\\r\\nActivityId: 7c0e663e-5d2b-42cc-8eec-92015003c6e3, Request URI: /apps/e5edab09-e651-4b3c-a603-1230655f3d07/services/4b24e143-71b7-47e6-91ee-08e7b832ec07/partitions/b66d394c-e21e-4313-8c8d-d26074fbeec7/replicas/134185142045977688s, RequestStats: , SDK: Microsoft.Azure.Documents.Common/2.14.0, StatusCode: NotFound\",\"additionalErrorInfo\":null}","innerErrorMessage":"Message: {\"Errors\":[\"Resource Not Found. Learn more: https://aka.ms/cosmosdb-tsg-not-found\"]}\r\nActivityId: 7c0e663e-5d2b-42cc-8eec-92015003c6e3, Request URI: /apps/e5edab09-e651-4b3c-a603-1230655f3d07/services/4b24e143-71b7-47e6-91ee-08e7b832ec07/partitions/b66d394c-e21e-4313-8c8d-d26074fbeec7/replicas/134185142045977688s, RequestStats: , SDK: Microsoft.Azure.Documents.Common/2.14.0, StatusCode: NotFound","causeInfo":null,"responseHeaders":"{date=Thu, 16 Apr 2026 23:49:39 GMT, server=Microsoft-HTTPAPI/2.0, content-length=423, x-ms-last-state-change-utc=Tue, 31 Mar 2026 23:45:26.872 GMT, x-ms-request-duration-ms=11.565, x-ms-session-token=0:-1#99, lsn=99, x-ms-request-charge=2, x-ms-schemaversion=1.21, x-ms-transport-request-id=234440, x-ms-number-of-read-regions=0, x-ms-cosmos-internal-partition-id=b66d394c-e21e-4313-8c8d-d26074fbeec7, x-ms-activity-id=7c0e663e-5d2b-42cc-8eec-92015003c6e3, strict-transport-security=max-age=31536000, x-http2-stream-id=3, x-ms-xp-role=1, x-ms-global-committed-lsn=99, x-ms-cosmos-llsn=99, x-ms-gatewayversion=version=2.14.0, content-location=https://swkrish-session-northeurope.documents-test.windows-int.net/dbs/db1/colls/c2, content-type=application/json, x-ms-serviceversion=version=2.14.0.0, x-ms-substatus=1003}","requestHeaders":"[x-ms-date=Thu, 16 Apr 2026 23:49:37 GMT]","cosmosDiagnostics":{"userAgent":"azsdk-java-cosmos/4.80.0-beta.1 Windows11/10.0 JRE/18.0.2.1|F14","activityId":"7c0e663e-5d2b-42cc-8eec-92015003c6e3","requestLatencyInMs":660,"requestStartTimeUTC":"2026-04-16T23:49:37.966326100Z","requestEndTimeUTC":"2026-04-16T23:49:38.627305700Z","responseStatisticsList":[],"supplementalResponseStatisticsList":[],"addressResolutionStatistics":{},"regionsContacted":["north europe"],"retryContext":{"statusAndSubStatusCodes":null,"retryCount":0,"retryLatency":0},"metadataDiagnosticsContext":{"metadataDiagnosticList":null,"empty":true},"serializationDiagnosticsContext":{"serializationDiagnosticsList":null},"gatewayStatisticsList":[{"sessionToken":"0:-1#99","operationType":"Read","resourceType":"DocumentCollection","statusCode":404,"subStatusCode":0,"requestCharge":2.0,"requestTimeline":[{"eventName":"connectionCreated","startTimeUTC":"2026-04-16T23:49:37.967388400Z","durationInMilliSecs":527.5339},{"eventName":"connectionConfigured","startTimeUTC":"2026-04-16T23:49:38.494922300Z","durationInMilliSecs":0.0},{"eventName":"requestSent","startTimeUTC":"2026-04-16T23:49:38.494922300Z","durationInMilliSecs":3.0658},{"eventName":"transitTime","startTimeUTC":"2026-04-16T23:49:38.497988100Z","durationInMilliSecs":126.7908},{"eventName":"received","startTimeUTC":"2026-04-16T23:49:38.624778900Z","durationInMilliSecs":1.0035}],"partitionKeyRangeId":null,"responsePayloadSizeInBytes":0,"httpNetworkResponseTimeout":"PT1M","exceptionMessage":"Message: {\"Errors\":[\"Resource Not Found. Learn more: https://aka.ms/cosmosdb-tsg-not-found\"]}\r\nActivityId: 7c0e663e-5d2b-42cc-8eec-92015003c6e3, Request URI: /apps/e5edab09-e651-4b3c-a603-1230655f3d07/services/4b24e143-71b7-47e6-91ee-08e7b832ec07/partitions/b66d394c-e21e-4313-8c8d-d26074fbeec7/replicas/134185142045977688s, RequestStats: , SDK: Microsoft.Azure.Documents.Common/2.14.0, StatusCode: NotFound","exceptionResponseHeaders":"{date=Thu, 16 Apr 2026 23:49:39 GMT, server=Microsoft-HTTPAPI/2.0, content-length=423, x-ms-last-state-change-utc=Tue, 31 Mar 2026 23:45:26.872 GMT, x-ms-request-duration-ms=11.565, x-ms-session-token=0:-1#99, lsn=99, x-ms-request-charge=2, x-ms-schemaversion=1.21, x-ms-transport-request-id=234440, x-ms-number-of-read-regions=0, x-ms-cosmos-internal-partition-id=b66d394c-e21e-4313-8c8d-d26074fbeec7, x-ms-activity-id=7c0e663e-5d2b-42cc-8eec-92015003c6e3, strict-transport-security=max-age=31536000, x-http2-stream-id=3, x-ms-xp-role=1, x-ms-global-committed-lsn=99, x-ms-cosmos-llsn=99, x-ms-gatewayversion=version=2.14.0, content-location=https://swkrish-session-northeurope.documents-test.windows-int.net/dbs/db1/colls/c2, content-type=application/json, x-ms-serviceversion=version=2.14.0.0}","endpoint":"https://swkrish-session-northeurope.documents-test.windows-int.net:443/dbs/db1/colls/c2","isHubRegionProcessingOnly":"false","perPartitionCircuitBreakerInfoHolder":{"perPartitionCircuitBreakerInfoHolder":null},"perPartitionAutomaticFailoverInfoHolder":null,"channelId":"aa19cff2/1","parentChannelId":"aa19cff2","isHttp2":true}],"samplingRateSnapshot":1.0,"bloomFilterInsertionCountSnapshot":0,"systemInformation":{"usedMemory":"17806 KB","availableMemory":"12491378 KB","systemCpuLoad":"empty","availableProcessors":8},"clientCfgs":{"id":15,"machineId":"uuid:b3cdf150-3cda-4ac2-8395-00b4b1473609","connectionMode":"GATEWAY","numberOfClients":0,"isPpafEnabled":"false","isFalseProgSessionTokenMergeEnabled":"true","excrgns":"[]","clientEndpoints":{"https://swkrish-session.documents-test.windows-int.net:443/":15},"connCfg":{"rntbd":null,"gw":"(cps:1000, nrto:PT1M, icto:PT1M, cto:PT45S, gwV2Cto:PT5S, p:false, http2:(enabled:true, maxc:1000, minc:8, maxs:30))","other":"(ed: true, cs: false, rv: true)"},"consistencyCfg":"(consistency: Session, readConsistencyStrategy: null,  mm: true, prgns: [])","proactiveInitCfg":"","e2ePolicyCfg":"","sessionRetryCfg":""}}}
at com.azure.cosmos.BridgeInternal.createCosmosException(BridgeInternal.java:425)
at com.azure.cosmos.implementation.RxGatewayStoreModel.validateOrThrow(RxGatewayStoreModel.java:779)
at com.azure.cosmos.implementation.RxGatewayStoreModel.unwrapToStoreResponse(RxGatewayStoreModel.java:233)
at com.azure.cosmos.implementation.RxGatewayStoreModel.lambda$toDocumentServiceResponse$4(RxGatewayStoreModel.java:565)
at reactor.core.publisher.FluxMap$MapConditionalSubscriber.onNext(FluxMap.java:208)
at reactor.core.publisher.MonoPublishOn$PublishOnSubscriber.run(MonoPublishOn.java:181)
at reactor.core.scheduler.SchedulerTask.call(SchedulerTask.java:68)
at reactor.core.scheduler.SchedulerTask.call(SchedulerTask.java:28)
at java.base/java.util.concurrent.FutureTask.run(FutureTask.java:264)
at java.base/java.util.concurrent.ScheduledThreadPoolExecutor$ScheduledFutureTask.run(ScheduledThreadPoolExecutor.java:304)
at java.base/java.util.concurrent.ThreadPoolExecutor.runWorker(ThreadPoolExecutor.java:1136)
at java.base/java.util.concurrent.ThreadPoolExecutor$Worker.run(ThreadPoolExecutor.java:635)
at java.base/java.lang.Thread.run(Thread.java:833)
Suppressed: java.lang.Exception: #block terminated with an error
at reactor.core.publisher.BlockingSingleSubscriber.blockingGet(BlockingSingleSubscriber.java:104)
at reactor.core.publisher.Mono.block(Mono.java:1779)
at com.azure.cosmos.implementation.ThinClientE2ETest.testThinClientQuery(ThinClientE2ETest.java:74)
at java.base/jdk.internal.reflect.DirectMethodHandleAccessor.invoke(DirectMethodHandleAccessor.java:104)
at java.base/java.lang.reflect.Method.invoke(Method.java:577)
at org.testng.internal.invokers.MethodInvocationHelper.invokeMethod(MethodInvocationHelper.java:136)
at org.testng.internal.invokers.TestInvoker.invokeMethod(TestInvoker.java:658)
at org.testng.internal.invokers.TestInvoker.retryFailed(TestInvoker.java:261)
at org.testng.internal.invokers.MethodRunner.runInSequence(MethodRunner.java:62)
at org.testng.internal.invokers.TestInvoker$MethodInvocationAgent.invoke(TestInvoker.java:923)
at org.testng.internal.invokers.TestInvoker.invokeTestMethods(TestInvoker.java:192)
at org.testng.internal.invokers.TestMethodWorker.invokeTestMethods(TestMethodWorker.java:146)
at org.testng.internal.invokers.TestMethodWorker.run(TestMethodWorker.java:128)
at java.base/java.util.ArrayList.forEach(ArrayList.java:1511)
at org.testng.TestRunner.privateRun(TestRunner.java:808)
at org.testng.TestRunner.run(TestRunner.java:603)
at org.testng.SuiteRunner.runTest(SuiteRunner.java:429)
at org.testng.SuiteRunner.runSequentially(SuiteRunner.java:423)
at org.testng.SuiteRunner.privateRun(SuiteRunner.java:383)
at org.testng.SuiteRunner.run(SuiteRunner.java:326)
at org.testng.SuiteRunnerWorker.runSuite(SuiteRunnerWorker.java:52)
at org.testng.SuiteRunnerWorker.run(SuiteRunnerWorker.java:95)
at org.testng.TestNG.runSuitesSequentially(TestNG.java:1249)
at org.testng.TestNG.runSuitesLocally(TestNG.java:1169)
at org.testng.TestNG.runSuites(TestNG.java:1092)
at org.testng.TestNG.run(TestNG.java:1060)
at org.testng.TestNG.privateMain(TestNG.java:1403)
at org.testng.TestNG.main(TestNG.java:1367)
]]>
    </failure>
  </testcase> <!-- testThinClientQuery -->
</testsuite> <!-- Command line test -->
