<?xml version="1.0" encoding="UTF-8"?>
<testng-results retried="10" ignored="0" total="15" passed="0" failed="5" skipped="0">
  <reporter-output>
  </reporter-output>
  <suite started-at="2026-04-16T19:48:32 EDT" name="Command line suite" finished-at="2026-04-16T19:48:59 EDT" duration-ms="26493">
    <groups>
      <group name="thinclient">
        <method signature="ThinClientE2ETest.testThinClientBatch()[pri:0, instance:com.azure.cosmos.implementation.ThinClientE2ETest@2812b107]" name="testThinClientBatch" class="com.azure.cosmos.implementation.ThinClientE2ETest"/>
        <method signature="ThinClientE2ETest.testThinClientBulk()[pri:0, instance:com.azure.cosmos.implementation.ThinClientE2ETest@2812b107]" name="testThinClientBulk" class="com.azure.cosmos.implementation.ThinClientE2ETest"/>
        <method signature="ThinClientE2ETest.testThinClientDocumentPointOperations()[pri:0, instance:com.azure.cosmos.implementation.ThinClientE2ETest@2812b107]" name="testThinClientDocumentPointOperations" class="com.azure.cosmos.implementation.ThinClientE2ETest"/>
        <method signature="ThinClientE2ETest.testThinClientIncrementalChangeFeed()[pri:0, instance:com.azure.cosmos.implementation.ThinClientE2ETest@2812b107]" name="testThinClientIncrementalChangeFeed" class="com.azure.cosmos.implementation.ThinClientE2ETest"/>
        <method signature="ThinClientE2ETest.testThinClientQuery()[pri:0, instance:com.azure.cosmos.implementation.ThinClientE2ETest@2812b107]" name="testThinClientQuery" class="com.azure.cosmos.implementation.ThinClientE2ETest"/>
      </group> <!-- thinclient -->
    </groups>
    <test started-at="2026-04-16T19:48:32 EDT" name="Command line test" finished-at="2026-04-16T19:48:59 EDT" duration-ms="26493">
      <class name="com.azure.cosmos.implementation.ThinClientE2ETest">
        <test-method retried="true" signature="testThinClientBatch()[pri:0, instance:com.azure.cosmos.implementation.ThinClientE2ETest@2812b107]" started-at="2026-04-16T19:48:32 EDT" name="testThinClientBatch" finished-at="2026-04-16T19:48:37 EDT" duration-ms="4526" status="SKIP">
          <exception class="com.azure.cosmos.CosmosException">
            <message>
              <![CDATA[{"innerErrorMessage":"Message: {\"Errors\":[\"Resource Not Found. Learn more: https://aka.ms/cosmosdb-tsg-not-found\"]}\r\nActivityId: 0b47177c-b4df-43f7-9811-b2bc0a5ed7b9, Request URI: /apps/e5edab09-e651-4b3c-a603-1230655f3d07/services/4b24e143-71b7-47e6-91ee-08e7b832ec07/partitions/b66d394c-e21e-4313-8c8d-d26074fbeec7/replicas/134185142045977687s, RequestStats: , SDK: Microsoft.Azure.Documents.Common/2.14.0, StatusCode: NotFound","cosmosDiagnostics":{"userAgent":"azsdk-java-cosmos/4.80.0-beta.1 Windows11/10.0 JRE/18.0.2.1|F14","activityId":"0b47177c-b4df-43f7-9811-b2bc0a5ed7b9","requestLatencyInMs":836,"requestStartTimeUTC":"2026-04-16T23:48:36.388735Z","requestEndTimeUTC":"2026-04-16T23:48:37.225571900Z","responseStatisticsList":[],"supplementalResponseStatisticsList":[],"addressResolutionStatistics":{},"regionsContacted":["north europe"],"retryContext":{"statusAndSubStatusCodes":null,"retryCount":0,"retryLatency":0},"metadataDiagnosticsContext":{"metadataDiagnosticList":null,"empty":true},"serializationDiagnosticsContext":{"serializationDiagnosticsList":null},"gatewayStatisticsList":[{"sessionToken":"0:-1#99","operationType":"Read","resourceType":"DocumentCollection","statusCode":404,"subStatusCode":0,"requestCharge":2.0,"requestTimeline":[{"eventName":"connectionCreated","startTimeUTC":"2026-04-16T23:48:36.391759600Z","durationInMilliSecs":701.7473},{"eventName":"connectionConfigured","startTimeUTC":"2026-04-16T23:48:37.093506900Z","durationInMilliSecs":0.0},{"eventName":"requestSent","startTimeUTC":"2026-04-16T23:48:37.093506900Z","durationInMilliSecs":1.0109},{"eventName":"transitTime","startTimeUTC":"2026-04-16T23:48:37.094517800Z","durationInMilliSecs":124.0545},{"eventName":"received","startTimeUTC":"2026-04-16T23:48:37.218572300Z","durationInMilliSecs":1.0}],"partitionKeyRangeId":null,"responsePayloadSizeInBytes":0,"httpNetworkResponseTimeout":"PT1M","exceptionMessage":"Message: {\"Errors\":[\"Resource Not Found. Learn more: https://aka.ms/cosmosdb-tsg-not-found\"]}\r\nActivityId: 0b47177c-b4df-43f7-9811-b2bc0a5ed7b9, Request URI: /apps/e5edab09-e651-4b3c-a603-1230655f3d07/services/4b24e143-71b7-47e6-91ee-08e7b832ec07/partitions/b66d394c-e21e-4313-8c8d-d26074fbeec7/replicas/134185142045977687s, RequestStats: , SDK: Microsoft.Azure.Documents.Common/2.14.0, StatusCode: NotFound","exceptionResponseHeaders":"{date=Thu, 16 Apr 2026 23:48:37 GMT, server=Microsoft-HTTPAPI/2.0, content-length=423, x-ms-last-state-change-utc=Wed, 01 Apr 2026 06:40:07.166 GMT, x-ms-request-duration-ms=10.819, x-ms-session-token=0:-1#99, lsn=99, x-ms-request-charge=2, x-ms-schemaversion=1.21, x-ms-transport-request-id=280845, x-ms-number-of-read-regions=0, x-ms-cosmos-internal-partition-id=b66d394c-e21e-4313-8c8d-d26074fbeec7, x-ms-activity-id=0b47177c-b4df-43f7-9811-b2bc0a5ed7b9, strict-transport-security=max-age=31536000, x-http2-stream-id=3, x-ms-xp-role=2, x-ms-global-committed-lsn=99, x-ms-cosmos-llsn=99, x-ms-gatewayversion=version=2.14.0, content-location=https://swkrish-session-northeurope.documents-test.windows-int.net/dbs/db1/colls/c2, content-type=application/json, x-ms-serviceversion=version=2.14.0.0}","endpoint":"https://swkrish-session-northeurope.documents-test.windows-int.net:443/dbs/db1/colls/c2","isHubRegionProcessingOnly":"false","perPartitionCircuitBreakerInfoHolder":{"perPartitionCircuitBreakerInfoHolder":null},"perPartitionAutomaticFailoverInfoHolder":null,"channelId":"c793ec46/1","parentChannelId":"c793ec46","isHttp2":true}],"samplingRateSnapshot":1.0,"bloomFilterInsertionCountSnapshot":0,"systemInformation":{"usedMemory":"30622 KB","availableMemory":"12478562 KB","systemCpuLoad":"empty","availableProcessors":8},"clientCfgs":{"id":1,"machineId":"uuid:aabb364a-80c6-4b4c-ae65-e31bae48b35b","connectionMode":"GATEWAY","numberOfClients":0,"isPpafEnabled":"false","isFalseProgSessionTokenMergeEnabled":"true","excrgns":"[]","clientEndpoints":{"https://swkrish-session.documents-test.windows-int.net:443/":15},"connCfg":{"rntbd":null,"gw":"(cps:1000, nrto:PT1M, icto:PT1M, cto:PT45S, gwV2Cto:PT5S, p:false, http2:(enabled:true, maxc:1000, minc:8, maxs:30))","other":"(ed: true, cs: false, rv: true)"},"consistencyCfg":"(consistency: Session, readConsistencyStrategy: null,  mm: true, prgns: [])","proactiveInitCfg":"","e2ePolicyCfg":"","sessionRetryCfg":""}}}]]>
            </message>
            <full-stacktrace>
              <![CDATA[{"ClassName":"CosmosException","userAgent":"azsdk-java-cosmos/4.80.0-beta.1 Windows11/10.0 JRE/18.0.2.1","statusCode":404,"resourceAddress":"https://swkrish-session-northeurope.documents-test.windows-int.net:443/dbs/db1/colls/c2","error":"{\"code\":\"NotFound\",\"message\":\"Message: {\\\"Errors\\\":[\\\"Resource Not Found. Learn more: https://aka.ms/cosmosdb-tsg-not-found\\\"]}\\r\\nActivityId: 0b47177c-b4df-43f7-9811-b2bc0a5ed7b9, Request URI: /apps/e5edab09-e651-4b3c-a603-1230655f3d07/services/4b24e143-71b7-47e6-91ee-08e7b832ec07/partitions/b66d394c-e21e-4313-8c8d-d26074fbeec7/replicas/134185142045977687s, RequestStats: , SDK: Microsoft.Azure.Documents.Common/2.14.0, StatusCode: NotFound\",\"additionalErrorInfo\":null}","innerErrorMessage":"Message: {\"Errors\":[\"Resource Not Found. Learn more: https://aka.ms/cosmosdb-tsg-not-found\"]}\r\nActivityId: 0b47177c-b4df-43f7-9811-b2bc0a5ed7b9, Request URI: /apps/e5edab09-e651-4b3c-a603-1230655f3d07/services/4b24e143-71b7-47e6-91ee-08e7b832ec07/partitions/b66d394c-e21e-4313-8c8d-d26074fbeec7/replicas/134185142045977687s, RequestStats: , SDK: Microsoft.Azure.Documents.Common/2.14.0, StatusCode: NotFound","causeInfo":null,"responseHeaders":"{date=Thu, 16 Apr 2026 23:48:37 GMT, server=Microsoft-HTTPAPI/2.0, content-length=423, x-ms-last-state-change-utc=Wed, 01 Apr 2026 06:40:07.166 GMT, x-ms-request-duration-ms=10.819, x-ms-session-token=0:-1#99, lsn=99, x-ms-request-charge=2, x-ms-schemaversion=1.21, x-ms-transport-request-id=280845, x-ms-number-of-read-regions=0, x-ms-cosmos-internal-partition-id=b66d394c-e21e-4313-8c8d-d26074fbeec7, x-ms-activity-id=0b47177c-b4df-43f7-9811-b2bc0a5ed7b9, strict-transport-security=max-age=31536000, x-http2-stream-id=3, x-ms-xp-role=2, x-ms-global-committed-lsn=99, x-ms-cosmos-llsn=99, x-ms-gatewayversion=version=2.14.0, content-location=https://swkrish-session-northeurope.documents-test.windows-int.net/dbs/db1/colls/c2, content-type=application/json, x-ms-serviceversion=version=2.14.0.0, x-ms-substatus=1003}","requestHeaders":"[x-ms-date=Thu, 16 Apr 2026 23:48:36 GMT]","cosmosDiagnostics":{"userAgent":"azsdk-java-cosmos/4.80.0-beta.1 Windows11/10.0 JRE/18.0.2.1|F14","activityId":"0b47177c-b4df-43f7-9811-b2bc0a5ed7b9","requestLatencyInMs":836,"requestStartTimeUTC":"2026-04-16T23:48:36.388735Z","requestEndTimeUTC":"2026-04-16T23:48:37.225571900Z","responseStatisticsList":[],"supplementalResponseStatisticsList":[],"addressResolutionStatistics":{},"regionsContacted":["north europe"],"retryContext":{"statusAndSubStatusCodes":null,"retryCount":0,"retryLatency":0},"metadataDiagnosticsContext":{"metadataDiagnosticList":null,"empty":true},"serializationDiagnosticsContext":{"serializationDiagnosticsList":null},"gatewayStatisticsList":[{"sessionToken":"0:-1#99","operationType":"Read","resourceType":"DocumentCollection","statusCode":404,"subStatusCode":0,"requestCharge":2.0,"requestTimeline":[{"eventName":"connectionCreated","startTimeUTC":"2026-04-16T23:48:36.391759600Z","durationInMilliSecs":701.7473},{"eventName":"connectionConfigured","startTimeUTC":"2026-04-16T23:48:37.093506900Z","durationInMilliSecs":0.0},{"eventName":"requestSent","startTimeUTC":"2026-04-16T23:48:37.093506900Z","durationInMilliSecs":1.0109},{"eventName":"transitTime","startTimeUTC":"2026-04-16T23:48:37.094517800Z","durationInMilliSecs":124.0545},{"eventName":"received","startTimeUTC":"2026-04-16T23:48:37.218572300Z","durationInMilliSecs":1.0}],"partitionKeyRangeId":null,"responsePayloadSizeInBytes":0,"httpNetworkResponseTimeout":"PT1M","exceptionMessage":"Message: {\"Errors\":[\"Resource Not Found. Learn more: https://aka.ms/cosmosdb-tsg-not-found\"]}\r\nActivityId: 0b47177c-b4df-43f7-9811-b2bc0a5ed7b9, Request URI: /apps/e5edab09-e651-4b3c-a603-1230655f3d07/services/4b24e143-71b7-47e6-91ee-08e7b832ec07/partitions/b66d394c-e21e-4313-8c8d-d26074fbeec7/replicas/134185142045977687s, RequestStats: , SDK: Microsoft.Azure.Documents.Common/2.14.0, StatusCode: NotFound","exceptionResponseHeaders":"{date=Thu, 16 Apr 2026 23:48:37 GMT, server=Microsoft-HTTPAPI/2.0, content-length=423, x-ms-last-state-change-utc=Wed, 01 Apr 2026 06:40:07.166 GMT, x-ms-request-duration-ms=10.819, x-ms-session-token=0:-1#99, lsn=99, x-ms-request-charge=2, x-ms-schemaversion=1.21, x-ms-transport-request-id=280845, x-ms-number-of-read-regions=0, x-ms-cosmos-internal-partition-id=b66d394c-e21e-4313-8c8d-d26074fbeec7, x-ms-activity-id=0b47177c-b4df-43f7-9811-b2bc0a5ed7b9, strict-transport-security=max-age=31536000, x-http2-stream-id=3, x-ms-xp-role=2, x-ms-global-committed-lsn=99, x-ms-cosmos-llsn=99, x-ms-gatewayversion=version=2.14.0, content-location=https://swkrish-session-northeurope.documents-test.windows-int.net/dbs/db1/colls/c2, content-type=application/json, x-ms-serviceversion=version=2.14.0.0}","endpoint":"https://swkrish-session-northeurope.documents-test.windows-int.net:443/dbs/db1/colls/c2","isHubRegionProcessingOnly":"false","perPartitionCircuitBreakerInfoHolder":{"perPartitionCircuitBreakerInfoHolder":null},"perPartitionAutomaticFailoverInfoHolder":null,"channelId":"c793ec46/1","parentChannelId":"c793ec46","isHttp2":true}],"samplingRateSnapshot":1.0,"bloomFilterInsertionCountSnapshot":0,"systemInformation":{"usedMemory":"31060 KB","availableMemory":"12478124 KB","systemCpuLoad":"empty","availableProcessors":8},"clientCfgs":{"id":1,"machineId":"uuid:aabb364a-80c6-4b4c-ae65-e31bae48b35b","connectionMode":"GATEWAY","numberOfClients":0,"isPpafEnabled":"false","isFalseProgSessionTokenMergeEnabled":"true","excrgns":"[]","clientEndpoints":{"https://swkrish-session.documents-test.windows-int.net:443/":15},"connCfg":{"rntbd":null,"gw":"(cps:1000, nrto:PT1M, icto:PT1M, cto:PT45S, gwV2Cto:PT5S, p:false, http2:(enabled:true, maxc:1000, minc:8, maxs:30))","other":"(ed: true, cs: false, rv: true)"},"consistencyCfg":"(consistency: Session, readConsistencyStrategy: null,  mm: true, prgns: [])","proactiveInitCfg":"","e2ePolicyCfg":"","sessionRetryCfg":""}}}
at com.azure.cosmos.BridgeInternal.createCosmosException(BridgeInternal.java:425)
at com.azure.cosmos.implementation.RxGatewayStoreModel.validateOrThrow(RxGatewayStoreModel.java:779)
at com.azure.cosmos.implementation.RxGatewayStoreModel.unwrapToStoreResponse(RxGatewayStoreModel.java:233)
at com.azure.cosmos.implementation.RxGatewayStoreModel.lambda$toDocumentServiceResponse$4(RxGatewayStoreModel.java:565)
at reactor.core.publisher.FluxMap$MapConditionalSubscriber.onNext(FluxMap.java:208)
at reactor.core.publisher.MonoPublishOn$PublishOnSubscriber.run(MonoPublishOn.java:181)
at reactor.core.scheduler.SchedulerTask.call(SchedulerTask.java:68)
at reactor.core.scheduler.SchedulerTask.call(SchedulerTask.java:28)
at java.base/java.util.concurrent.FutureTask.run(FutureTask.java:264)
at java.base/java.util.concurrent.ScheduledThreadPoolExecutor$ScheduledFutureTask.run(ScheduledThreadPoolExecutor.java:304)
at java.base/java.util.concurrent.ThreadPoolExecutor.runWorker(ThreadPoolExecutor.java:1136)
at java.base/java.util.concurrent.ThreadPoolExecutor$Worker.run(ThreadPoolExecutor.java:635)
at java.base/java.lang.Thread.run(Thread.java:833)
Suppressed: java.lang.Exception: #block terminated with an error
at reactor.core.publisher.BlockingSingleSubscriber.blockingGet(BlockingSingleSubscriber.java:104)
at reactor.core.publisher.Mono.block(Mono.java:1779)
at com.azure.cosmos.implementation.ThinClientE2ETest.testThinClientBatch(ThinClientE2ETest.java:176)
at java.base/jdk.internal.reflect.DirectMethodHandleAccessor.invoke(DirectMethodHandleAccessor.java:104)
at java.base/java.lang.reflect.Method.invoke(Method.java:577)
at org.testng.internal.invokers.MethodInvocationHelper.invokeMethod(MethodInvocationHelper.java:136)
at org.testng.internal.invokers.TestInvoker.invokeMethod(TestInvoker.java:658)
at org.testng.internal.invokers.TestInvoker.invokeTestMethod(TestInvoker.java:219)
at org.testng.internal.invokers.MethodRunner.runInSequence(MethodRunner.java:50)
at org.testng.internal.invokers.TestInvoker$MethodInvocationAgent.invoke(TestInvoker.java:923)
at org.testng.internal.invokers.TestInvoker.invokeTestMethods(TestInvoker.java:192)
at org.testng.internal.invokers.TestMethodWorker.invokeTestMethods(TestMethodWorker.java:146)
at org.testng.internal.invokers.TestMethodWorker.run(TestMethodWorker.java:128)
at java.base/java.util.ArrayList.forEach(ArrayList.java:1511)
at org.testng.TestRunner.privateRun(TestRunner.java:808)
at org.testng.TestRunner.run(TestRunner.java:603)
at org.testng.SuiteRunner.runTest(SuiteRunner.java:429)
at org.testng.SuiteRunner.runSequentially(SuiteRunner.java:423)
at org.testng.SuiteRunner.privateRun(SuiteRunner.java:383)
at org.testng.SuiteRunner.run(SuiteRunner.java:326)
at org.testng.SuiteRunnerWorker.runSuite(SuiteRunnerWorker.java:52)
at org.testng.SuiteRunnerWorker.run(SuiteRunnerWorker.java:95)
at org.testng.TestNG.runSuitesSequentially(TestNG.java:1249)
at org.testng.TestNG.runSuitesLocally(TestNG.java:1169)
at org.testng.TestNG.runSuites(TestNG.java:1092)
at org.testng.TestNG.run(TestNG.java:1060)
at org.testng.TestNG.privateMain(TestNG.java:1403)
at org.testng.TestNG.main(TestNG.java:1367)
]]>
            </full-stacktrace>
          </exception> <!-- com.azure.cosmos.CosmosException -->
          <reporter-output>
          </reporter-output>
        </test-method> <!-- testThinClientBatch -->
        <test-method retried="true" signature="testThinClientBatch()[pri:0, instance:com.azure.cosmos.implementation.ThinClientE2ETest@2812b107]" started-at="2026-04-16T19:48:37 EDT" name="testThinClientBatch" finished-at="2026-04-16T19:48:38 EDT" duration-ms="1283" status="SKIP">
          <exception class="com.azure.cosmos.CosmosException">
            <message>
              <![CDATA[{"innerErrorMessage":"Message: {\"Errors\":[\"Resource Not Found. Learn more: https://aka.ms/cosmosdb-tsg-not-found\"]}\r\nActivityId: f3e0bbf0-e156-45a2-b992-3445f4f1d6bd, Request URI: /apps/e5edab09-e651-4b3c-a603-1230655f3d07/services/4b24e143-71b7-47e6-91ee-08e7b832ec07/partitions/b66d394c-e21e-4313-8c8d-d26074fbeec7/replicas/134185142045977688s, RequestStats: , SDK: Microsoft.Azure.Documents.Common/2.14.0, StatusCode: NotFound","cosmosDiagnostics":{"userAgent":"azsdk-java-cosmos/4.80.0-beta.1 Windows11/10.0 JRE/18.0.2.1|F14","activityId":"f3e0bbf0-e156-45a2-b992-3445f4f1d6bd","requestLatencyInMs":676,"requestStartTimeUTC":"2026-04-16T23:48:37.929845200Z","requestEndTimeUTC":"2026-04-16T23:48:38.606156200Z","responseStatisticsList":[],"supplementalResponseStatisticsList":[],"addressResolutionStatistics":{},"regionsContacted":["north europe"],"retryContext":{"statusAndSubStatusCodes":null,"retryCount":0,"retryLatency":0},"metadataDiagnosticsContext":{"metadataDiagnosticList":null,"empty":true},"serializationDiagnosticsContext":{"serializationDiagnosticsList":null},"gatewayStatisticsList":[{"sessionToken":"0:-1#99","operationType":"Read","resourceType":"DocumentCollection","statusCode":404,"subStatusCode":0,"requestCharge":2.0,"requestTimeline":[{"eventName":"connectionCreated","startTimeUTC":"2026-04-16T23:48:37.929845200Z","durationInMilliSecs":453.2505},{"eventName":"connectionConfigured","startTimeUTC":"2026-04-16T23:48:38.383095700Z","durationInMilliSecs":1.0053},{"eventName":"requestSent","startTimeUTC":"2026-04-16T23:48:38.384101Z","durationInMilliSecs":0.0},{"eventName":"transitTime","startTimeUTC":"2026-04-16T23:48:38.384101Z","durationInMilliSecs":218.8253},{"eventName":"received","startTimeUTC":"2026-04-16T23:48:38.602926300Z","durationInMilliSecs":2.0081}],"partitionKeyRangeId":null,"responsePayloadSizeInBytes":0,"httpNetworkResponseTimeout":"PT1M","exceptionMessage":"Message: {\"Errors\":[\"Resource Not Found. Learn more: https://aka.ms/cosmosdb-tsg-not-found\"]}\r\nActivityId: f3e0bbf0-e156-45a2-b992-3445f4f1d6bd, Request URI: /apps/e5edab09-e651-4b3c-a603-1230655f3d07/services/4b24e143-71b7-47e6-91ee-08e7b832ec07/partitions/b66d394c-e21e-4313-8c8d-d26074fbeec7/replicas/134185142045977688s, RequestStats: , SDK: Microsoft.Azure.Documents.Common/2.14.0, StatusCode: NotFound","exceptionResponseHeaders":"{date=Thu, 16 Apr 2026 23:48:39 GMT, server=Microsoft-HTTPAPI/2.0, content-length=423, x-ms-last-state-change-utc=Tue, 31 Mar 2026 23:45:26.872 GMT, x-ms-request-duration-ms=27.741, x-ms-session-token=0:-1#99, lsn=99, x-ms-request-charge=2, x-ms-schemaversion=1.21, x-ms-transport-request-id=234412, x-ms-number-of-read-regions=0, x-ms-cosmos-internal-partition-id=b66d394c-e21e-4313-8c8d-d26074fbeec7, x-ms-activity-id=f3e0bbf0-e156-45a2-b992-3445f4f1d6bd, strict-transport-security=max-age=31536000, x-http2-stream-id=3, x-ms-xp-role=1, x-ms-global-committed-lsn=99, x-ms-cosmos-llsn=99, x-ms-gatewayversion=version=2.14.0, content-location=https://swkrish-session-northeurope.documents-test.windows-int.net/dbs/db1/colls/c2, content-type=application/json, x-ms-serviceversion=version=2.14.0.0}","endpoint":"https://swkrish-session-northeurope.documents-test.windows-int.net:443/dbs/db1/colls/c2","isHubRegionProcessingOnly":"false","perPartitionCircuitBreakerInfoHolder":{"perPartitionCircuitBreakerInfoHolder":null},"perPartitionAutomaticFailoverInfoHolder":null,"channelId":"32956711/1","parentChannelId":"32956711","isHttp2":true}],"samplingRateSnapshot":1.0,"bloomFilterInsertionCountSnapshot":0,"systemInformation":{"usedMemory":"31060 KB","availableMemory":"12478124 KB","systemCpuLoad":"empty","availableProcessors":8},"clientCfgs":{"id":2,"machineId":"uuid:aabb364a-80c6-4b4c-ae65-e31bae48b35b","connectionMode":"GATEWAY","numberOfClients":0,"isPpafEnabled":"false","isFalseProgSessionTokenMergeEnabled":"true","excrgns":"[]","clientEndpoints":{"https://swkrish-session.documents-test.windows-int.net:443/":15},"connCfg":{"rntbd":null,"gw":"(cps:1000, nrto:PT1M, icto:PT1M, cto:PT45S, gwV2Cto:PT5S, p:false, http2:(enabled:true, maxc:1000, minc:8, maxs:30))","other":"(ed: true, cs: false, rv: true)"},"consistencyCfg":"(consistency: Session, readConsistencyStrategy: null,  mm: true, prgns: [])","proactiveInitCfg":"","e2ePolicyCfg":"","sessionRetryCfg":""}}}]]>
            </message>
            <full-stacktrace>
              <![CDATA[{"ClassName":"CosmosException","userAgent":"azsdk-java-cosmos/4.80.0-beta.1 Windows11/10.0 JRE/18.0.2.1","statusCode":404,"resourceAddress":"https://swkrish-session-northeurope.documents-test.windows-int.net:443/dbs/db1/colls/c2","error":"{\"code\":\"NotFound\",\"message\":\"Message: {\\\"Errors\\\":[\\\"Resource Not Found. Learn more: https://aka.ms/cosmosdb-tsg-not-found\\\"]}\\r\\nActivityId: f3e0bbf0-e156-45a2-b992-3445f4f1d6bd, Request URI: /apps/e5edab09-e651-4b3c-a603-1230655f3d07/services/4b24e143-71b7-47e6-91ee-08e7b832ec07/partitions/b66d394c-e21e-4313-8c8d-d26074fbeec7/replicas/134185142045977688s, RequestStats: , SDK: Microsoft.Azure.Documents.Common/2.14.0, StatusCode: NotFound\",\"additionalErrorInfo\":null}","innerErrorMessage":"Message: {\"Errors\":[\"Resource Not Found. Learn more: https://aka.ms/cosmosdb-tsg-not-found\"]}\r\nActivityId: f3e0bbf0-e156-45a2-b992-3445f4f1d6bd, Request URI: /apps/e5edab09-e651-4b3c-a603-1230655f3d07/services/4b24e143-71b7-47e6-91ee-08e7b832ec07/partitions/b66d394c-e21e-4313-8c8d-d26074fbeec7/replicas/134185142045977688s, RequestStats: , SDK: Microsoft.Azure.Documents.Common/2.14.0, StatusCode: NotFound","causeInfo":null,"responseHeaders":"{date=Thu, 16 Apr 2026 23:48:39 GMT, server=Microsoft-HTTPAPI/2.0, content-length=423, x-ms-last-state-change-utc=Tue, 31 Mar 2026 23:45:26.872 GMT, x-ms-request-duration-ms=27.741, x-ms-session-token=0:-1#99, lsn=99, x-ms-request-charge=2, x-ms-schemaversion=1.21, x-ms-transport-request-id=234412, x-ms-number-of-read-regions=0, x-ms-cosmos-internal-partition-id=b66d394c-e21e-4313-8c8d-d26074fbeec7, x-ms-activity-id=f3e0bbf0-e156-45a2-b992-3445f4f1d6bd, strict-transport-security=max-age=31536000, x-http2-stream-id=3, x-ms-xp-role=1, x-ms-global-committed-lsn=99, x-ms-cosmos-llsn=99, x-ms-gatewayversion=version=2.14.0, content-location=https://swkrish-session-northeurope.documents-test.windows-int.net/dbs/db1/colls/c2, content-type=application/json, x-ms-serviceversion=version=2.14.0.0, x-ms-substatus=1003}","requestHeaders":"[x-ms-date=Thu, 16 Apr 2026 23:48:37 GMT]","cosmosDiagnostics":{"userAgent":"azsdk-java-cosmos/4.80.0-beta.1 Windows11/10.0 JRE/18.0.2.1|F14","activityId":"f3e0bbf0-e156-45a2-b992-3445f4f1d6bd","requestLatencyInMs":676,"requestStartTimeUTC":"2026-04-16T23:48:37.929845200Z","requestEndTimeUTC":"2026-04-16T23:48:38.606156200Z","responseStatisticsList":[],"supplementalResponseStatisticsList":[],"addressResolutionStatistics":{},"regionsContacted":["north europe"],"retryContext":{"statusAndSubStatusCodes":null,"retryCount":0,"retryLatency":0},"metadataDiagnosticsContext":{"metadataDiagnosticList":null,"empty":true},"serializationDiagnosticsContext":{"serializationDiagnosticsList":null},"gatewayStatisticsList":[{"sessionToken":"0:-1#99","operationType":"Read","resourceType":"DocumentCollection","statusCode":404,"subStatusCode":0,"requestCharge":2.0,"requestTimeline":[{"eventName":"connectionCreated","startTimeUTC":"2026-04-16T23:48:37.929845200Z","durationInMilliSecs":453.2505},{"eventName":"connectionConfigured","startTimeUTC":"2026-04-16T23:48:38.383095700Z","durationInMilliSecs":1.0053},{"eventName":"requestSent","startTimeUTC":"2026-04-16T23:48:38.384101Z","durationInMilliSecs":0.0},{"eventName":"transitTime","startTimeUTC":"2026-04-16T23:48:38.384101Z","durationInMilliSecs":218.8253},{"eventName":"received","startTimeUTC":"2026-04-16T23:48:38.602926300Z","durationInMilliSecs":2.0081}],"partitionKeyRangeId":null,"responsePayloadSizeInBytes":0,"httpNetworkResponseTimeout":"PT1M","exceptionMessage":"Message: {\"Errors\":[\"Resource Not Found. Learn more: https://aka.ms/cosmosdb-tsg-not-found\"]}\r\nActivityId: f3e0bbf0-e156-45a2-b992-3445f4f1d6bd, Request URI: /apps/e5edab09-e651-4b3c-a603-1230655f3d07/services/4b24e143-71b7-47e6-91ee-08e7b832ec07/partitions/b66d394c-e21e-4313-8c8d-d26074fbeec7/replicas/134185142045977688s, RequestStats: , SDK: Microsoft.Azure.Documents.Common/2.14.0, StatusCode: NotFound","exceptionResponseHeaders":"{date=Thu, 16 Apr 2026 23:48:39 GMT, server=Microsoft-HTTPAPI/2.0, content-length=423, x-ms-last-state-change-utc=Tue, 31 Mar 2026 23:45:26.872 GMT, x-ms-request-duration-ms=27.741, x-ms-session-token=0:-1#99, lsn=99, x-ms-request-charge=2, x-ms-schemaversion=1.21, x-ms-transport-request-id=234412, x-ms-number-of-read-regions=0, x-ms-cosmos-internal-partition-id=b66d394c-e21e-4313-8c8d-d26074fbeec7, x-ms-activity-id=f3e0bbf0-e156-45a2-b992-3445f4f1d6bd, strict-transport-security=max-age=31536000, x-http2-stream-id=3, x-ms-xp-role=1, x-ms-global-committed-lsn=99, x-ms-cosmos-llsn=99, x-ms-gatewayversion=version=2.14.0, content-location=https://swkrish-session-northeurope.documents-test.windows-int.net/dbs/db1/colls/c2, content-type=application/json, x-ms-serviceversion=version=2.14.0.0}","endpoint":"https://swkrish-session-northeurope.documents-test.windows-int.net:443/dbs/db1/colls/c2","isHubRegionProcessingOnly":"false","perPartitionCircuitBreakerInfoHolder":{"perPartitionCircuitBreakerInfoHolder":null},"perPartitionAutomaticFailoverInfoHolder":null,"channelId":"32956711/1","parentChannelId":"32956711","isHttp2":true}],"samplingRateSnapshot":1.0,"bloomFilterInsertionCountSnapshot":0,"systemInformation":{"usedMemory":"31060 KB","availableMemory":"12478124 KB","systemCpuLoad":"empty","availableProcessors":8},"clientCfgs":{"id":2,"machineId":"uuid:aabb364a-80c6-4b4c-ae65-e31bae48b35b","connectionMode":"GATEWAY","numberOfClients":0,"isPpafEnabled":"false","isFalseProgSessionTokenMergeEnabled":"true","excrgns":"[]","clientEndpoints":{"https://swkrish-session.documents-test.windows-int.net:443/":15},"connCfg":{"rntbd":null,"gw":"(cps:1000, nrto:PT1M, icto:PT1M, cto:PT45S, gwV2Cto:PT5S, p:false, http2:(enabled:true, maxc:1000, minc:8, maxs:30))","other":"(ed: true, cs: false, rv: true)"},"consistencyCfg":"(consistency: Session, readConsistencyStrategy: null,  mm: true, prgns: [])","proactiveInitCfg":"","e2ePolicyCfg":"","sessionRetryCfg":""}}}
at com.azure.cosmos.BridgeInternal.createCosmosException(BridgeInternal.java:425)
at com.azure.cosmos.implementation.RxGatewayStoreModel.validateOrThrow(RxGatewayStoreModel.java:779)
at com.azure.cosmos.implementation.RxGatewayStoreModel.unwrapToStoreResponse(RxGatewayStoreModel.java:233)
at com.azure.cosmos.implementation.RxGatewayStoreModel.lambda$toDocumentServiceResponse$4(RxGatewayStoreModel.java:565)
at reactor.core.publisher.FluxMap$MapConditionalSubscriber.onNext(FluxMap.java:208)
at reactor.core.publisher.MonoPublishOn$PublishOnSubscriber.run(MonoPublishOn.java:181)
at reactor.core.scheduler.SchedulerTask.call(SchedulerTask.java:68)
at reactor.core.scheduler.SchedulerTask.call(SchedulerTask.java:28)
at java.base/java.util.concurrent.FutureTask.run(FutureTask.java:264)
at java.base/java.util.concurrent.ScheduledThreadPoolExecutor$ScheduledFutureTask.run(ScheduledThreadPoolExecutor.java:304)
at java.base/java.util.concurrent.ThreadPoolExecutor.runWorker(ThreadPoolExecutor.java:1136)
at java.base/java.util.concurrent.ThreadPoolExecutor$Worker.run(ThreadPoolExecutor.java:635)
at java.base/java.lang.Thread.run(Thread.java:833)
Suppressed: java.lang.Exception: #block terminated with an error
at reactor.core.publisher.BlockingSingleSubscriber.blockingGet(BlockingSingleSubscriber.java:104)
at reactor.core.publisher.Mono.block(Mono.java:1779)
at com.azure.cosmos.implementation.ThinClientE2ETest.testThinClientBatch(ThinClientE2ETest.java:176)
at java.base/jdk.internal.reflect.DirectMethodHandleAccessor.invoke(DirectMethodHandleAccessor.java:104)
at java.base/java.lang.reflect.Method.invoke(Method.java:577)
at org.testng.internal.invokers.MethodInvocationHelper.invokeMethod(MethodInvocationHelper.java:136)
at org.testng.internal.invokers.TestInvoker.invokeMethod(TestInvoker.java:658)
at org.testng.internal.invokers.TestInvoker.retryFailed(TestInvoker.java:261)
at org.testng.internal.invokers.MethodRunner.runInSequence(MethodRunner.java:62)
at org.testng.internal.invokers.TestInvoker$MethodInvocationAgent.invoke(TestInvoker.java:923)
at org.testng.internal.invokers.TestInvoker.invokeTestMethods(TestInvoker.java:192)
at org.testng.internal.invokers.TestMethodWorker.invokeTestMethods(TestMethodWorker.java:146)
at org.testng.internal.invokers.TestMethodWorker.run(TestMethodWorker.java:128)
at java.base/java.util.ArrayList.forEach(ArrayList.java:1511)
at org.testng.TestRunner.privateRun(TestRunner.java:808)
at org.testng.TestRunner.run(TestRunner.java:603)
at org.testng.SuiteRunner.runTest(SuiteRunner.java:429)
at org.testng.SuiteRunner.runSequentially(SuiteRunner.java:423)
at org.testng.SuiteRunner.privateRun(SuiteRunner.java:383)
at org.testng.SuiteRunner.run(SuiteRunner.java:326)
at org.testng.SuiteRunnerWorker.runSuite(SuiteRunnerWorker.java:52)
at org.testng.SuiteRunnerWorker.run(SuiteRunnerWorker.java:95)
at org.testng.TestNG.runSuitesSequentially(TestNG.java:1249)
at org.testng.TestNG.runSuitesLocally(TestNG.java:1169)
at org.testng.TestNG.runSuites(TestNG.java:1092)
at org.testng.TestNG.run(TestNG.java:1060)
at org.testng.TestNG.privateMain(TestNG.java:1403)
at org.testng.TestNG.main(TestNG.java:1367)
]]>
            </full-stacktrace>
          </exception> <!-- com.azure.cosmos.CosmosException -->
          <reporter-output>
          </reporter-output>
        </test-method> <!-- testThinClientBatch -->
        <test-method signature="testThinClientBatch()[pri:0, instance:com.azure.cosmos.implementation.ThinClientE2ETest@2812b107]" started-at="2026-04-16T19:48:38 EDT" name="testThinClientBatch" finished-at="2026-04-16T19:48:39 EDT" duration-ms="1347" status="FAIL">
          <exception class="com.azure.cosmos.CosmosException">
            <message>
              <![CDATA[{"innerErrorMessage":"Message: {\"Errors\":[\"Resource Not Found. Learn more: https://aka.ms/cosmosdb-tsg-not-found\"]}\r\nActivityId: 4ce5124c-3ea1-4f70-a6fe-c51d4de4778b, Request URI: /apps/e5edab09-e651-4b3c-a603-1230655f3d07/services/4b24e143-71b7-47e6-91ee-08e7b832ec07/partitions/b66d394c-e21e-4313-8c8d-d26074fbeec7/replicas/134185142045977688s, RequestStats: , SDK: Microsoft.Azure.Documents.Common/2.14.0, StatusCode: NotFound","cosmosDiagnostics":{"userAgent":"azsdk-java-cosmos/4.80.0-beta.1 Windows11/10.0 JRE/18.0.2.1|F14","activityId":"4ce5124c-3ea1-4f70-a6fe-c51d4de4778b","requestLatencyInMs":622,"requestStartTimeUTC":"2026-04-16T23:48:39.332992900Z","requestEndTimeUTC":"2026-04-16T23:48:39.955473200Z","responseStatisticsList":[],"supplementalResponseStatisticsList":[],"addressResolutionStatistics":{},"regionsContacted":["north europe"],"retryContext":{"statusAndSubStatusCodes":null,"retryCount":0,"retryLatency":0},"metadataDiagnosticsContext":{"metadataDiagnosticList":null,"empty":true},"serializationDiagnosticsContext":{"serializationDiagnosticsList":null},"gatewayStatisticsList":[{"sessionToken":"0:-1#99","operationType":"Read","resourceType":"DocumentCollection","statusCode":404,"subStatusCode":0,"requestCharge":2.0,"requestTimeline":[{"eventName":"connectionCreated","startTimeUTC":"2026-04-16T23:48:39.333999900Z","durationInMilliSecs":484.4468},{"eventName":"connectionConfigured","startTimeUTC":"2026-04-16T23:48:39.818446700Z","durationInMilliSecs":0.0},{"eventName":"requestSent","startTimeUTC":"2026-04-16T23:48:39.818446700Z","durationInMilliSecs":1.171},{"eventName":"transitTime","startTimeUTC":"2026-04-16T23:48:39.819617700Z","durationInMilliSecs":133.8428},{"eventName":"received","startTimeUTC":"2026-04-16T23:48:39.953460500Z","durationInMilliSecs":1.0076}],"partitionKeyRangeId":null,"responsePayloadSizeInBytes":0,"httpNetworkResponseTimeout":"PT1M","exceptionMessage":"Message: {\"Errors\":[\"Resource Not Found. Learn more: https://aka.ms/cosmosdb-tsg-not-found\"]}\r\nActivityId: 4ce5124c-3ea1-4f70-a6fe-c51d4de4778b, Request URI: /apps/e5edab09-e651-4b3c-a603-1230655f3d07/services/4b24e143-71b7-47e6-91ee-08e7b832ec07/partitions/b66d394c-e21e-4313-8c8d-d26074fbeec7/replicas/134185142045977688s, RequestStats: , SDK: Microsoft.Azure.Documents.Common/2.14.0, StatusCode: NotFound","exceptionResponseHeaders":"{date=Thu, 16 Apr 2026 23:48:40 GMT, server=Microsoft-HTTPAPI/2.0, content-length=423, x-ms-last-state-change-utc=Tue, 31 Mar 2026 23:45:26.872 GMT, x-ms-request-duration-ms=29.855, x-ms-session-token=0:-1#99, lsn=99, x-ms-request-charge=2, x-ms-schemaversion=1.21, x-ms-transport-request-id=240521, x-ms-number-of-read-regions=0, x-ms-cosmos-internal-partition-id=b66d394c-e21e-4313-8c8d-d26074fbeec7, x-ms-activity-id=4ce5124c-3ea1-4f70-a6fe-c51d4de4778b, strict-transport-security=max-age=31536000, x-http2-stream-id=3, x-ms-xp-role=1, x-ms-global-committed-lsn=99, x-ms-cosmos-llsn=99, x-ms-gatewayversion=version=2.14.0, content-location=https://swkrish-session-northeurope.documents-test.windows-int.net/dbs/db1/colls/c2, content-type=application/json, x-ms-serviceversion=version=2.14.0.0}","endpoint":"https://swkrish-session-northeurope.documents-test.windows-int.net:443/dbs/db1/colls/c2","isHubRegionProcessingOnly":"false","perPartitionCircuitBreakerInfoHolder":{"perPartitionCircuitBreakerInfoHolder":null},"perPartitionAutomaticFailoverInfoHolder":null,"channelId":"7c6f1242/1","parentChannelId":"7c6f1242","isHttp2":true}],"samplingRateSnapshot":1.0,"bloomFilterInsertionCountSnapshot":0,"systemInformation":{"usedMemory":"31060 KB","availableMemory":"12478124 KB","systemCpuLoad":"empty","availableProcessors":8},"clientCfgs":{"id":3,"machineId":"uuid:aabb364a-80c6-4b4c-ae65-e31bae48b35b","connectionMode":"GATEWAY","numberOfClients":0,"isPpafEnabled":"false","isFalseProgSessionTokenMergeEnabled":"true","excrgns":"[]","clientEndpoints":{"https://swkrish-session.documents-test.windows-int.net:443/":15},"connCfg":{"rntbd":null,"gw":"(cps:1000, nrto:PT1M, icto:PT1M, cto:PT45S, gwV2Cto:PT5S, p:false, http2:(enabled:true, maxc:1000, minc:8, maxs:30))","other":"(ed: true, cs: false, rv: true)"},"consistencyCfg":"(consistency: Session, readConsistencyStrategy: null,  mm: true, prgns: [])","proactiveInitCfg":"","e2ePolicyCfg":"","sessionRetryCfg":""}}}]]>
            </message>
            <full-stacktrace>
              <![CDATA[{"ClassName":"CosmosException","userAgent":"azsdk-java-cosmos/4.80.0-beta.1 Windows11/10.0 JRE/18.0.2.1","statusCode":404,"resourceAddress":"https://swkrish-session-northeurope.documents-test.windows-int.net:443/dbs/db1/colls/c2","error":"{\"code\":\"NotFound\",\"message\":\"Message: {\\\"Errors\\\":[\\\"Resource Not Found. Learn more: https://aka.ms/cosmosdb-tsg-not-found\\\"]}\\r\\nActivityId: 4ce5124c-3ea1-4f70-a6fe-c51d4de4778b, Request URI: /apps/e5edab09-e651-4b3c-a603-1230655f3d07/services/4b24e143-71b7-47e6-91ee-08e7b832ec07/partitions/b66d394c-e21e-4313-8c8d-d26074fbeec7/replicas/134185142045977688s, RequestStats: , SDK: Microsoft.Azure.Documents.Common/2.14.0, StatusCode: NotFound\",\"additionalErrorInfo\":null}","innerErrorMessage":"Message: {\"Errors\":[\"Resource Not Found. Learn more: https://aka.ms/cosmosdb-tsg-not-found\"]}\r\nActivityId: 4ce5124c-3ea1-4f70-a6fe-c51d4de4778b, Request URI: /apps/e5edab09-e651-4b3c-a603-1230655f3d07/services/4b24e143-71b7-47e6-91ee-08e7b832ec07/partitions/b66d394c-e21e-4313-8c8d-d26074fbeec7/replicas/134185142045977688s, RequestStats: , SDK: Microsoft.Azure.Documents.Common/2.14.0, StatusCode: NotFound","causeInfo":null,"responseHeaders":"{date=Thu, 16 Apr 2026 23:48:40 GMT, server=Microsoft-HTTPAPI/2.0, content-length=423, x-ms-last-state-change-utc=Tue, 31 Mar 2026 23:45:26.872 GMT, x-ms-request-duration-ms=29.855, x-ms-session-token=0:-1#99, lsn=99, x-ms-request-charge=2, x-ms-schemaversion=1.21, x-ms-transport-request-id=240521, x-ms-number-of-read-regions=0, x-ms-cosmos-internal-partition-id=b66d394c-e21e-4313-8c8d-d26074fbeec7, x-ms-activity-id=4ce5124c-3ea1-4f70-a6fe-c51d4de4778b, strict-transport-security=max-age=31536000, x-http2-stream-id=3, x-ms-xp-role=1, x-ms-global-committed-lsn=99, x-ms-cosmos-llsn=99, x-ms-gatewayversion=version=2.14.0, content-location=https://swkrish-session-northeurope.documents-test.windows-int.net/dbs/db1/colls/c2, content-type=application/json, x-ms-serviceversion=version=2.14.0.0, x-ms-substatus=1003}","requestHeaders":"[x-ms-date=Thu, 16 Apr 2026 23:48:39 GMT]","cosmosDiagnostics":{"userAgent":"azsdk-java-cosmos/4.80.0-beta.1 Windows11/10.0 JRE/18.0.2.1|F14","activityId":"4ce5124c-3ea1-4f70-a6fe-c51d4de4778b","requestLatencyInMs":622,"requestStartTimeUTC":"2026-04-16T23:48:39.332992900Z","requestEndTimeUTC":"2026-04-16T23:48:39.955473200Z","responseStatisticsList":[],"supplementalResponseStatisticsList":[],"addressResolutionStatistics":{},"regionsContacted":["north europe"],"retryContext":{"statusAndSubStatusCodes":null,"retryCount":0,"retryLatency":0},"metadataDiagnosticsContext":{"metadataDiagnosticList":null,"empty":true},"serializationDiagnosticsContext":{"serializationDiagnosticsList":null},"gatewayStatisticsList":[{"sessionToken":"0:-1#99","operationType":"Read","resourceType":"DocumentCollection","statusCode":404,"subStatusCode":0,"requestCharge":2.0,"requestTimeline":[{"eventName":"connectionCreated","startTimeUTC":"2026-04-16T23:48:39.333999900Z","durationInMilliSecs":484.4468},{"eventName":"connectionConfigured","startTimeUTC":"2026-04-16T23:48:39.818446700Z","durationInMilliSecs":0.0},{"eventName":"requestSent","startTimeUTC":"2026-04-16T23:48:39.818446700Z","durationInMilliSecs":1.171},{"eventName":"transitTime","startTimeUTC":"2026-04-16T23:48:39.819617700Z","durationInMilliSecs":133.8428},{"eventName":"received","startTimeUTC":"2026-04-16T23:48:39.953460500Z","durationInMilliSecs":1.0076}],"partitionKeyRangeId":null,"responsePayloadSizeInBytes":0,"httpNetworkResponseTimeout":"PT1M","exceptionMessage":"Message: {\"Errors\":[\"Resource Not Found. Learn more: https://aka.ms/cosmosdb-tsg-not-found\"]}\r\nActivityId: 4ce5124c-3ea1-4f70-a6fe-c51d4de4778b, Request URI: /apps/e5edab09-e651-4b3c-a603-1230655f3d07/services/4b24e143-71b7-47e6-91ee-08e7b832ec07/partitions/b66d394c-e21e-4313-8c8d-d26074fbeec7/replicas/134185142045977688s, RequestStats: , SDK: Microsoft.Azure.Documents.Common/2.14.0, StatusCode: NotFound","exceptionResponseHeaders":"{date=Thu, 16 Apr 2026 23:48:40 GMT, server=Microsoft-HTTPAPI/2.0, content-length=423, x-ms-last-state-change-utc=Tue, 31 Mar 2026 23:45:26.872 GMT, x-ms-request-duration-ms=29.855, x-ms-session-token=0:-1#99, lsn=99, x-ms-request-charge=2, x-ms-schemaversion=1.21, x-ms-transport-request-id=240521, x-ms-number-of-read-regions=0, x-ms-cosmos-internal-partition-id=b66d394c-e21e-4313-8c8d-d26074fbeec7, x-ms-activity-id=4ce5124c-3ea1-4f70-a6fe-c51d4de4778b, strict-transport-security=max-age=31536000, x-http2-stream-id=3, x-ms-xp-role=1, x-ms-global-committed-lsn=99, x-ms-cosmos-llsn=99, x-ms-gatewayversion=version=2.14.0, content-location=https://swkrish-session-northeurope.documents-test.windows-int.net/dbs/db1/colls/c2, content-type=application/json, x-ms-serviceversion=version=2.14.0.0}","endpoint":"https://swkrish-session-northeurope.documents-test.windows-int.net:443/dbs/db1/colls/c2","isHubRegionProcessingOnly":"false","perPartitionCircuitBreakerInfoHolder":{"perPartitionCircuitBreakerInfoHolder":null},"perPartitionAutomaticFailoverInfoHolder":null,"channelId":"7c6f1242/1","parentChannelId":"7c6f1242","isHttp2":true}],"samplingRateSnapshot":1.0,"bloomFilterInsertionCountSnapshot":0,"systemInformation":{"usedMemory":"31060 KB","availableMemory":"12478124 KB","systemCpuLoad":"empty","availableProcessors":8},"clientCfgs":{"id":3,"machineId":"uuid:aabb364a-80c6-4b4c-ae65-e31bae48b35b","connectionMode":"GATEWAY","numberOfClients":0,"isPpafEnabled":"false","isFalseProgSessionTokenMergeEnabled":"true","excrgns":"[]","clientEndpoints":{"https://swkrish-session.documents-test.windows-int.net:443/":15},"connCfg":{"rntbd":null,"gw":"(cps:1000, nrto:PT1M, icto:PT1M, cto:PT45S, gwV2Cto:PT5S, p:false, http2:(enabled:true, maxc:1000, minc:8, maxs:30))","other":"(ed: true, cs: false, rv: true)"},"consistencyCfg":"(consistency: Session, readConsistencyStrategy: null,  mm: true, prgns: [])","proactiveInitCfg":"","e2ePolicyCfg":"","sessionRetryCfg":""}}}
at com.azure.cosmos.BridgeInternal.createCosmosException(BridgeInternal.java:425)
at com.azure.cosmos.implementation.RxGatewayStoreModel.validateOrThrow(RxGatewayStoreModel.java:779)
at com.azure.cosmos.implementation.RxGatewayStoreModel.unwrapToStoreResponse(RxGatewayStoreModel.java:233)
at com.azure.cosmos.implementation.RxGatewayStoreModel.lambda$toDocumentServiceResponse$4(RxGatewayStoreModel.java:565)
at reactor.core.publisher.FluxMap$MapConditionalSubscriber.onNext(FluxMap.java:208)
at reactor.core.publisher.MonoPublishOn$PublishOnSubscriber.run(MonoPublishOn.java:181)
at reactor.core.scheduler.SchedulerTask.call(SchedulerTask.java:68)
at reactor.core.scheduler.SchedulerTask.call(SchedulerTask.java:28)
at java.base/java.util.concurrent.FutureTask.run(FutureTask.java:264)
at java.base/java.util.concurrent.ScheduledThreadPoolExecutor$ScheduledFutureTask.run(ScheduledThreadPoolExecutor.java:304)
at java.base/java.util.concurrent.ThreadPoolExecutor.runWorker(ThreadPoolExecutor.java:1136)
at java.base/java.util.concurrent.ThreadPoolExecutor$Worker.run(ThreadPoolExecutor.java:635)
at java.base/java.lang.Thread.run(Thread.java:833)
Suppressed: java.lang.Exception: #block terminated with an error
at reactor.core.publisher.BlockingSingleSubscriber.blockingGet(BlockingSingleSubscriber.java:104)
at reactor.core.publisher.Mono.block(Mono.java:1779)
at com.azure.cosmos.implementation.ThinClientE2ETest.testThinClientBatch(ThinClientE2ETest.java:176)
at java.base/jdk.internal.reflect.DirectMethodHandleAccessor.invoke(DirectMethodHandleAccessor.java:104)
at java.base/java.lang.reflect.Method.invoke(Method.java:577)
at org.testng.internal.invokers.MethodInvocationHelper.invokeMethod(MethodInvocationHelper.java:136)
at org.testng.internal.invokers.TestInvoker.invokeMethod(TestInvoker.java:658)
at org.testng.internal.invokers.TestInvoker.retryFailed(TestInvoker.java:261)
at org.testng.internal.invokers.MethodRunner.runInSequence(MethodRunner.java:62)
at org.testng.internal.invokers.TestInvoker$MethodInvocationAgent.invoke(TestInvoker.java:923)
at org.testng.internal.invokers.TestInvoker.invokeTestMethods(TestInvoker.java:192)
at org.testng.internal.invokers.TestMethodWorker.invokeTestMethods(TestMethodWorker.java:146)
at org.testng.internal.invokers.TestMethodWorker.run(TestMethodWorker.java:128)
at java.base/java.util.ArrayList.forEach(ArrayList.java:1511)
at org.testng.TestRunner.privateRun(TestRunner.java:808)
at org.testng.TestRunner.run(TestRunner.java:603)
at org.testng.SuiteRunner.runTest(SuiteRunner.java:429)
at org.testng.SuiteRunner.runSequentially(SuiteRunner.java:423)
at org.testng.SuiteRunner.privateRun(SuiteRunner.java:383)
at org.testng.SuiteRunner.run(SuiteRunner.java:326)
at org.testng.SuiteRunnerWorker.runSuite(SuiteRunnerWorker.java:52)
at org.testng.SuiteRunnerWorker.run(SuiteRunnerWorker.java:95)
at org.testng.TestNG.runSuitesSequentially(TestNG.java:1249)
at org.testng.TestNG.runSuitesLocally(TestNG.java:1169)
at org.testng.TestNG.runSuites(TestNG.java:1092)
at org.testng.TestNG.run(TestNG.java:1060)
at org.testng.TestNG.privateMain(TestNG.java:1403)
at org.testng.TestNG.main(TestNG.java:1367)
]]>
            </full-stacktrace>
          </exception> <!-- com.azure.cosmos.CosmosException -->
          <reporter-output>
          </reporter-output>
        </test-method> <!-- testThinClientBatch -->
        <test-method retried="true" signature="testThinClientBulk()[pri:0, instance:com.azure.cosmos.implementation.ThinClientE2ETest@2812b107]" started-at="2026-04-16T19:48:39 EDT" name="testThinClientBulk" finished-at="2026-04-16T19:48:41 EDT" duration-ms="1243" status="SKIP">
          <exception class="com.azure.cosmos.CosmosException">
            <message>
              <![CDATA[{"innerErrorMessage":"Message: {\"Errors\":[\"Resource Not Found. Learn more: https://aka.ms/cosmosdb-tsg-not-found\"]}\r\nActivityId: ab1311b3-318f-4474-b959-6a0acf4fd966, Request URI: /apps/e5edab09-e651-4b3c-a603-1230655f3d07/services/4b24e143-71b7-47e6-91ee-08e7b832ec07/partitions/b66d394c-e21e-4313-8c8d-d26074fbeec7/replicas/134185142045977688s, RequestStats: , SDK: Microsoft.Azure.Documents.Common/2.14.0, StatusCode: NotFound","cosmosDiagnostics":{"userAgent":"azsdk-java-cosmos/4.80.0-beta.1 Windows11/10.0 JRE/18.0.2.1|F14","activityId":"ab1311b3-318f-4474-b959-6a0acf4fd966","requestLatencyInMs":612,"requestStartTimeUTC":"2026-04-16T23:48:40.582060Z","requestEndTimeUTC":"2026-04-16T23:48:41.194815200Z","responseStatisticsList":[],"supplementalResponseStatisticsList":[],"addressResolutionStatistics":{},"regionsContacted":["north europe"],"retryContext":{"statusAndSubStatusCodes":null,"retryCount":0,"retryLatency":0},"metadataDiagnosticsContext":{"metadataDiagnosticList":null,"empty":true},"serializationDiagnosticsContext":{"serializationDiagnosticsList":null},"gatewayStatisticsList":[{"sessionToken":"0:-1#99","operationType":"Read","resourceType":"DocumentCollection","statusCode":404,"subStatusCode":0,"requestCharge":2.0,"requestTimeline":[{"eventName":"connectionCreated","startTimeUTC":"2026-04-16T23:48:40.583053700Z","durationInMilliSecs":479.3876},{"eventName":"connectionConfigured","startTimeUTC":"2026-04-16T23:48:41.062441300Z","durationInMilliSecs":0.0},{"eventName":"requestSent","startTimeUTC":"2026-04-16T23:48:41.062441300Z","durationInMilliSecs":2.0021},{"eventName":"transitTime","startTimeUTC":"2026-04-16T23:48:41.064443400Z","durationInMilliSecs":127.3234},{"eventName":"received","startTimeUTC":"2026-04-16T23:48:41.191766800Z","durationInMilliSecs":2.0086}],"partitionKeyRangeId":null,"responsePayloadSizeInBytes":0,"httpNetworkResponseTimeout":"PT1M","exceptionMessage":"Message: {\"Errors\":[\"Resource Not Found. Learn more: https://aka.ms/cosmosdb-tsg-not-found\"]}\r\nActivityId: ab1311b3-318f-4474-b959-6a0acf4fd966, Request URI: /apps/e5edab09-e651-4b3c-a603-1230655f3d07/services/4b24e143-71b7-47e6-91ee-08e7b832ec07/partitions/b66d394c-e21e-4313-8c8d-d26074fbeec7/replicas/134185142045977688s, RequestStats: , SDK: Microsoft.Azure.Documents.Common/2.14.0, StatusCode: NotFound","exceptionResponseHeaders":"{date=Thu, 16 Apr 2026 23:48:42 GMT, server=Microsoft-HTTPAPI/2.0, content-length=423, x-ms-last-state-change-utc=Tue, 31 Mar 2026 23:45:26.872 GMT, x-ms-request-duration-ms=28.942, x-ms-session-token=0:-1#99, lsn=99, x-ms-request-charge=2, x-ms-schemaversion=1.21, x-ms-transport-request-id=237237, x-ms-number-of-read-regions=0, x-ms-cosmos-internal-partition-id=b66d394c-e21e-4313-8c8d-d26074fbeec7, x-ms-activity-id=ab1311b3-318f-4474-b959-6a0acf4fd966, strict-transport-security=max-age=31536000, x-http2-stream-id=3, x-ms-xp-role=1, x-ms-global-committed-lsn=99, x-ms-cosmos-llsn=99, x-ms-gatewayversion=version=2.14.0, content-location=https://swkrish-session-northeurope.documents-test.windows-int.net/dbs/db1/colls/c2, content-type=application/json, x-ms-serviceversion=version=2.14.0.0}","endpoint":"https://swkrish-session-northeurope.documents-test.windows-int.net:443/dbs/db1/colls/c2","isHubRegionProcessingOnly":"false","perPartitionCircuitBreakerInfoHolder":{"perPartitionCircuitBreakerInfoHolder":null},"perPartitionAutomaticFailoverInfoHolder":null,"channelId":"09bdb406/1","parentChannelId":"09bdb406","isHttp2":true}],"samplingRateSnapshot":1.0,"bloomFilterInsertionCountSnapshot":0,"systemInformation":{"usedMemory":"31497 KB","availableMemory":"12477687 KB","systemCpuLoad":"empty","availableProcessors":8},"clientCfgs":{"id":4,"machineId":"uuid:aabb364a-80c6-4b4c-ae65-e31bae48b35b","connectionMode":"GATEWAY","numberOfClients":0,"isPpafEnabled":"false","isFalseProgSessionTokenMergeEnabled":"true","excrgns":"[]","clientEndpoints":{"https://swkrish-session.documents-test.windows-int.net:443/":15},"connCfg":{"rntbd":null,"gw":"(cps:1000, nrto:PT1M, icto:PT1M, cto:PT45S, gwV2Cto:PT5S, p:false, http2:(enabled:true, maxc:1000, minc:8, maxs:30))","other":"(ed: true, cs: false, rv: true)"},"consistencyCfg":"(consistency: Eventual, readConsistencyStrategy: null,  mm: true, prgns: [])","proactiveInitCfg":"","e2ePolicyCfg":"","sessionRetryCfg":""}}}]]>
            </message>
            <full-stacktrace>
              <![CDATA[{"ClassName":"CosmosException","userAgent":"azsdk-java-cosmos/4.80.0-beta.1 Windows11/10.0 JRE/18.0.2.1","statusCode":404,"resourceAddress":"https://swkrish-session-northeurope.documents-test.windows-int.net:443/dbs/db1/colls/c2","error":"{\"code\":\"NotFound\",\"message\":\"Message: {\\\"Errors\\\":[\\\"Resource Not Found. Learn more: https://aka.ms/cosmosdb-tsg-not-found\\\"]}\\r\\nActivityId: ab1311b3-318f-4474-b959-6a0acf4fd966, Request URI: /apps/e5edab09-e651-4b3c-a603-1230655f3d07/services/4b24e143-71b7-47e6-91ee-08e7b832ec07/partitions/b66d394c-e21e-4313-8c8d-d26074fbeec7/replicas/134185142045977688s, RequestStats: , SDK: Microsoft.Azure.Documents.Common/2.14.0, StatusCode: NotFound\",\"additionalErrorInfo\":null}","innerErrorMessage":"Message: {\"Errors\":[\"Resource Not Found. Learn more: https://aka.ms/cosmosdb-tsg-not-found\"]}\r\nActivityId: ab1311b3-318f-4474-b959-6a0acf4fd966, Request URI: /apps/e5edab09-e651-4b3c-a603-1230655f3d07/services/4b24e143-71b7-47e6-91ee-08e7b832ec07/partitions/b66d394c-e21e-4313-8c8d-d26074fbeec7/replicas/134185142045977688s, RequestStats: , SDK: Microsoft.Azure.Documents.Common/2.14.0, StatusCode: NotFound","causeInfo":null,"responseHeaders":"{date=Thu, 16 Apr 2026 23:48:42 GMT, server=Microsoft-HTTPAPI/2.0, content-length=423, x-ms-last-state-change-utc=Tue, 31 Mar 2026 23:45:26.872 GMT, x-ms-request-duration-ms=28.942, x-ms-session-token=0:-1#99, lsn=99, x-ms-request-charge=2, x-ms-schemaversion=1.21, x-ms-transport-request-id=237237, x-ms-number-of-read-regions=0, x-ms-cosmos-internal-partition-id=b66d394c-e21e-4313-8c8d-d26074fbeec7, x-ms-activity-id=ab1311b3-318f-4474-b959-6a0acf4fd966, strict-transport-security=max-age=31536000, x-http2-stream-id=3, x-ms-xp-role=1, x-ms-global-committed-lsn=99, x-ms-cosmos-llsn=99, x-ms-gatewayversion=version=2.14.0, content-location=https://swkrish-session-northeurope.documents-test.windows-int.net/dbs/db1/colls/c2, content-type=application/json, x-ms-serviceversion=version=2.14.0.0, x-ms-substatus=1003}","requestHeaders":"[x-ms-date=Thu, 16 Apr 2026 23:48:40 GMT]","cosmosDiagnostics":{"userAgent":"azsdk-java-cosmos/4.80.0-beta.1 Windows11/10.0 JRE/18.0.2.1|F14","activityId":"ab1311b3-318f-4474-b959-6a0acf4fd966","requestLatencyInMs":612,"requestStartTimeUTC":"2026-04-16T23:48:40.582060Z","requestEndTimeUTC":"2026-04-16T23:48:41.194815200Z","responseStatisticsList":[],"supplementalResponseStatisticsList":[],"addressResolutionStatistics":{},"regionsContacted":["north europe"],"retryContext":{"statusAndSubStatusCodes":null,"retryCount":0,"retryLatency":0},"metadataDiagnosticsContext":{"metadataDiagnosticList":null,"empty":true},"serializationDiagnosticsContext":{"serializationDiagnosticsList":null},"gatewayStatisticsList":[{"sessionToken":"0:-1#99","operationType":"Read","resourceType":"DocumentCollection","statusCode":404,"subStatusCode":0,"requestCharge":2.0,"requestTimeline":[{"eventName":"connectionCreated","startTimeUTC":"2026-04-16T23:48:40.583053700Z","durationInMilliSecs":479.3876},{"eventName":"connectionConfigured","startTimeUTC":"2026-04-16T23:48:41.062441300Z","durationInMilliSecs":0.0},{"eventName":"requestSent","startTimeUTC":"2026-04-16T23:48:41.062441300Z","durationInMilliSecs":2.0021},{"eventName":"transitTime","startTimeUTC":"2026-04-16T23:48:41.064443400Z","durationInMilliSecs":127.3234},{"eventName":"received","startTimeUTC":"2026-04-16T23:48:41.191766800Z","durationInMilliSecs":2.0086}],"partitionKeyRangeId":null,"responsePayloadSizeInBytes":0,"httpNetworkResponseTimeout":"PT1M","exceptionMessage":"Message: {\"Errors\":[\"Resource Not Found. Learn more: https://aka.ms/cosmosdb-tsg-not-found\"]}\r\nActivityId: ab1311b3-318f-4474-b959-6a0acf4fd966, Request URI: /apps/e5edab09-e651-4b3c-a603-1230655f3d07/services/4b24e143-71b7-47e6-91ee-08e7b832ec07/partitions/b66d394c-e21e-4313-8c8d-d26074fbeec7/replicas/134185142045977688s, RequestStats: , SDK: Microsoft.Azure.Documents.Common/2.14.0, StatusCode: NotFound","exceptionResponseHeaders":"{date=Thu, 16 Apr 2026 23:48:42 GMT, server=Microsoft-HTTPAPI/2.0, content-length=423, x-ms-last-state-change-utc=Tue, 31 Mar 2026 23:45:26.872 GMT, x-ms-request-duration-ms=28.942, x-ms-session-token=0:-1#99, lsn=99, x-ms-request-charge=2, x-ms-schemaversion=1.21, x-ms-transport-request-id=237237, x-ms-number-of-read-regions=0, x-ms-cosmos-internal-partition-id=b66d394c-e21e-4313-8c8d-d26074fbeec7, x-ms-activity-id=ab1311b3-318f-4474-b959-6a0acf4fd966, strict-transport-security=max-age=31536000, x-http2-stream-id=3, x-ms-xp-role=1, x-ms-global-committed-lsn=99, x-ms-cosmos-llsn=99, x-ms-gatewayversion=version=2.14.0, content-location=https://swkrish-session-northeurope.documents-test.windows-int.net/dbs/db1/colls/c2, content-type=application/json, x-ms-serviceversion=version=2.14.0.0}","endpoint":"https://swkrish-session-northeurope.documents-test.windows-int.net:443/dbs/db1/colls/c2","isHubRegionProcessingOnly":"false","perPartitionCircuitBreakerInfoHolder":{"perPartitionCircuitBreakerInfoHolder":null},"perPartitionAutomaticFailoverInfoHolder":null,"channelId":"09bdb406/1","parentChannelId":"09bdb406","isHttp2":true}],"samplingRateSnapshot":1.0,"bloomFilterInsertionCountSnapshot":0,"systemInformation":{"usedMemory":"31497 KB","availableMemory":"12477687 KB","systemCpuLoad":"empty","availableProcessors":8},"clientCfgs":{"id":4,"machineId":"uuid:aabb364a-80c6-4b4c-ae65-e31bae48b35b","connectionMode":"GATEWAY","numberOfClients":0,"isPpafEnabled":"false","isFalseProgSessionTokenMergeEnabled":"true","excrgns":"[]","clientEndpoints":{"https://swkrish-session.documents-test.windows-int.net:443/":15},"connCfg":{"rntbd":null,"gw":"(cps:1000, nrto:PT1M, icto:PT1M, cto:PT45S, gwV2Cto:PT5S, p:false, http2:(enabled:true, maxc:1000, minc:8, maxs:30))","other":"(ed: true, cs: false, rv: true)"},"consistencyCfg":"(consistency: Eventual, readConsistencyStrategy: null,  mm: true, prgns: [])","proactiveInitCfg":"","e2ePolicyCfg":"","sessionRetryCfg":""}}}
at com.azure.cosmos.BridgeInternal.createCosmosException(BridgeInternal.java:425)
at com.azure.cosmos.implementation.RxGatewayStoreModel.validateOrThrow(RxGatewayStoreModel.java:779)
at com.azure.cosmos.implementation.RxGatewayStoreModel.unwrapToStoreResponse(RxGatewayStoreModel.java:233)
at com.azure.cosmos.implementation.RxGatewayStoreModel.lambda$toDocumentServiceResponse$4(RxGatewayStoreModel.java:565)
at reactor.core.publisher.FluxMap$MapConditionalSubscriber.onNext(FluxMap.java:208)
at reactor.core.publisher.MonoPublishOn$PublishOnSubscriber.run(MonoPublishOn.java:181)
at reactor.core.scheduler.SchedulerTask.call(SchedulerTask.java:68)
at reactor.core.scheduler.SchedulerTask.call(SchedulerTask.java:28)
at java.base/java.util.concurrent.FutureTask.run(FutureTask.java:264)
at java.base/java.util.concurrent.ScheduledThreadPoolExecutor$ScheduledFutureTask.run(ScheduledThreadPoolExecutor.java:304)
at java.base/java.util.concurrent.ThreadPoolExecutor.runWorker(ThreadPoolExecutor.java:1136)
at java.base/java.util.concurrent.ThreadPoolExecutor$Worker.run(ThreadPoolExecutor.java:635)
at java.base/java.lang.Thread.run(Thread.java:833)
Suppressed: java.lang.Exception: #block terminated with an error
at reactor.core.publisher.BlockingSingleSubscriber.blockingGet(BlockingSingleSubscriber.java:104)
at reactor.core.publisher.Mono.block(Mono.java:1779)
at com.azure.cosmos.implementation.ThinClientE2ETest.testThinClientBulk(ThinClientE2ETest.java:126)
at java.base/jdk.internal.reflect.DirectMethodHandleAccessor.invoke(DirectMethodHandleAccessor.java:104)
at java.base/java.lang.reflect.Method.invoke(Method.java:577)
at org.testng.internal.invokers.MethodInvocationHelper.invokeMethod(MethodInvocationHelper.java:136)
at org.testng.internal.invokers.TestInvoker.invokeMethod(TestInvoker.java:658)
at org.testng.internal.invokers.TestInvoker.invokeTestMethod(TestInvoker.java:219)
at org.testng.internal.invokers.MethodRunner.runInSequence(MethodRunner.java:50)
at org.testng.internal.invokers.TestInvoker$MethodInvocationAgent.invoke(TestInvoker.java:923)
at org.testng.internal.invokers.TestInvoker.invokeTestMethods(TestInvoker.java:192)
at org.testng.internal.invokers.TestMethodWorker.invokeTestMethods(TestMethodWorker.java:146)
at org.testng.internal.invokers.TestMethodWorker.run(TestMethodWorker.java:128)
at java.base/java.util.ArrayList.forEach(ArrayList.java:1511)
at org.testng.TestRunner.privateRun(TestRunner.java:808)
at org.testng.TestRunner.run(TestRunner.java:603)
at org.testng.SuiteRunner.runTest(SuiteRunner.java:429)
at org.testng.SuiteRunner.runSequentially(SuiteRunner.java:423)
at org.testng.SuiteRunner.privateRun(SuiteRunner.java:383)
at org.testng.SuiteRunner.run(SuiteRunner.java:326)
at org.testng.SuiteRunnerWorker.runSuite(SuiteRunnerWorker.java:52)
at org.testng.SuiteRunnerWorker.run(SuiteRunnerWorker.java:95)
at org.testng.TestNG.runSuitesSequentially(TestNG.java:1249)
at org.testng.TestNG.runSuitesLocally(TestNG.java:1169)
at org.testng.TestNG.runSuites(TestNG.java:1092)
at org.testng.TestNG.run(TestNG.java:1060)
at org.testng.TestNG.privateMain(TestNG.java:1403)
at org.testng.TestNG.main(TestNG.java:1367)
]]>
            </full-stacktrace>
          </exception> <!-- com.azure.cosmos.CosmosException -->
          <reporter-output>
          </reporter-output>
        </test-method> <!-- testThinClientBulk -->
        <test-method retried="true" signature="testThinClientBulk()[pri:0, instance:com.azure.cosmos.implementation.ThinClientE2ETest@2812b107]" started-at="2026-04-16T19:48:41 EDT" name="testThinClientBulk" finished-at="2026-04-16T19:48:42 EDT" duration-ms="1273" status="SKIP">
          <exception class="com.azure.cosmos.CosmosException">
            <message>
              <![CDATA[{"innerErrorMessage":"Message: {\"Errors\":[\"Resource Not Found. Learn more: https://aka.ms/cosmosdb-tsg-not-found\"]}\r\nActivityId: 44f74e10-4be7-486e-9360-bc3b6214cb57, Request URI: /apps/e5edab09-e651-4b3c-a603-1230655f3d07/services/4b24e143-71b7-47e6-91ee-08e7b832ec07/partitions/b66d394c-e21e-4313-8c8d-d26074fbeec7/replicas/134185142045977688s, RequestStats: , SDK: Microsoft.Azure.Documents.Common/2.14.0, StatusCode: NotFound","cosmosDiagnostics":{"userAgent":"azsdk-java-cosmos/4.80.0-beta.1 Windows11/10.0 JRE/18.0.2.1|F14","activityId":"44f74e10-4be7-486e-9360-bc3b6214cb57","requestLatencyInMs":719,"requestStartTimeUTC":"2026-04-16T23:48:41.759068800Z","requestEndTimeUTC":"2026-04-16T23:48:42.478218800Z","responseStatisticsList":[],"supplementalResponseStatisticsList":[],"addressResolutionStatistics":{},"regionsContacted":["north europe"],"retryContext":{"statusAndSubStatusCodes":null,"retryCount":0,"retryLatency":0},"metadataDiagnosticsContext":{"metadataDiagnosticList":null,"empty":true},"serializationDiagnosticsContext":{"serializationDiagnosticsList":null},"gatewayStatisticsList":[{"sessionToken":"0:-1#99","operationType":"Read","resourceType":"DocumentCollection","statusCode":404,"subStatusCode":0,"requestCharge":2.0,"requestTimeline":[{"eventName":"connectionCreated","startTimeUTC":"2026-04-16T23:48:41.759068800Z","durationInMilliSecs":546.807},{"eventName":"connectionConfigured","startTimeUTC":"2026-04-16T23:48:42.305875800Z","durationInMilliSecs":1.318},{"eventName":"requestSent","startTimeUTC":"2026-04-16T23:48:42.307193800Z","durationInMilliSecs":1.0176},{"eventName":"transitTime","startTimeUTC":"2026-04-16T23:48:42.308211400Z","durationInMilliSecs":167.4951},{"eventName":"received","startTimeUTC":"2026-04-16T23:48:42.475706500Z","durationInMilliSecs":1.5053}],"partitionKeyRangeId":null,"responsePayloadSizeInBytes":0,"httpNetworkResponseTimeout":"PT1M","exceptionMessage":"Message: {\"Errors\":[\"Resource Not Found. Learn more: https://aka.ms/cosmosdb-tsg-not-found\"]}\r\nActivityId: 44f74e10-4be7-486e-9360-bc3b6214cb57, Request URI: /apps/e5edab09-e651-4b3c-a603-1230655f3d07/services/4b24e143-71b7-47e6-91ee-08e7b832ec07/partitions/b66d394c-e21e-4313-8c8d-d26074fbeec7/replicas/134185142045977688s, RequestStats: , SDK: Microsoft.Azure.Documents.Common/2.14.0, StatusCode: NotFound","exceptionResponseHeaders":"{date=Thu, 16 Apr 2026 23:48:43 GMT, server=Microsoft-HTTPAPI/2.0, content-length=423, x-ms-last-state-change-utc=Tue, 31 Mar 2026 23:45:26.872 GMT, x-ms-request-duration-ms=20.934, x-ms-session-token=0:-1#99, lsn=99, x-ms-request-charge=2, x-ms-schemaversion=1.21, x-ms-transport-request-id=231740, x-ms-number-of-read-regions=0, x-ms-cosmos-internal-partition-id=b66d394c-e21e-4313-8c8d-d26074fbeec7, x-ms-activity-id=44f74e10-4be7-486e-9360-bc3b6214cb57, strict-transport-security=max-age=31536000, x-http2-stream-id=3, x-ms-xp-role=1, x-ms-global-committed-lsn=99, x-ms-cosmos-llsn=99, x-ms-gatewayversion=version=2.14.0, content-location=https://swkrish-session-northeurope.documents-test.windows-int.net/dbs/db1/colls/c2, content-type=application/json, x-ms-serviceversion=version=2.14.0.0}","endpoint":"https://swkrish-session-northeurope.documents-test.windows-int.net:443/dbs/db1/colls/c2","isHubRegionProcessingOnly":"false","perPartitionCircuitBreakerInfoHolder":{"perPartitionCircuitBreakerInfoHolder":null},"perPartitionAutomaticFailoverInfoHolder":null,"channelId":"817172af/1","parentChannelId":"817172af","isHttp2":true}],"samplingRateSnapshot":1.0,"bloomFilterInsertionCountSnapshot":0,"systemInformation":{"usedMemory":"31497 KB","availableMemory":"12477687 KB","systemCpuLoad":"empty","availableProcessors":8},"clientCfgs":{"id":5,"machineId":"uuid:aabb364a-80c6-4b4c-ae65-e31bae48b35b","connectionMode":"GATEWAY","numberOfClients":0,"isPpafEnabled":"false","isFalseProgSessionTokenMergeEnabled":"true","excrgns":"[]","clientEndpoints":{"https://swkrish-session.documents-test.windows-int.net:443/":15},"connCfg":{"rntbd":null,"gw":"(cps:1000, nrto:PT1M, icto:PT1M, cto:PT45S, gwV2Cto:PT5S, p:false, http2:(enabled:true, maxc:1000, minc:8, maxs:30))","other":"(ed: true, cs: false, rv: true)"},"consistencyCfg":"(consistency: Eventual, readConsistencyStrategy: null,  mm: true, prgns: [])","proactiveInitCfg":"","e2ePolicyCfg":"","sessionRetryCfg":""}}}]]>
            </message>
            <full-stacktrace>
              <![CDATA[{"ClassName":"CosmosException","userAgent":"azsdk-java-cosmos/4.80.0-beta.1 Windows11/10.0 JRE/18.0.2.1","statusCode":404,"resourceAddress":"https://swkrish-session-northeurope.documents-test.windows-int.net:443/dbs/db1/colls/c2","error":"{\"code\":\"NotFound\",\"message\":\"Message: {\\\"Errors\\\":[\\\"Resource Not Found. Learn more: https://aka.ms/cosmosdb-tsg-not-found\\\"]}\\r\\nActivityId: 44f74e10-4be7-486e-9360-bc3b6214cb57, Request URI: /apps/e5edab09-e651-4b3c-a603-1230655f3d07/services/4b24e143-71b7-47e6-91ee-08e7b832ec07/partitions/b66d394c-e21e-4313-8c8d-d26074fbeec7/replicas/134185142045977688s, RequestStats: , SDK: Microsoft.Azure.Documents.Common/2.14.0, StatusCode: NotFound\",\"additionalErrorInfo\":null}","innerErrorMessage":"Message: {\"Errors\":[\"Resource Not Found. Learn more: https://aka.ms/cosmosdb-tsg-not-found\"]}\r\nActivityId: 44f74e10-4be7-486e-9360-bc3b6214cb57, Request URI: /apps/e5edab09-e651-4b3c-a603-1230655f3d07/services/4b24e143-71b7-47e6-91ee-08e7b832ec07/partitions/b66d394c-e21e-4313-8c8d-d26074fbeec7/replicas/134185142045977688s, RequestStats: , SDK: Microsoft.Azure.Documents.Common/2.14.0, StatusCode: NotFound","causeInfo":null,"responseHeaders":"{date=Thu, 16 Apr 2026 23:48:43 GMT, server=Microsoft-HTTPAPI/2.0, content-length=423, x-ms-last-state-change-utc=Tue, 31 Mar 2026 23:45:26.872 GMT, x-ms-request-duration-ms=20.934, x-ms-session-token=0:-1#99, lsn=99, x-ms-request-charge=2, x-ms-schemaversion=1.21, x-ms-transport-request-id=231740, x-ms-number-of-read-regions=0, x-ms-cosmos-internal-partition-id=b66d394c-e21e-4313-8c8d-d26074fbeec7, x-ms-activity-id=44f74e10-4be7-486e-9360-bc3b6214cb57, strict-transport-security=max-age=31536000, x-http2-stream-id=3, x-ms-xp-role=1, x-ms-global-committed-lsn=99, x-ms-cosmos-llsn=99, x-ms-gatewayversion=version=2.14.0, content-location=https://swkrish-session-northeurope.documents-test.windows-int.net/dbs/db1/colls/c2, content-type=application/json, x-ms-serviceversion=version=2.14.0.0, x-ms-substatus=1003}","requestHeaders":"[x-ms-date=Thu, 16 Apr 2026 23:48:41 GMT]","cosmosDiagnostics":{"userAgent":"azsdk-java-cosmos/4.80.0-beta.1 Windows11/10.0 JRE/18.0.2.1|F14","activityId":"44f74e10-4be7-486e-9360-bc3b6214cb57","requestLatencyInMs":719,"requestStartTimeUTC":"2026-04-16T23:48:41.759068800Z","requestEndTimeUTC":"2026-04-16T23:48:42.478218800Z","responseStatisticsList":[],"supplementalResponseStatisticsList":[],"addressResolutionStatistics":{},"regionsContacted":["north europe"],"retryContext":{"statusAndSubStatusCodes":null,"retryCount":0,"retryLatency":0},"metadataDiagnosticsContext":{"metadataDiagnosticList":null,"empty":true},"serializationDiagnosticsContext":{"serializationDiagnosticsList":null},"gatewayStatisticsList":[{"sessionToken":"0:-1#99","operationType":"Read","resourceType":"DocumentCollection","statusCode":404,"subStatusCode":0,"requestCharge":2.0,"requestTimeline":[{"eventName":"connectionCreated","startTimeUTC":"2026-04-16T23:48:41.759068800Z","durationInMilliSecs":546.807},{"eventName":"connectionConfigured","startTimeUTC":"2026-04-16T23:48:42.305875800Z","durationInMilliSecs":1.318},{"eventName":"requestSent","startTimeUTC":"2026-04-16T23:48:42.307193800Z","durationInMilliSecs":1.0176},{"eventName":"transitTime","startTimeUTC":"2026-04-16T23:48:42.308211400Z","durationInMilliSecs":167.4951},{"eventName":"received","startTimeUTC":"2026-04-16T23:48:42.475706500Z","durationInMilliSecs":1.5053}],"partitionKeyRangeId":null,"responsePayloadSizeInBytes":0,"httpNetworkResponseTimeout":"PT1M","exceptionMessage":"Message: {\"Errors\":[\"Resource Not Found. Learn more: https://aka.ms/cosmosdb-tsg-not-found\"]}\r\nActivityId: 44f74e10-4be7-486e-9360-bc3b6214cb57, Request URI: /apps/e5edab09-e651-4b3c-a603-1230655f3d07/services/4b24e143-71b7-47e6-91ee-08e7b832ec07/partitions/b66d394c-e21e-4313-8c8d-d26074fbeec7/replicas/134185142045977688s, RequestStats: , SDK: Microsoft.Azure.Documents.Common/2.14.0, StatusCode: NotFound","exceptionResponseHeaders":"{date=Thu, 16 Apr 2026 23:48:43 GMT, server=Microsoft-HTTPAPI/2.0, content-length=423, x-ms-last-state-change-utc=Tue, 31 Mar 2026 23:45:26.872 GMT, x-ms-request-duration-ms=20.934, x-ms-session-token=0:-1#99, lsn=99, x-ms-request-charge=2, x-ms-schemaversion=1.21, x-ms-transport-request-id=231740, x-ms-number-of-read-regions=0, x-ms-cosmos-internal-partition-id=b66d394c-e21e-4313-8c8d-d26074fbeec7, x-ms-activity-id=44f74e10-4be7-486e-9360-bc3b6214cb57, strict-transport-security=max-age=31536000, x-http2-stream-id=3, x-ms-xp-role=1, x-ms-global-committed-lsn=99, x-ms-cosmos-llsn=99, x-ms-gatewayversion=version=2.14.0, content-location=https://swkrish-session-northeurope.documents-test.windows-int.net/dbs/db1/colls/c2, content-type=application/json, x-ms-serviceversion=version=2.14.0.0}","endpoint":"https://swkrish-session-northeurope.documents-test.windows-int.net:443/dbs/db1/colls/c2","isHubRegionProcessingOnly":"false","perPartitionCircuitBreakerInfoHolder":{"perPartitionCircuitBreakerInfoHolder":null},"perPartitionAutomaticFailoverInfoHolder":null,"channelId":"817172af/1","parentChannelId":"817172af","isHttp2":true}],"samplingRateSnapshot":1.0,"bloomFilterInsertionCountSnapshot":0,"systemInformation":{"usedMemory":"31497 KB","availableMemory":"12477687 KB","systemCpuLoad":"empty","availableProcessors":8},"clientCfgs":{"id":5,"machineId":"uuid:aabb364a-80c6-4b4c-ae65-e31bae48b35b","connectionMode":"GATEWAY","numberOfClients":0,"isPpafEnabled":"false","isFalseProgSessionTokenMergeEnabled":"true","excrgns":"[]","clientEndpoints":{"https://swkrish-session.documents-test.windows-int.net:443/":15},"connCfg":{"rntbd":null,"gw":"(cps:1000, nrto:PT1M, icto:PT1M, cto:PT45S, gwV2Cto:PT5S, p:false, http2:(enabled:true, maxc:1000, minc:8, maxs:30))","other":"(ed: true, cs: false, rv: true)"},"consistencyCfg":"(consistency: Eventual, readConsistencyStrategy: null,  mm: true, prgns: [])","proactiveInitCfg":"","e2ePolicyCfg":"","sessionRetryCfg":""}}}
at com.azure.cosmos.BridgeInternal.createCosmosException(BridgeInternal.java:425)
at com.azure.cosmos.implementation.RxGatewayStoreModel.validateOrThrow(RxGatewayStoreModel.java:779)
at com.azure.cosmos.implementation.RxGatewayStoreModel.unwrapToStoreResponse(RxGatewayStoreModel.java:233)
at com.azure.cosmos.implementation.RxGatewayStoreModel.lambda$toDocumentServiceResponse$4(RxGatewayStoreModel.java:565)
at reactor.core.publisher.FluxMap$MapConditionalSubscriber.onNext(FluxMap.java:208)
at reactor.core.publisher.MonoPublishOn$PublishOnSubscriber.run(MonoPublishOn.java:181)
at reactor.core.scheduler.SchedulerTask.call(SchedulerTask.java:68)
at reactor.core.scheduler.SchedulerTask.call(SchedulerTask.java:28)
at java.base/java.util.concurrent.FutureTask.run(FutureTask.java:264)
at java.base/java.util.concurrent.ScheduledThreadPoolExecutor$ScheduledFutureTask.run(ScheduledThreadPoolExecutor.java:304)
at java.base/java.util.concurrent.ThreadPoolExecutor.runWorker(ThreadPoolExecutor.java:1136)
at java.base/java.util.concurrent.ThreadPoolExecutor$Worker.run(ThreadPoolExecutor.java:635)
at java.base/java.lang.Thread.run(Thread.java:833)
Suppressed: java.lang.Exception: #block terminated with an error
at reactor.core.publisher.BlockingSingleSubscriber.blockingGet(BlockingSingleSubscriber.java:104)
at reactor.core.publisher.Mono.block(Mono.java:1779)
at com.azure.cosmos.implementation.ThinClientE2ETest.testThinClientBulk(ThinClientE2ETest.java:126)
at java.base/jdk.internal.reflect.DirectMethodHandleAccessor.invoke(DirectMethodHandleAccessor.java:104)
at java.base/java.lang.reflect.Method.invoke(Method.java:577)
at org.testng.internal.invokers.MethodInvocationHelper.invokeMethod(MethodInvocationHelper.java:136)
at org.testng.internal.invokers.TestInvoker.invokeMethod(TestInvoker.java:658)
at org.testng.internal.invokers.TestInvoker.retryFailed(TestInvoker.java:261)
at org.testng.internal.invokers.MethodRunner.runInSequence(MethodRunner.java:62)
at org.testng.internal.invokers.TestInvoker$MethodInvocationAgent.invoke(TestInvoker.java:923)
at org.testng.internal.invokers.TestInvoker.invokeTestMethods(TestInvoker.java:192)
at org.testng.internal.invokers.TestMethodWorker.invokeTestMethods(TestMethodWorker.java:146)
at org.testng.internal.invokers.TestMethodWorker.run(TestMethodWorker.java:128)
at java.base/java.util.ArrayList.forEach(ArrayList.java:1511)
at org.testng.TestRunner.privateRun(TestRunner.java:808)
at org.testng.TestRunner.run(TestRunner.java:603)
at org.testng.SuiteRunner.runTest(SuiteRunner.java:429)
at org.testng.SuiteRunner.runSequentially(SuiteRunner.java:423)
at org.testng.SuiteRunner.privateRun(SuiteRunner.java:383)
at org.testng.SuiteRunner.run(SuiteRunner.java:326)
at org.testng.SuiteRunnerWorker.runSuite(SuiteRunnerWorker.java:52)
at org.testng.SuiteRunnerWorker.run(SuiteRunnerWorker.java:95)
at org.testng.TestNG.runSuitesSequentially(TestNG.java:1249)
at org.testng.TestNG.runSuitesLocally(TestNG.java:1169)
at org.testng.TestNG.runSuites(TestNG.java:1092)
at org.testng.TestNG.run(TestNG.java:1060)
at org.testng.TestNG.privateMain(TestNG.java:1403)
at org.testng.TestNG.main(TestNG.java:1367)
]]>
            </full-stacktrace>
          </exception> <!-- com.azure.cosmos.CosmosException -->
          <reporter-output>
          </reporter-output>
        </test-method> <!-- testThinClientBulk -->
        <test-method signature="testThinClientBulk()[pri:0, instance:com.azure.cosmos.implementation.ThinClientE2ETest@2812b107]" started-at="2026-04-16T19:48:42 EDT" name="testThinClientBulk" finished-at="2026-04-16T19:48:43 EDT" duration-ms="1304" status="FAIL">
          <exception class="com.azure.cosmos.CosmosException">
            <message>
              <![CDATA[{"innerErrorMessage":"Message: {\"Errors\":[\"Resource Not Found. Learn more: https://aka.ms/cosmosdb-tsg-not-found\"]}\r\nActivityId: 0fa62038-5a61-4ed7-9473-a7c31e63bde9, Request URI: /apps/e5edab09-e651-4b3c-a603-1230655f3d07/services/4b24e143-71b7-47e6-91ee-08e7b832ec07/partitions/b66d394c-e21e-4313-8c8d-d26074fbeec7/replicas/134185142045977688s, RequestStats: , SDK: Microsoft.Azure.Documents.Common/2.14.0, StatusCode: NotFound","cosmosDiagnostics":{"userAgent":"azsdk-java-cosmos/4.80.0-beta.1 Windows11/10.0 JRE/18.0.2.1|F14","activityId":"0fa62038-5a61-4ed7-9473-a7c31e63bde9","requestLatencyInMs":698,"requestStartTimeUTC":"2026-04-16T23:48:43.084310600Z","requestEndTimeUTC":"2026-04-16T23:48:43.783290400Z","responseStatisticsList":[],"supplementalResponseStatisticsList":[],"addressResolutionStatistics":{},"regionsContacted":["north europe"],"retryContext":{"statusAndSubStatusCodes":null,"retryCount":0,"retryLatency":0},"metadataDiagnosticsContext":{"metadataDiagnosticList":null,"empty":true},"serializationDiagnosticsContext":{"serializationDiagnosticsList":null},"gatewayStatisticsList":[{"sessionToken":"0:-1#99","operationType":"Read","resourceType":"DocumentCollection","statusCode":404,"subStatusCode":0,"requestCharge":2.0,"requestTimeline":[{"eventName":"connectionCreated","startTimeUTC":"2026-04-16T23:48:43.085327200Z","durationInMilliSecs":528.8975},{"eventName":"connectionConfigured","startTimeUTC":"2026-04-16T23:48:43.614224700Z","durationInMilliSecs":0.9985},{"eventName":"requestSent","startTimeUTC":"2026-04-16T23:48:43.615223200Z","durationInMilliSecs":2.0099},{"eventName":"transitTime","startTimeUTC":"2026-04-16T23:48:43.617233100Z","durationInMilliSecs":164.0474},{"eventName":"received","startTimeUTC":"2026-04-16T23:48:43.781280500Z","durationInMilliSecs":1.0206}],"partitionKeyRangeId":null,"responsePayloadSizeInBytes":0,"httpNetworkResponseTimeout":"PT1M","exceptionMessage":"Message: {\"Errors\":[\"Resource Not Found. Learn more: https://aka.ms/cosmosdb-tsg-not-found\"]}\r\nActivityId: 0fa62038-5a61-4ed7-9473-a7c31e63bde9, Request URI: /apps/e5edab09-e651-4b3c-a603-1230655f3d07/services/4b24e143-71b7-47e6-91ee-08e7b832ec07/partitions/b66d394c-e21e-4313-8c8d-d26074fbeec7/replicas/134185142045977688s, RequestStats: , SDK: Microsoft.Azure.Documents.Common/2.14.0, StatusCode: NotFound","exceptionResponseHeaders":"{date=Thu, 16 Apr 2026 23:48:44 GMT, server=Microsoft-HTTPAPI/2.0, content-length=423, x-ms-last-state-change-utc=Tue, 31 Mar 2026 23:45:26.872 GMT, x-ms-request-duration-ms=31.025, x-ms-session-token=0:-1#99, lsn=99, x-ms-request-charge=2, x-ms-schemaversion=1.21, x-ms-transport-request-id=234414, x-ms-number-of-read-regions=0, x-ms-cosmos-internal-partition-id=b66d394c-e21e-4313-8c8d-d26074fbeec7, x-ms-activity-id=0fa62038-5a61-4ed7-9473-a7c31e63bde9, strict-transport-security=max-age=31536000, x-http2-stream-id=3, x-ms-xp-role=1, x-ms-global-committed-lsn=99, x-ms-cosmos-llsn=99, x-ms-gatewayversion=version=2.14.0, content-location=https://swkrish-session-northeurope.documents-test.windows-int.net/dbs/db1/colls/c2, content-type=application/json, x-ms-serviceversion=version=2.14.0.0}","endpoint":"https://swkrish-session-northeurope.documents-test.windows-int.net:443/dbs/db1/colls/c2","isHubRegionProcessingOnly":"false","perPartitionCircuitBreakerInfoHolder":{"perPartitionCircuitBreakerInfoHolder":null},"perPartitionAutomaticFailoverInfoHolder":null,"channelId":"4708792e/1","parentChannelId":"4708792e","isHttp2":true}],"samplingRateSnapshot":1.0,"bloomFilterInsertionCountSnapshot":0,"systemInformation":{"usedMemory":"31946 KB","availableMemory":"12477238 KB","systemCpuLoad":"empty","availableProcessors":8},"clientCfgs":{"id":6,"machineId":"uuid:aabb364a-80c6-4b4c-ae65-e31bae48b35b","connectionMode":"GATEWAY","numberOfClients":0,"isPpafEnabled":"false","isFalseProgSessionTokenMergeEnabled":"true","excrgns":"[]","clientEndpoints":{"https://swkrish-session.documents-test.windows-int.net:443/":15},"connCfg":{"rntbd":null,"gw":"(cps:1000, nrto:PT1M, icto:PT1M, cto:PT45S, gwV2Cto:PT5S, p:false, http2:(enabled:true, maxc:1000, minc:8, maxs:30))","other":"(ed: true, cs: false, rv: true)"},"consistencyCfg":"(consistency: Eventual, readConsistencyStrategy: null,  mm: true, prgns: [])","proactiveInitCfg":"","e2ePolicyCfg":"","sessionRetryCfg":""}}}]]>
            </message>
            <full-stacktrace>
              <![CDATA[{"ClassName":"CosmosException","userAgent":"azsdk-java-cosmos/4.80.0-beta.1 Windows11/10.0 JRE/18.0.2.1","statusCode":404,"resourceAddress":"https://swkrish-session-northeurope.documents-test.windows-int.net:443/dbs/db1/colls/c2","error":"{\"code\":\"NotFound\",\"message\":\"Message: {\\\"Errors\\\":[\\\"Resource Not Found. Learn more: https://aka.ms/cosmosdb-tsg-not-found\\\"]}\\r\\nActivityId: 0fa62038-5a61-4ed7-9473-a7c31e63bde9, Request URI: /apps/e5edab09-e651-4b3c-a603-1230655f3d07/services/4b24e143-71b7-47e6-91ee-08e7b832ec07/partitions/b66d394c-e21e-4313-8c8d-d26074fbeec7/replicas/134185142045977688s, RequestStats: , SDK: Microsoft.Azure.Documents.Common/2.14.0, StatusCode: NotFound\",\"additionalErrorInfo\":null}","innerErrorMessage":"Message: {\"Errors\":[\"Resource Not Found. Learn more: https://aka.ms/cosmosdb-tsg-not-found\"]}\r\nActivityId: 0fa62038-5a61-4ed7-9473-a7c31e63bde9, Request URI: /apps/e5edab09-e651-4b3c-a603-1230655f3d07/services/4b24e143-71b7-47e6-91ee-08e7b832ec07/partitions/b66d394c-e21e-4313-8c8d-d26074fbeec7/replicas/134185142045977688s, RequestStats: , SDK: Microsoft.Azure.Documents.Common/2.14.0, StatusCode: NotFound","causeInfo":null,"responseHeaders":"{date=Thu, 16 Apr 2026 23:48:44 GMT, server=Microsoft-HTTPAPI/2.0, content-length=423, x-ms-last-state-change-utc=Tue, 31 Mar 2026 23:45:26.872 GMT, x-ms-request-duration-ms=31.025, x-ms-session-token=0:-1#99, lsn=99, x-ms-request-charge=2, x-ms-schemaversion=1.21, x-ms-transport-request-id=234414, x-ms-number-of-read-regions=0, x-ms-cosmos-internal-partition-id=b66d394c-e21e-4313-8c8d-d26074fbeec7, x-ms-activity-id=0fa62038-5a61-4ed7-9473-a7c31e63bde9, strict-transport-security=max-age=31536000, x-http2-stream-id=3, x-ms-xp-role=1, x-ms-global-committed-lsn=99, x-ms-cosmos-llsn=99, x-ms-gatewayversion=version=2.14.0, content-location=https://swkrish-session-northeurope.documents-test.windows-int.net/dbs/db1/colls/c2, content-type=application/json, x-ms-serviceversion=version=2.14.0.0, x-ms-substatus=1003}","requestHeaders":"[x-ms-date=Thu, 16 Apr 2026 23:48:43 GMT]","cosmosDiagnostics":{"userAgent":"azsdk-java-cosmos/4.80.0-beta.1 Windows11/10.0 JRE/18.0.2.1|F14","activityId":"0fa62038-5a61-4ed7-9473-a7c31e63bde9","requestLatencyInMs":698,"requestStartTimeUTC":"2026-04-16T23:48:43.084310600Z","requestEndTimeUTC":"2026-04-16T23:48:43.783290400Z","responseStatisticsList":[],"supplementalResponseStatisticsList":[],"addressResolutionStatistics":{},"regionsContacted":["north europe"],"retryContext":{"statusAndSubStatusCodes":null,"retryCount":0,"retryLatency":0},"metadataDiagnosticsContext":{"metadataDiagnosticList":n
[...]
r\nActivityId: 0904c85b-9bbe-4c5b-be9d-b58f18729c11, Request URI: /apps/e5edab09-e651-4b3c-a603-1230655f3d07/services/4b24e143-71b7-47e6-91ee-08e7b832ec07/partitions/b66d394c-e21e-4313-8c8d-d26074fbeec7/replicas/134185142045977688s, RequestStats: , SDK: Microsoft.Azure.Documents.Common/2.14.0, StatusCode: NotFound","exceptionResponseHeaders":"{date=Thu, 16 Apr 2026 23:48:58 GMT, server=Microsoft-HTTPAPI/2.0, content-length=423, x-ms-last-state-change-utc=Tue, 31 Mar 2026 23:45:26.872 GMT, x-ms-request-duration-ms=25.908, x-ms-session-token=0:-1#99, lsn=99, x-ms-request-charge=2, x-ms-schemaversion=1.21, x-ms-transport-request-id=234422, x-ms-number-of-read-regions=0, x-ms-cosmos-internal-partition-id=b66d394c-e21e-4313-8c8d-d26074fbeec7, x-ms-activity-id=0904c85b-9bbe-4c5b-be9d-b58f18729c11, strict-transport-security=max-age=31536000, x-http2-stream-id=3, x-ms-xp-role=1, x-ms-global-committed-lsn=99, x-ms-cosmos-llsn=99, x-ms-gatewayversion=version=2.14.0, content-location=https://swkrish-session-northeurope.documents-test.windows-int.net/dbs/db1/colls/c2, content-type=application/json, x-ms-serviceversion=version=2.14.0.0}","endpoint":"https://swkrish-session-northeurope.documents-test.windows-int.net:443/dbs/db1/colls/c2","isHubRegionProcessingOnly":"false","perPartitionCircuitBreakerInfoHolder":{"perPartitionCircuitBreakerInfoHolder":null},"perPartitionAutomaticFailoverInfoHolder":null,"channelId":"5424b6d5/1","parentChannelId":"5424b6d5","isHttp2":true}],"samplingRateSnapshot":1.0,"bloomFilterInsertionCountSnapshot":0,"systemInformation":{"usedMemory":"33734 KB","availableMemory":"12475450 KB","systemCpuLoad":"empty","availableProcessors":8},"clientCfgs":{"id":14,"machineId":"uuid:aabb364a-80c6-4b4c-ae65-e31bae48b35b","connectionMode":"GATEWAY","numberOfClients":0,"isPpafEnabled":"false","isFalseProgSessionTokenMergeEnabled":"true","excrgns":"[]","clientEndpoints":{"https://swkrish-session.documents-test.windows-int.net:443/":15},"connCfg":{"rntbd":null,"gw":"(cps:1000, nrto:PT1M, icto:PT1M, cto:PT45S, gwV2Cto:PT5S, p:false, http2:(enabled:true, maxc:1000, minc:8, maxs:30))","other":"(ed: true, cs: false, rv: true)"},"consistencyCfg":"(consistency: Session, readConsistencyStrategy: null,  mm: true, prgns: [])","proactiveInitCfg":"","e2ePolicyCfg":"","sessionRetryCfg":""}}}
at com.azure.cosmos.BridgeInternal.createCosmosException(BridgeInternal.java:425)
at com.azure.cosmos.implementation.RxGatewayStoreModel.validateOrThrow(RxGatewayStoreModel.java:779)
at com.azure.cosmos.implementation.RxGatewayStoreModel.unwrapToStoreResponse(RxGatewayStoreModel.java:233)
at com.azure.cosmos.implementation.RxGatewayStoreModel.lambda$toDocumentServiceResponse$4(RxGatewayStoreModel.java:565)
at reactor.core.publisher.FluxMap$MapConditionalSubscriber.onNext(FluxMap.java:208)
at reactor.core.publisher.MonoPublishOn$PublishOnSubscriber.run(MonoPublishOn.java:181)
at reactor.core.scheduler.SchedulerTask.call(SchedulerTask.java:68)
at reactor.core.scheduler.SchedulerTask.call(SchedulerTask.java:28)
at java.base/java.util.concurrent.FutureTask.run(FutureTask.java:264)
at java.base/java.util.concurrent.ScheduledThreadPoolExecutor$ScheduledFutureTask.run(ScheduledThreadPoolExecutor.java:304)
at java.base/java.util.concurrent.ThreadPoolExecutor.runWorker(ThreadPoolExecutor.java:1136)
at java.base/java.util.concurrent.ThreadPoolExecutor$Worker.run(ThreadPoolExecutor.java:635)
at java.base/java.lang.Thread.run(Thread.java:833)
Suppressed: java.lang.Exception: #block terminated with an error
at reactor.core.publisher.BlockingSingleSubscriber.blockingGet(BlockingSingleSubscriber.java:104)
at reactor.core.publisher.Mono.block(Mono.java:1779)
at com.azure.cosmos.implementation.ThinClientE2ETest.testThinClientQuery(ThinClientE2ETest.java:74)
at java.base/jdk.internal.reflect.DirectMethodHandleAccessor.invoke(DirectMethodHandleAccessor.java:104)
at java.base/java.lang.reflect.Method.invoke(Method.java:577)
at org.testng.internal.invokers.MethodInvocationHelper.invokeMethod(MethodInvocationHelper.java:136)
at org.testng.internal.invokers.TestInvoker.invokeMethod(TestInvoker.java:658)
at org.testng.internal.invokers.TestInvoker.retryFailed(TestInvoker.java:261)
at org.testng.internal.invokers.MethodRunner.runInSequence(MethodRunner.java:62)
at org.testng.internal.invokers.TestInvoker$MethodInvocationAgent.invoke(TestInvoker.java:923)
at org.testng.internal.invokers.TestInvoker.invokeTestMethods(TestInvoker.java:192)
at org.testng.internal.invokers.TestMethodWorker.invokeTestMethods(TestMethodWorker.java:146)
at org.testng.internal.invokers.TestMethodWorker.run(TestMethodWorker.java:128)
at java.base/java.util.ArrayList.forEach(ArrayList.java:1511)
at org.testng.TestRunner.privateRun(TestRunner.java:808)
at org.testng.TestRunner.run(TestRunner.java:603)
at org.testng.SuiteRunner.runTest(SuiteRunner.java:429)
at org.testng.SuiteRunner.runSequentially(SuiteRunner.java:423)
at org.testng.SuiteRunner.privateRun(SuiteRunner.java:383)
at org.testng.SuiteRunner.run(SuiteRunner.java:326)
at org.testng.SuiteRunnerWorker.runSuite(SuiteRunnerWorker.java:52)
at org.testng.SuiteRunnerWorker.run(SuiteRunnerWorker.java:95)
at org.testng.TestNG.runSuitesSequentially(TestNG.java:1249)
at org.testng.TestNG.runSuitesLocally(TestNG.java:1169)
at org.testng.TestNG.runSuites(TestNG.java:1092)
at org.testng.TestNG.run(TestNG.java:1060)
at org.testng.TestNG.privateMain(TestNG.java:1403)
at org.testng.TestNG.main(TestNG.java:1367)
]]>
            </full-stacktrace>
          </exception> <!-- com.azure.cosmos.CosmosException -->
          <reporter-output>
          </reporter-output>
        </test-method> <!-- testThinClientQuery -->
        <test-method signature="testThinClientQuery()[pri:0, instance:com.azure.cosmos.implementation.ThinClientE2ETest@2812b107]" started-at="2026-04-16T19:48:57 EDT" name="testThinClientQuery" finished-at="2026-04-16T19:48:59 EDT" duration-ms="1252" status="FAIL">
          <exception class="com.azure.cosmos.CosmosException">
            <message>
              <![CDATA[{"innerErrorMessage":"Message: {\"Errors\":[\"Resource Not Found. Learn more: https://aka.ms/cosmosdb-tsg-not-found\"]}\r\nActivityId: cf4d2b87-cbf4-4a0a-b3c9-a5547c888d90, Request URI: /apps/e5edab09-e651-4b3c-a603-1230655f3d07/services/4b24e143-71b7-47e6-91ee-08e7b832ec07/partitions/b66d394c-e21e-4313-8c8d-d26074fbeec7/replicas/134185142045977688s, RequestStats: , SDK: Microsoft.Azure.Documents.Common/2.14.0, StatusCode: NotFound","cosmosDiagnostics":{"userAgent":"azsdk-java-cosmos/4.80.0-beta.1 Windows11/10.0 JRE/18.0.2.1|F14","activityId":"cf4d2b87-cbf4-4a0a-b3c9-a5547c888d90","requestLatencyInMs":663,"requestStartTimeUTC":"2026-04-16T23:48:58.543548300Z","requestEndTimeUTC":"2026-04-16T23:48:59.206604900Z","responseStatisticsList":[],"supplementalResponseStatisticsList":[],"addressResolutionStatistics":{},"regionsContacted":["north europe"],"retryContext":{"statusAndSubStatusCodes":null,"retryCount":0,"retryLatency":0},"metadataDiagnosticsContext":{"metadataDiagnosticList":null,"empty":true},"serializationDiagnosticsContext":{"serializationDiagnosticsList":null},"gatewayStatisticsList":[{"sessionToken":"0:-1#99","operationType":"Read","resourceType":"DocumentCollection","statusCode":404,"subStatusCode":0,"requestCharge":2.0,"requestTimeline":[{"eventName":"connectionCreated","startTimeUTC":"2026-04-16T23:48:58.543548300Z","durationInMilliSecs":531.1243},{"eventName":"connectionConfigured","startTimeUTC":"2026-04-16T23:48:59.074672600Z","durationInMilliSecs":1.3653},{"eventName":"requestSent","startTimeUTC":"2026-04-16T23:48:59.076037900Z","durationInMilliSecs":0.0},{"eventName":"transitTime","startTimeUTC":"2026-04-16T23:48:59.076037900Z","durationInMilliSecs":128.5573},{"eventName":"received","startTimeUTC":"2026-04-16T23:48:59.204595200Z","durationInMilliSecs":1.1044}],"partitionKeyRangeId":null,"responsePayloadSizeInBytes":0,"httpNetworkResponseTimeout":"PT1M","exceptionMessage":"Message: {\"Errors\":[\"Resource Not Found. Learn more: https://aka.ms/cosmosdb-tsg-not-found\"]}\r\nActivityId: cf4d2b87-cbf4-4a0a-b3c9-a5547c888d90, Request URI: /apps/e5edab09-e651-4b3c-a603-1230655f3d07/services/4b24e143-71b7-47e6-91ee-08e7b832ec07/partitions/b66d394c-e21e-4313-8c8d-d26074fbeec7/replicas/134185142045977688s, RequestStats: , SDK: Microsoft.Azure.Documents.Common/2.14.0, StatusCode: NotFound","exceptionResponseHeaders":"{date=Thu, 16 Apr 2026 23:48:59 GMT, server=Microsoft-HTTPAPI/2.0, content-length=423, x-ms-last-state-change-utc=Tue, 31 Mar 2026 23:45:26.872 GMT, x-ms-request-duration-ms=12.876, x-ms-session-token=0:-1#99, lsn=99, x-ms-request-charge=2, x-ms-schemaversion=1.21, x-ms-transport-request-id=234423, x-ms-number-of-read-regions=0, x-ms-cosmos-internal-partition-id=b66d394c-e21e-4313-8c8d-d26074fbeec7, x-ms-activity-id=cf4d2b87-cbf4-4a0a-b3c9-a5547c888d90, strict-transport-security=max-age=31536000, x-http2-stream-id=3, x-ms-xp-role=1, x-ms-global-committed-lsn=99, x-ms-cosmos-llsn=99, x-ms-gatewayversion=version=2.14.0, content-location=https://swkrish-session-northeurope.documents-test.windows-int.net/dbs/db1/colls/c2, content-type=application/json, x-ms-serviceversion=version=2.14.0.0}","endpoint":"https://swkrish-session-northeurope.documents-test.windows-int.net:443/dbs/db1/colls/c2","isHubRegionProcessingOnly":"false","perPartitionCircuitBreakerInfoHolder":{"perPartitionCircuitBreakerInfoHolder":null},"perPartitionAutomaticFailoverInfoHolder":null,"channelId":"598c6834/1","parentChannelId":"598c6834","isHttp2":true}],"samplingRateSnapshot":1.0,"bloomFilterInsertionCountSnapshot":0,"systemInformation":{"usedMemory":"33734 KB","availableMemory":"12475450 KB","systemCpuLoad":"empty","availableProcessors":8},"clientCfgs":{"id":15,"machineId":"uuid:aabb364a-80c6-4b4c-ae65-e31bae48b35b","connectionMode":"GATEWAY","numberOfClients":0,"isPpafEnabled":"false","isFalseProgSessionTokenMergeEnabled":"true","excrgns":"[]","clientEndpoints":{"https://swkrish-session.documents-test.windows-int.net:443/":15},"connCfg":{"rntbd":null,"gw":"(cps:1000, nrto:PT1M, icto:PT1M, cto:PT45S, gwV2Cto:PT5S, p:false, http2:(enabled:true, maxc:1000, minc:8, maxs:30))","other":"(ed: true, cs: false, rv: true)"},"consistencyCfg":"(consistency: Session, readConsistencyStrategy: null,  mm: true, prgns: [])","proactiveInitCfg":"","e2ePolicyCfg":"","sessionRetryCfg":""}}}]]>
            </message>
            <full-stacktrace>
              <![CDATA[{"ClassName":"CosmosException","userAgent":"azsdk-java-cosmos/4.80.0-beta.1 Windows11/10.0 JRE/18.0.2.1","statusCode":404,"resourceAddress":"https://swkrish-session-northeurope.documents-test.windows-int.net:443/dbs/db1/colls/c2","error":"{\"code\":\"NotFound\",\"message\":\"Message: {\\\"Errors\\\":[\\\"Resource Not Found. Learn more: https://aka.ms/cosmosdb-tsg-not-found\\\"]}\\r\\nActivityId: cf4d2b87-cbf4-4a0a-b3c9-a5547c888d90, Request URI: /apps/e5edab09-e651-4b3c-a603-1230655f3d07/services/4b24e143-71b7-47e6-91ee-08e7b832ec07/partitions/b66d394c-e21e-4313-8c8d-d26074fbeec7/replicas/134185142045977688s, RequestStats: , SDK: Microsoft.Azure.Documents.Common/2.14.0, StatusCode: NotFound\",\"additionalErrorInfo\":null}","innerErrorMessage":"Message: {\"Errors\":[\"Resource Not Found. Learn more: https://aka.ms/cosmosdb-tsg-not-found\"]}\r\nActivityId: cf4d2b87-cbf4-4a0a-b3c9-a5547c888d90, Request URI: /apps/e5edab09-e651-4b3c-a603-1230655f3d07/services/4b24e143-71b7-47e6-91ee-08e7b832ec07/partitions/b66d394c-e21e-4313-8c8d-d26074fbeec7/replicas/134185142045977688s, RequestStats: , SDK: Microsoft.Azure.Documents.Common/2.14.0, StatusCode: NotFound","causeInfo":null,"responseHeaders":"{date=Thu, 16 Apr 2026 23:48:59 GMT, server=Microsoft-HTTPAPI/2.0, content-length=423, x-ms-last-state-change-utc=Tue, 31 Mar 2026 23:45:26.872 GMT, x-ms-request-duration-ms=12.876, x-ms-session-token=0:-1#99, lsn=99, x-ms-request-charge=2, x-ms-schemaversion=1.21, x-ms-transport-request-id=234423, x-ms-number-of-read-regions=0, x-ms-cosmos-internal-partition-id=b66d394c-e21e-4313-8c8d-d26074fbeec7, x-ms-activity-id=cf4d2b87-cbf4-4a0a-b3c9-a5547c888d90, strict-transport-security=max-age=31536000, x-http2-stream-id=3, x-ms-xp-role=1, x-ms-global-committed-lsn=99, x-ms-cosmos-llsn=99, x-ms-gatewayversion=version=2.14.0, content-location=https://swkrish-session-northeurope.documents-test.windows-int.net/dbs/db1/colls/c2, content-type=application/json, x-ms-serviceversion=version=2.14.0.0, x-ms-substatus=1003}","requestHeaders":"[x-ms-date=Thu, 16 Apr 2026 23:48:58 GMT]","cosmosDiagnostics":{"userAgent":"azsdk-java-cosmos/4.80.0-beta.1 Windows11/10.0 JRE/18.0.2.1|F14","activityId":"cf4d2b87-cbf4-4a0a-b3c9-a5547c888d90","requestLatencyInMs":663,"requestStartTimeUTC":"2026-04-16T23:48:58.543548300Z","requestEndTimeUTC":"2026-04-16T23:48:59.206604900Z","responseStatisticsList":[],"supplementalResponseStatisticsList":[],"addressResolutionStatistics":{},"regionsContacted":["north europe"],"retryContext":{"statusAndSubStatusCodes":null,"retryCount":0,"retryLatency":0},"metadataDiagnosticsContext":{"metadataDiagnosticList":null,"empty":true},"serializationDiagnosticsContext":{"serializationDiagnosticsList":null},"gatewayStatisticsList":[{"sessionToken":"0:-1#99","operationType":"Read","resourceType":"DocumentCollection","statusCode":404,"subStatusCode":0,"requestCharge":2.0,"requestTimeline":[{"eventName":"connectionCreated","startTimeUTC":"2026-04-16T23:48:58.543548300Z","durationInMilliSecs":531.1243},{"eventName":"connectionConfigured","startTimeUTC":"2026-04-16T23:48:59.074672600Z","durationInMilliSecs":1.3653},{"eventName":"requestSent","startTimeUTC":"2026-04-16T23:48:59.076037900Z","durationInMilliSecs":0.0},{"eventName":"transitTime","startTimeUTC":"2026-04-16T23:48:59.076037900Z","durationInMilliSecs":128.5573},{"eventName":"received","startTimeUTC":"2026-04-16T23:48:59.204595200Z","durationInMilliSecs":1.1044}],"partitionKeyRangeId":null,"responsePayloadSizeInBytes":0,"httpNetworkResponseTimeout":"PT1M","exceptionMessage":"Message: {\"Errors\":[\"Resource Not Found. Learn more: https://aka.ms/cosmosdb-tsg-not-found\"]}\r\nActivityId: cf4d2b87-cbf4-4a0a-b3c9-a5547c888d90, Request URI: /apps/e5edab09-e651-4b3c-a603-1230655f3d07/services/4b24e143-71b7-47e6-91ee-08e7b832ec07/partitions/b66d394c-e21e-4313-8c8d-d26074fbeec7/replicas/134185142045977688s, RequestStats: , SDK: Microsoft.Azure.Documents.Common/2.14.0, StatusCode: NotFound","exceptionResponseHeaders":"{date=Thu, 16 Apr 2026 23:48:59 GMT, server=Microsoft-HTTPAPI/2.0, content-length=423, x-ms-last-state-change-utc=Tue, 31 Mar 2026 23:45:26.872 GMT, x-ms-request-duration-ms=12.876, x-ms-session-token=0:-1#99, lsn=99, x-ms-request-charge=2, x-ms-schemaversion=1.21, x-ms-transport-request-id=234423, x-ms-number-of-read-regions=0, x-ms-cosmos-internal-partition-id=b66d394c-e21e-4313-8c8d-d26074fbeec7, x-ms-activity-id=cf4d2b87-cbf4-4a0a-b3c9-a5547c888d90, strict-transport-security=max-age=31536000, x-http2-stream-id=3, x-ms-xp-role=1, x-ms-global-committed-lsn=99, x-ms-cosmos-llsn=99, x-ms-gatewayversion=version=2.14.0, content-location=https://swkrish-session-northeurope.documents-test.windows-int.net/dbs/db1/colls/c2, content-type=application/json, x-ms-serviceversion=version=2.14.0.0}","endpoint":"https://swkrish-session-northeurope.documents-test.windows-int.net:443/dbs/db1/colls/c2","isHubRegionProcessingOnly":"false","perPartitionCircuitBreakerInfoHolder":{"perPartitionCircuitBreakerInfoHolder":null},"perPartitionAutomaticFailoverInfoHolder":null,"channelId":"598c6834/1","parentChannelId":"598c6834","isHttp2":true}],"samplingRateSnapshot":1.0,"bloomFilterInsertionCountSnapshot":0,"systemInformation":{"usedMemory":"33734 KB","availableMemory":"12475450 KB","systemCpuLoad":"empty","availableProcessors":8},"clientCfgs":{"id":15,"machineId":"uuid:aabb364a-80c6-4b4c-ae65-e31bae48b35b","connectionMode":"GATEWAY","numberOfClients":0,"isPpafEnabled":"false","isFalseProgSessionTokenMergeEnabled":"true","excrgns":"[]","clientEndpoints":{"https://swkrish-session.documents-test.windows-int.net:443/":15},"connCfg":{"rntbd":null,"gw":"(cps:1000, nrto:PT1M, icto:PT1M, cto:PT45S, gwV2Cto:PT5S, p:false, http2:(enabled:true, maxc:1000, minc:8, maxs:30))","other":"(ed: true, cs: false, rv: true)"},"consistencyCfg":"(consistency: Session, readConsistencyStrategy: null,  mm: true, prgns: [])","proactiveInitCfg":"","e2ePolicyCfg":"","sessionRetryCfg":""}}}
at com.azure.cosmos.BridgeInternal.createCosmosException(BridgeInternal.java:425)
at com.azure.cosmos.implementation.RxGatewayStoreModel.validateOrThrow(RxGatewayStoreModel.java:779)
at com.azure.cosmos.implementation.RxGatewayStoreModel.unwrapToStoreResponse(RxGatewayStoreModel.java:233)
at com.azure.cosmos.implementation.RxGatewayStoreModel.lambda$toDocumentServiceResponse$4(RxGatewayStoreModel.java:565)
at reactor.core.publisher.FluxMap$MapConditionalSubscriber.onNext(FluxMap.java:208)
at reactor.core.publisher.MonoPublishOn$PublishOnSubscriber.run(MonoPublishOn.java:181)
at reactor.core.scheduler.SchedulerTask.call(SchedulerTask.java:68)
at reactor.core.scheduler.SchedulerTask.call(SchedulerTask.java:28)
at java.base/java.util.concurrent.FutureTask.run(FutureTask.java:264)
at java.base/java.util.concurrent.ScheduledThreadPoolExecutor$ScheduledFutureTask.run(ScheduledThreadPoolExecutor.java:304)
at java.base/java.util.concurrent.ThreadPoolExecutor.runWorker(ThreadPoolExecutor.java:1136)
at java.base/java.util.concurrent.ThreadPoolExecutor$Worker.run(ThreadPoolExecutor.java:635)
at java.base/java.lang.Thread.run(Thread.java:833)
Suppressed: java.lang.Exception: #block terminated with an error
at reactor.core.publisher.BlockingSingleSubscriber.blockingGet(BlockingSingleSubscriber.java:104)
at reactor.core.publisher.Mono.block(Mono.java:1779)
at com.azure.cosmos.implementation.ThinClientE2ETest.testThinClientQuery(ThinClientE2ETest.java:74)
at java.base/jdk.internal.reflect.DirectMethodHandleAccessor.invoke(DirectMethodHandleAccessor.java:104)
at java.base/java.lang.reflect.Method.invoke(Method.java:577)
at org.testng.internal.invokers.MethodInvocationHelper.invokeMethod(MethodInvocationHelper.java:136)
at org.testng.internal.invokers.TestInvoker.invokeMethod(TestInvoker.java:658)
at org.testng.internal.invokers.TestInvoker.retryFailed(TestInvoker.java:261)
at org.testng.internal.invokers.MethodRunner.runInSequence(MethodRunner.java:62)
at org.testng.internal.invokers.TestInvoker$MethodInvocationAgent.invoke(TestInvoker.java:923)
at org.testng.internal.invokers.TestInvoker.invokeTestMethods(TestInvoker.java:192)
at org.testng.internal.invokers.TestMethodWorker.invokeTestMethods(TestMethodWorker.java:146)
at org.testng.internal.invokers.TestMethodWorker.run(TestMethodWorker.java:128)
at java.base/java.util.ArrayList.forEach(ArrayList.java:1511)
at org.testng.TestRunner.privateRun(TestRunner.java:808)
at org.testng.TestRunner.run(TestRunner.java:603)
at org.testng.SuiteRunner.runTest(SuiteRunner.java:429)
at org.testng.SuiteRunner.runSequentially(SuiteRunner.java:423)
at org.testng.SuiteRunner.privateRun(SuiteRunner.java:383)
at org.testng.SuiteRunner.run(SuiteRunner.java:326)
at org.testng.SuiteRunnerWorker.runSuite(SuiteRunnerWorker.java:52)
at org.testng.SuiteRunnerWorker.run(SuiteRunnerWorker.java:95)
at org.testng.TestNG.runSuitesSequentially(TestNG.java:1249)
at org.testng.TestNG.runSuitesLocally(TestNG.java:1169)
at org.testng.TestNG.runSuites(TestNG.java:1092)
at org.testng.TestNG.run(TestNG.java:1060)
at org.testng.TestNG.privateMain(TestNG.java:1403)
at org.testng.TestNG.main(TestNG.java:1367)
]]>
            </full-stacktrace>
          </exception> <!-- com.azure.cosmos.CosmosException -->
          <reporter-output>
          </reporter-output>
        </test-method> <!-- testThinClientQuery -->
      </class> <!-- com.azure.cosmos.implementation.ThinClientE2ETest -->
    </test> <!-- Command line test -->
  </suite> <!-- Command line suite -->
</testng-results>
