<?xml version="1.0" encoding="UTF-8"?>
<!-- Generated by org.testng.reporters.JUnitReportReporter -->
<testsuite hostname="Jeet-Thinkpad" failures="0" tests="10" name="com.azure.cosmos.implementation.ConsistencyFlagContentionTest" time="1.011" errors="0" timestamp="2026-04-16T19:34:07 EDT" skipped="0">
  <testcase classname="com.azure.cosmos.implementation.ConsistencyFlagContentionTest" name="resolve_headerRcs_stripsCl" time="0.001"/>
  <system-out/>
  <testcase classname="com.azure.cosmos.implementation.ConsistencyFlagContentionTest" name="resolve_defaultRcs_clSurvives" time="0.429"/>
  <system-out/>
  <testcase classname="com.azure.cosmos.implementation.ConsistencyFlagContentionTest" name="resolve_noHeaders_noOp" time="0.004"/>
  <system-out/>
  <testcase classname="com.azure.cosmos.implementation.ConsistencyFlagContentionTest" name="resolve_nullRcs_clSurvives" time="0.000"/>
  <system-out/>
  <testcase classname="com.azure.cosmos.implementation.ConsistencyFlagContentionTest" name="resolve_requestContextRcs_stripsCl" time="0.000"/>
  <system-out/>
  <testcase classname="com.azure.cosmos.implementation.ConsistencyFlagContentionTest" name="resolve_idempotent_multipleInvocations" time="0.000"/>
  <system-out/>
  <testcase classname="com.azure.cosmos.implementation.ConsistencyFlagContentionTest" name="getRequestHeaders_bothRcsAndCl_onlyRcsSurvives" time="0.572"/>
  <system-out/>
  <testcase classname="com.azure.cosmos.implementation.ConsistencyFlagContentionTest" name="getRequestHeaders_onlyCl_clSurvives" time="0.005"/>
  <system-out/>
  <testcase classname="com.azure.cosmos.implementation.ConsistencyFlagContentionTest" name="getRequestHeaders_onlyRcs_rcsSurvives" time="0.000"/>
  <system-out/>
  <testcase classname="com.azure.cosmos.implementation.ConsistencyFlagContentionTest" name="resolve_requestContextRcs_overridesHeaderRcs" time="0.000"/>
  <system-out/>
</testsuite> <!-- com.azure.cosmos.implementation.ConsistencyFlagContentionTest -->
