<?xml version="1.0" encoding="UTF-8"?>
<!-- Generated by org.testng.reporters.JUnitReportReporter -->
<testsuite hostname="Jeet-Thinkpad" failures="1" tests="12" name="com.azure.cosmos.GatewayReadConsistencyStrategyE2ETest" time="10.069" errors="0" timestamp="2026-04-16T19:39:36 EDT" skipped="0">
  <testcase classname="com.azure.cosmos.GatewayReadConsistencyStrategyE2ETest" name="gateway_writeItem_rcsIgnored" time="1.312"/>
  <system-out/>
  <testcase classname="com.azure.cosmos.GatewayReadConsistencyStrategyE2ETest" name="gateway_clientLevel_latestCommitted_readItem" time="1.435"/>
  <system-out/>
  <testcase classname="com.azure.cosmos.GatewayReadConsistencyStrategyE2ETest" name="gateway_readItem_withSession" time="0.301"/>
  <system-out/>
  <testcase classname="com.azure.cosmos.GatewayReadConsistencyStrategyE2ETest" name="gateway_bothConsistencyLevelAndRcs_rcsWins" time="2.633"/>
  <system-out/>
  <testcase classname="com.azure.cosmos.GatewayReadConsistencyStrategyE2ETest" name="gateway_readMany_withLatestCommitted" time="0.434"/>
  <system-out/>
  <testcase classname="com.azure.cosmos.GatewayReadConsistencyStrategyE2ETest" name="gateway_readItem_withLatestCommitted" time="0.279"/>
  <system-out/>
  <testcase classname="com.azure.cosmos.GatewayReadConsistencyStrategyE2ETest" name="gateway_changeFeed_withLatestCommitted" time="1.019"/>
  <system-out/>
  <testcase classname="com.azure.cosmos.GatewayReadConsistencyStrategyE2ETest" name="gateway_requestLevel_bothClAndRcs_rcsWins" time="0.302"/>
  <system-out/>
  <testcase classname="com.azure.cosmos.GatewayReadConsistencyStrategyE2ETest" name="gateway_readItem_withEventual" time="0.286"/>
  <system-out/>
  <testcase classname="com.azure.cosmos.GatewayReadConsistencyStrategyE2ETest" name="gateway_requestLevelRcs_overridesClientLevelRcs" time="1.471"/>
  <system-out/>
  <testcase classname="com.azure.cosmos.GatewayReadConsistencyStrategyE2ETest" name="gateway_readItem_globalStrong_invalidAccount_throwsBadRequest" time="0.127">
    <failure message="
Expecting actual:
  &quot;{&quot;innerErrorMessage&quot;:&quot;One of the input values is invalid.: Value &#039;GlobalStrong&#039; specified for the header &#039;x-ms-cosmos-read-consistency-strategy&#039; is invalid. This value requires the account-level default consistency level to be &#039;Strong&#039; - but it is &#039;Session&#039;.&quot;}&quot;
to contain:
  &quot;ReadConsistencyStrategy&quot; " type="java.lang.AssertionError">
      <![CDATA[java.lang.AssertionError: 
Expecting actual:
  "{"innerErrorMessage":"One of the input values is invalid.: Value 'GlobalStrong' specified for the header 'x-ms-cosmos-read-consistency-strategy' is invalid. This value requires the account-level default consistency level to be 'Strong' - but it is 'Session'."}"
to contain:
  "ReadConsistencyStrategy" 
at com.azure.cosmos.GatewayReadConsistencyStrategyE2ETest.gateway_readItem_globalStrong_invalidAccount_throwsBadRequest(GatewayReadConsistencyStrategyE2ETest.java:291)
at java.base/jdk.internal.reflect.DirectMethodHandleAccessor.invoke(DirectMethodHandleAccessor.java:104)
at java.base/java.lang.reflect.Method.invoke(Method.java:577)
at org.testng.internal.invokers.MethodInvocationHelper.invokeMethod(MethodInvocationHelper.java:136)
at org.testng.internal.invokers.InvokeMethodRunnable.runOne(InvokeMethodRunnable.java:44)
at org.testng.internal.invokers.InvokeMethodRunnable.call(InvokeMethodRunnable.java:72)
at org.testng.internal.invokers.InvokeMethodRunnable.call(InvokeMethodRunnable.java:10)
at java.base/java.util.concurrent.FutureTask.run(FutureTask.java:264)
at java.base/java.util.concurrent.ThreadPoolExecutor.runWorker(ThreadPoolExecutor.java:1136)
at java.base/java.util.concurrent.ThreadPoolExecutor$Worker.run(ThreadPoolExecutor.java:635)
at java.base/java.lang.Thread.run(Thread.java:833)
]]>
    </failure>
  </testcase> <!-- gateway_readItem_globalStrong_invalidAccount_throwsBadRequest -->
  <system-out/>
  <testcase classname="com.azure.cosmos.GatewayReadConsistencyStrategyE2ETest" name="gateway_queryItems_withLatestCommitted" time="0.470"/>
  <system-out/>
</testsuite> <!-- com.azure.cosmos.GatewayReadConsistencyStrategyE2ETest -->
