<?xml version="1.0" encoding="UTF-8"?>
<!-- Generated by org.testng.reporters.JUnitReportReporter -->
<testsuite hostname="Jeet-Thinkpad" failures="0" tests="15" name="com.azure.cosmos.implementation.ThinClientE2ETest" time="26.382" errors="5" timestamp="2026-04-16T19:48:59 EDT" skipped="10">
  <testcase classname="com.azure.cosmos.implementation.ThinClientE2ETest" name="testThinClientBulk" time="1.273">
    <skipped/>
  </testcase> <!-- testThinClientBulk -->
  <system-out/>
  <testcase classname="com.azure.cosmos.implementation.ThinClientE2ETest" name="testThinClientIncrementalChangeFeed" time="1.197">
    <skipped/>
  </testcase> <!-- testThinClientIncrementalChangeFeed -->
  <system-out/>
  <testcase classname="com.azure.cosmos.implementation.ThinClientE2ETest" name="testThinClientBatch" time="1.347">
    <error message="{&quot;innerErrorMessage&quot;:&quot;Message: {\&quot;Errors\&quot;:[\&quot;Resource Not Found. Learn more: https://aka.ms/cosmosdb-tsg-not-found\&quot;]}\r\nActivityId: 4ce5124c-3ea1-4f70-a6fe-c51d4de4778b, Request URI: /apps/e5edab09-e651-4b3c-a603-1230655f3d07/services/4b24e143-71b7-47e6-91ee-08e7b832ec07/partitions/b66d394c-e21e-4313-8c8d-d26074fbeec7/replicas/134185142045977688s, RequestStats: , SDK: Microsoft.Azure.Documents.Common/2.14.0, StatusCode: NotFound&quot;,&quot;cosmosDiagnostics&quot;:{&quot;userAgent&quot;:&quot;azsdk-java-cosmos/4.80.0-beta.1 Windows11/10.0 JRE/18.0.2.1|F14&quot;,&quot;activityId&quot;:&quot;4ce5124c-3ea1-4f70-a6fe-c51d4de4778b&quot;,&quot;requestLatencyInMs&quot;:622,&quot;requestStartTimeUTC&quot;:&quot;2026-04-16T23:48:39.332992900Z&quot;,&quot;requestEndTimeUTC&quot;:&quot;2026-04-16T23:48:39.955473200Z&quot;,&quot;responseStatisticsList&quot;:[],&quot;supplementalResponseStatisticsList&quot;:[],&quot;addressResolutionStatistics&quot;:{},&quot;regionsContacted&quot;:[&quot;north europe&quot;],&quot;retryContext&quot;:{&quot;statusAndSubStatusCodes&quot;:null,&quot;retryCount&quot;:0,&quot;retryLatency&quot;:0},&quot;metadataDiagnosticsContext&quot;:{&quot;metadataDiagnosticList&quot;:null,&quot;empty&quot;:true},&quot;serializationDiagnosticsContext&quot;:{&quot;serializationDiagnosticsList&quot;:null},&quot;gatewayStatisticsList&quot;:[{&quot;sessionToken&quot;:&quot;0:-1#99&quot;,&quot;operationType&quot;:&quot;Read&quot;,&quot;resourceType&quot;:&quot;DocumentCollection&quot;,&quot;statusCode&quot;:404,&quot;subStatusCode&quot;:0,&quot;requestCharge&quot;:2.0,&quot;requestTimeline&quot;:[{&quot;eventName&quot;:&quot;connectionCreated&quot;,&quot;startTimeUTC&quot;:&quot;2026-04-16T23:48:39.333999900Z&quot;,&quot;durationInMilliSecs&quot;:484.4468},{&quot;eventName&quot;:&quot;connectionConfigured&quot;,&quot;startTimeUTC&quot;:&quot;2026-04-16T23:48:39.818446700Z&quot;,&quot;durationInMilliSecs&quot;:0.0},{&quot;eventName&quot;:&quot;requestSent&quot;,&quot;startTimeUTC&quot;:&quot;2026-04-16T23:48:39.818446700Z&quot;,&quot;durationInMilliSecs&quot;:1.171},{&quot;eventName&quot;:&quot;transitTime&quot;,&quot;startTimeUTC&quot;:&quot;2026-04-16T23:48:39.819617700Z&quot;,&quot;durationInMilliSecs&quot;:133.8428},{&quot;eventName&quot;:&quot;received&quot;,&quot;startTimeUTC&quot;:&quot;2026-04-16T23:48:39.953460500Z&quot;,&quot;durationInMilliSecs&quot;:1.0076}],&quot;partitionKeyRangeId&quot;:null,&quot;responsePayloadSizeInBytes&quot;:0,&quot;httpNetworkResponseTimeout&quot;:&quot;PT1M&quot;,&quot;exceptionMessage&quot;:&quot;Message: {\&quot;Errors\&quot;:[\&quot;Resource Not Found. Learn more: https://aka.ms/cosmosdb-tsg-not-found\&quot;]}\r\nActivityId: 4ce5124c-3ea1-4f70-a6fe-c51d4de4778b, Request URI: /apps/e5edab09-e651-4b3c-a603-1230655f3d07/services/4b24e143-71b7-47e6-91ee-08e7b832ec07/partitions/b66d394c-e21e-4313-8c8d-d26074fbeec7/replicas/134185142045977688s, RequestStats: , SDK: Microsoft.Azure.Documents.Common/2.14.0, StatusCode: NotFound&quot;,&quot;exceptionResponseHeaders&quot;:&quot;{date=Thu, 16 Apr 2026 23:48:40 GMT, server=Microsoft-HTTPAPI/2.0, content-length=423, x-ms-last-state-change-utc=Tue, 31 Mar 2026 23:45:26.872 GMT, x-ms-request-duration-ms=29.855, x-ms-session-token=0:-1#99, lsn=99, x-ms-request-charge=2, x-ms-schemaversion=1.21, x-ms-transport-request-id=240521, x-ms-number-of-read-regions=0, x-ms-cosmos-internal-partition-id=b66d394c-e21e-4313-8c8d-d26074fbeec7, x-ms-activity-id=4ce5124c-3ea1-4f70-a6fe-c51d4de4778b, strict-transport-security=max-age=31536000, x-http2-stream-id=3, x-ms-xp-role=1, x-ms-global-committed-lsn=99, x-ms-cosmos-llsn=99, x-ms-gatewayversion=version=2.14.0, content-location=https://swkrish-session-northeurope.documents-test.windows-int.net/dbs/db1/colls/c2, content-type=application/json, x-ms-serviceversion=version=2.14.0.0}&quot;,&quot;endpoint&quot;:&quot;https://swkrish-session-northeurope.documents-test.windows-int.net:443/dbs/db1/colls/c2&quot;,&quot;isHubRegionProcessingOnly&quot;:&quot;false&quot;,&quot;perPartitionCircuitBreakerInfoHolder&quot;:{&quot;perPartitionCircuitBreakerInfoHolder&quot;:null},&quot;perPartitionAutomaticFailoverInfoHolder&quot;:null,&quot;channelId&quot;:&quot;7c6f1242/1&quot;,&quot;parentChannelId&quot;:&quot;7c6f1242&quot;,&quot;isHttp2&quot;:true}],&quot;samplingRateSnapshot&quot;:1.0,&quot;bloomFilterInsertionCountSnapshot&quot;:0,&quot;systemInformation&quot;:{&quot;usedMemory&quot;:&quot;37076 KB&quot;,&quot;availableMemory&quot;:&quot;12472108 KB&quot;,&quot;systemCpuLoad&quot;:&quot;empty&quot;,&quot;availableProcessors&quot;:8},&quot;clientCfgs&quot;:{&quot;id&quot;:3,&quot;machineId&quot;:&quot;uuid:aabb364a-80c6-4b4c-ae65-e31bae48b35b&quot;,&quot;connectionMode&quot;:&quot;GATEWAY&quot;,&quot;numberOfClients&quot;:0,&quot;isPpafEnabled&quot;:&quot;false&quot;,&quot;isFalseProgSessionTokenMergeEnabled&quot;:&quot;true&quot;,&quot;excrgns&quot;:&quot;[]&quot;,&quot;clientEndpoints&quot;:{&quot;https://swkrish-session.documents-test.windows-int.net:443/&quot;:15},&quot;connCfg&quot;:{&quot;rntbd&quot;:null,&quot;gw&quot;:&quot;(cps:1000, nrto:PT1M, icto:PT1M, cto:PT45S, gwV2Cto:PT5S, p:false, http2:(enabled:true, maxc:1000, minc:8, maxs:30))&quot;,&quot;other&quot;:&quot;(ed: true, cs: false, rv: true)&quot;},&quot;consistencyCfg&quot;:&quot;(consistency: Session, readConsistencyStrategy: null,  mm: true, prgns: [])&quot;,&quot;proactiveInitCfg&quot;:&quot;&quot;,&quot;e2ePolicyCfg&quot;:&quot;&quot;,&quot;sessionRetryCfg&quot;:&quot;&quot;}}}" type="com.azure.cosmos.CosmosException">
      <![CDATA[{"ClassName":"CosmosException","userAgent":"azsdk-java-cosmos/4.80.0-beta.1 Windows11/10.0 JRE/18.0.2.1","statusCode":404,"resourceAddress":"https://swkrish-session-northeurope.documents-test.windows-int.net:443/dbs/db1/colls/c2","error":"{\"code\":\"NotFound\",\"message\":\"Message: {\\\"Errors\\\":[\\\"Resource Not Found. Learn more: https://aka.ms/cosmosdb-tsg-not-found\\\"]}\\r\\nActivityId: 4ce5124c-3ea1-4f70-a6fe-c51d4de4778b, Request URI: /apps/e5edab09-e651-4b3c-a603-1230655f3d07/services/4b24e143-71b7-47e6-91ee-08e7b832ec07/partitions/b66d394c-e21e-4313-8c8d-d26074fbeec7/replicas/134185142045977688s, RequestStats: , SDK: Microsoft.Azure.Documents.Common/2.14.0, StatusCode: NotFound\",\"additionalErrorInfo\":null}","innerErrorMessage":"Message: {\"Errors\":[\"Resource Not Found. Learn more: https://aka.ms/cosmosdb-tsg-not-found\"]}\r\nActivityId: 4ce5124c-3ea1-4f70-a6fe-c51d4de4778b, Request URI: /apps/e5edab09-e651-4b3c-a603-1230655f3d07/services/4b24e143-71b7-47e6-91ee-08e7b832ec07/partitions/b66d394c-e21e-4313-8c8d-d26074fbeec7/replicas/134185142045977688s, RequestStats: , SDK: Microsoft.Azure.Documents.Common/2.14.0, StatusCode: NotFound","causeInfo":null,"responseHeaders":"{date=Thu, 16 Apr 2026 23:48:40 GMT, server=Microsoft-HTTPAPI/2.0, content-length=423, x-ms-last-state-change-utc=Tue, 31 Mar 2026 23:45:26.872 GMT, x-ms-request-duration-ms=29.855, x-ms-session-token=0:-1#99, lsn=99, x-ms-request-charge=2, x-ms-schemaversion=1.21, x-ms-transport-request-id=240521, x-ms-number-of-read-regions=0, x-ms-cosmos-internal-partition-id=b66d394c-e21e-4313-8c8d-d26074fbeec7, x-ms-activity-id=4ce5124c-3ea1-4f70-a6fe-c51d4de4778b, strict-transport-security=max-age=31536000, x-http2-stream-id=3, x-ms-xp-role=1, x-ms-global-committed-lsn=99, x-ms-cosmos-llsn=99, x-ms-gatewayversion=version=2.14.0, content-location=https://swkrish-session-northeurope.documents-test.windows-int.net/dbs/db1/colls/c2, content-type=application/json, x-ms-serviceversion=version=2.14.0.0, x-ms-substatus=1003}","requestHeaders":"[x-ms-date=Thu, 16 Apr 2026 23:48:39 GMT]","cosmosDiagnostics":{"userAgent":"azsdk-java-cosmos/4.80.0-beta.1 Windows11/10.0 JRE/18.0.2.1|F14","activityId":"4ce5124c-3ea1-4f70-a6fe-c51d4de4778b","requestLatencyInMs":622,"requestStartTimeUTC":"2026-04-16T23:48:39.332992900Z","requestEndTimeUTC":"2026-04-16T23:48:39.955473200Z","responseStatisticsList":[],"supplementalResponseStatisticsList":[],"addressResolutionStatistics":{},"regionsContacted":["north europe"],"retryContext":{"statusAndSubStatusCodes":null,"retryCount":0,"retryLatency":0},"metadataDiagnosticsContext":{"metadataDiagnosticList":null,"empty":true},"serializationDiagnosticsContext":{"serializationDiagnosticsList":null},"gatewayStatisticsList":[{"sessionToken":"0:-1#99","operationType":"Read","resourceType":"DocumentCollection","statusCode":404,"subStatusCode":0,"requestCharge":2.0,"requestTimeline":[{"eventName":"connectionCreated","startTimeUTC":"2026-04-16T23:48:39.333999900Z","durationInMilliSecs":484.4468},{"eventName":"connectionConfigured","startTimeUTC":"2026-04-16T23:48:39.818446700Z","durationInMilliSecs":0.0},{"eventName":"requestSent","startTimeUTC":"2026-04-16T23:48:39.818446700Z","durationInMilliSecs":1.171},{"eventName":"transitTime","startTimeUTC":"2026-04-16T23:48:39.819617700Z","durationInMilliSecs":133.8428},{"eventName":"received","startTimeUTC":"2026-04-16T23:48:39.953460500Z","durationInMilliSecs":1.0076}],"partitionKeyRangeId":null,"responsePayloadSizeInBytes":0,"httpNetworkResponseTimeout":"PT1M","exceptionMessage":"Message: {\"Errors\":[\"Resource Not Found. Learn more: https://aka.ms/cosmosdb-tsg-not-found\"]}\r\nActivityId: 4ce5124c-3ea1-4f70-a6fe-c51d4de4778b, Request URI: /apps/e5edab09-e651-4b3c-a603-1230655f3d07/services/4b24e143-71b7-47e6-91ee-08e7b832ec07/partitions/b66d394c-e21e-4313-8c8d-d26074fbeec7/replicas/134185142045977688s, RequestStats: , SDK: Microsoft.Azure.Documents.Common/2.14.0, StatusCode: NotFound","exceptionResponseHeaders":"{date=Thu, 16 Apr 2026 23:48:40 GMT, server=Microsoft-HTTPAPI/2.0, content-length=423, x-ms-last-state-change-utc=Tue, 31 Mar 2026 23:45:26.872 GMT, x-ms-request-duration-ms=29.855, x-ms-session-token=0:-1#99, lsn=99, x-ms-request-charge=2, x-ms-schemaversion=1.21, x-ms-transport-request-id=240521, x-ms-number-of-read-regions=0, x-ms-cosmos-internal-partition-id=b66d394c-e21e-4313-8c8d-d26074fbeec7, x-ms-activity-id=4ce5124c-3ea1-4f70-a6fe-c51d4de4778b, strict-transport-security=max-age=31536000, x-http2-stream-id=3, x-ms-xp-role=1, x-ms-global-committed-lsn=99, x-ms-cosmos-llsn=99, x-ms-gatewayversion=version=2.14.0, content-location=https://swkrish-session-northeurope.documents-test.windows-int.net/dbs/db1/colls/c2, content-type=application/json, x-ms-serviceversion=version=2.14.0.0}","endpoint":"https://swkrish-session-northeurope.documents-test.windows-int.net:443/dbs/db1/colls/c2","isHubRegionProcessingOnly":"false","perPartitionCircuitBreakerInfoHolder":{"perPartitionCircuitBreakerInfoHolder":null},"perPartitionAutomaticFailoverInfoHolder":null,"channelId":"7c6f1242/1","parentChannelId":"7c6f1242","isHttp2":true}],"samplingRateSnapshot":1.0,"bloomFilterInsertionCountSnapshot":0,"systemInformation":{"usedMemory":"37076 KB","availableMemory":"12472108 KB","systemCpuLoad":"empty","availableProcessors":8},"clientCfgs":{"id":3,"machineId":"uuid:aabb364a-80c6-4b4c-ae65-e31bae48b35b","connectionMode":"GATEWAY","numberOfClients":0,"isPpafEnabled":"false","isFalseProgSessionTokenMergeEnabled":"true","excrgns":"[]","clientEndpoints":{"https://swkrish-session.documents-test.windows-int.net:443/":15},"connCfg":{"rntbd":null,"gw":"(cps:1000, nrto:PT1M, icto:PT1M, cto:PT45S, gwV2Cto:PT5S, p:false, http2:(enabled:true, maxc:1000, minc:8, maxs:30))","other":"(ed: true, cs: false, rv: true)"},"consistencyCfg":"(consistency: Session, readConsistencyStrategy: null,  mm: true, prgns: [])","proactiveInitCfg":"","e2ePolicyCfg":"","sessionRetryCfg":""}}}
at com.azure.cosmos.BridgeInternal.createCosmosException(BridgeInternal.java:425)
at com.azure.cosmos.implementation.RxGatewayStoreModel.validateOrThrow(RxGatewayStoreModel.java:779)
at com.azure.cosmos.implementation.RxGatewayStoreModel.unwrapToStoreResponse(RxGatewayStoreModel.java:233)
at com.azure.cosmos.implementation.RxGatewayStoreModel.lambda$toDocumentServiceResponse$4(RxGatewayStoreModel.java:565)
at reactor.core.publisher.FluxMap$MapConditionalSubscriber.onNext(FluxMap.java:208)
at reactor.core.publisher.MonoPublishOn$PublishOnSubscriber.run(MonoPublishOn.java:181)
at reactor.core.scheduler.SchedulerTask.call(SchedulerTask.java:68)
at reactor.core.scheduler.SchedulerTask.call(SchedulerTask.java:28)
at java.base/java.util.concurrent.FutureTask.run(FutureTask.java:264)
at java.base/java.util.concurrent.ScheduledThreadPoolExecutor$ScheduledFutureTask.run(ScheduledThreadPoolExecutor.java:304)
at java.base/java.util.concurrent.ThreadPoolExecutor.runWorker(ThreadPoolExecutor.java:1136)
at java.base/java.util.concurrent.ThreadPoolExecutor$Worker.run(ThreadPoolExecutor.java:635)
at java.base/java.lang.Thread.run(Thread.java:833)
Suppressed: java.lang.Exception: #block terminated with an error
at reactor.core.publisher.BlockingSingleSubscriber.blockingGet(BlockingSingleSubscriber.java:104)
at reactor.core.publisher.Mono.block(Mono.java:1779)
at com.azure.cosmos.implementation.ThinClientE2ETest.testThinClientBatch(ThinClientE2ETest.java:176)
at java.base/jdk.internal.reflect.DirectMethodHandleAccessor.invoke(DirectMethodHandleAccessor.java:104)
at java.base/java.lang.reflect.Method.invoke(Method.java:577)
at org.testng.internal.invokers.MethodInvocationHelper.invokeMethod(MethodInvocationHelper.java:136)
at org.testng.internal.invokers.TestInvoker.invokeMethod(TestInvoker.java:658)
at org.testng.internal.invokers.TestInvoker.retryFailed(TestInvoker.java:261)
at org.testng.internal.invokers.MethodRunner.runInSequence(MethodRunner.java:62)
at org.testng.internal.invokers.TestInvoker$MethodInvocationAgent.invoke(TestInvoker.java:923)
at org.testng.internal.invokers.TestInvoker.invokeTestMethods(TestInvoker.java:192)
at org.testng.internal.invokers.TestMethodWorker.invokeTestMethods(TestMethodWorker.java:146)
at org.testng.internal.invokers.TestMethodWorker.run(TestMethodWorker.java:128)
at java.base/java.util.ArrayList.forEach(ArrayList.java:1511)
at org.testng.TestRunner.privateRun(TestRunner.java:808)
at org.testng.TestRunner.run(TestRunner.java:603)
at org.testng.SuiteRunner.runTest(SuiteRunner.java:429)
at org.testng.SuiteRunner.runSequentially(SuiteRunner.java:423)
at org.testng.SuiteRunner.privateRun(SuiteRunner.java:383)
at org.testng.SuiteRunner.run(SuiteRunner.java:326)
at org.testng.SuiteRunnerWorker.runSuite(SuiteRunnerWorker.java:52)
at org.testng.SuiteRunnerWorker.run(SuiteRunnerWorker.java:95)
at org.testng.TestNG.runSuitesSequentially(TestNG.java:1249)
at org.testng.TestNG.runSuitesLocally(TestNG.java:1169)
at org.testng.TestNG.runSuites(TestNG.java:1092)
at org.testng.TestNG.run(TestNG.java:1060)
at org.testng.TestNG.privateMain(TestNG.java:1403)
at org.testng.TestNG.main(TestNG.java:1367)
]]>
    </error>
  </testcase> <!-- testThinClientBatch -->
  <system-out/>
  <testcase classname="com.azure.cosmos.implementation.ThinClientE2ETest" name="testThinClientBatch" time="4.526">
    <skipped/>
  </testcase> <!-- testThinClientBatch -->
  <system-out/>
  <testcase classname="com.azure.cosmos.implementation.ThinClientE2ETest" name="testThinClientBulk" time="1.243">
    <skipped/>
  </testcase> <!-- testThinClientBulk -->
  <system-out/>
  <testcase classname="com.azure.cosmos.implementation.ThinClientE2ETest" name="testThinClientQuery" time="1.249">
    <skipped/>
  </testcase> <!-- testThinClientQuery -->
  <system-out/>
  <testcase classname="com.azure.cosmos.implementation.ThinClientE2ETest" name="testThinClientDocumentPointOperations" time="2.752">
    <skipped/>
  </testcase> <!-- testThinClientDocumentPointOperations -->
  <system-out/>
  <testcase classname="com.azure.cosmos.implementation.ThinClientE2ETest" name="testThinClientQuery" time="1.197">
    <skipped/>
  </testcase> <!-- testThinClientQuery -->
  <system-out/>
  <testcase classname="com.azure.cosmos.implementation.ThinClientE2ETest" name="testThinClientBulk" time="1.304">
    <error message="{&quot;innerErrorMessage&quot;:&quot;Message: {\&quot;Errors\&quot;:[\&quot;Resource Not Found. Learn more: https://aka.ms/cosmosdb-tsg-not-found\&quot;]}\r\nActivityId: 0fa62038-5a61-4ed7-9473-a7c31e63bde9, Request URI: /apps/e5edab09-e651-4b3c-a603-1230655f3d07/services/4b24e143-71b7-47e6-91ee-08e7b832ec07/partitions/b66d394c-e21e-4313-8c8d-d26074fbeec7/replicas/134185142045977688s, RequestStats: , SDK: Microsoft.Azure.Documents.Common/2.14.0, StatusCode: NotFound&quot;,&quot;cosmosDiagnostics&quot;:{&quot;userAgent&quot;:&quot;azsdk-java-cosmos/4.80.0-beta.1 Windows11/10.0 JRE/18.0.2.1|F14&quot;,&quot;activityId&quot;:&quot;0fa62038-5a61-4ed7-9473-a7c31e63bde9&quot;,&quot;requestLatencyInMs&quot;:698,&quot;requestStartTimeUTC&quot;:&quot;2026-04-16T23:48:43.084310600Z&quot;,&quot;requestEndTimeUTC&quot;:&quot;2026-04-16T23:48:43.783290400Z&quot;,&quot;responseStatisticsList&quot;:[],&quot;supplementalResponseStatisticsList&quot;:[],&quot;addressResolutionStatistics&quot;:{},&quot;regionsContacted&quot;:[&quot;north europe&quot;],&quot;retryContext&quot;:{&quot;statusAndSubStatusCodes&quot;:null,&quot;retryCount&quot;:0,&quot;retryLatency&quot;:0},&quot;metadataDiagnosticsContext&quot;:{&quot;metadataDiagnosticList&quot;:null,&quot;empty&quot;:true},&quot;serializationDiagnosticsContext&quot;:{&quot;serializationDiagnosticsList&quot;:null},&quot;gatewayStatisticsList&quot;:[{&quot;sessionToken&quot;:&quot;0:-1#99&quot;,&quot;operationType&quot;:&quot;Read&quot;,&quot;resourceType&quot;:&quot;DocumentCollection&quot;,&quot;statusCode&quot;:404,&quot;subStatusCode&quot;:0,&quot;requestCharge&quot;:2.0,&quot;requestTimeline&quot;:[{&quot;eventName&quot;:&quot;connectionCreated&quot;,&quot;startTimeUTC&quot;:&quot;2026-04-16T23:48:43.085327200Z&quot;,&quot;durationInMilliSecs&quot;:528.8975},{&quot;eventName&quot;:&quot;connectionConfigured&quot;,&quot;startTimeUTC&quot;:&quot;2026-04-16T23:48:43.614224700Z&quot;,&quot;durationInMilliSecs&quot;:0.9985},{&quot;eventName&quot;:&quot;requestSent&quot;,&quot;startTimeUTC&quot;:&quot;2026-04-16T23:48:43.615223200Z&quot;,&quot;durationInMilliSecs&quot;:2.0099},{&quot;eventName&quot;:&quot;transitTime&quot;,&quot;startTimeUTC&quot;:&quot;2026-04-16T23:48:43.617233100Z&quot;,&quot;durationInMilliSecs&quot;:164.0474},{&quot;eventName&quot;:&quot;received&quot;,&quot;startTimeUTC&quot;:&quot;2026-04-16T23:48:43.781280500Z&quot;,&quot;durationInMilliSecs&quot;:1.0206}],&quot;partitionKeyRangeId&quot;:null,&quot;responsePayloadSizeInBytes&quot;:0,&quot;httpNetworkResponseTimeout&quot;:&quot;PT1M&quot;,&quot;exceptionMessage&quot;:&quot;Message: {\&quot;Errors\&quot;:[\&quot;Resource Not Found. Learn more: https://aka.ms/cosmosdb-tsg-not-found\&quot;]}\r\nActivityId: 0fa62038-5a61-4ed7-9473-a7c31e63bde9, Request URI: /apps/e5edab09-e651-4b3c-a603-1230655f3d07/services/4b24e143-71b7-47e6-91ee-08e7b832ec07/partitions/b66d394c-e21e-4313-8c8d-d26074fbeec7/replicas/134185142045977688s, RequestStats: , SDK: Microsoft.Azure.Documents.Common/2.14.0, StatusCode: NotFound&quot;,&quot;exceptionResponseHeaders&quot;:&quot;{date=Thu, 16 Apr 2026 23:48:44 GMT, server=Microsoft-HTTPAPI/2.0, content-length=423, x-ms-last-state-change-utc=Tue, 31 Mar 2026 23:45:26.872 GMT, x-ms-request-duration-ms=31.025, x-ms-session-token=0:-1#99, lsn=99, x-ms-request-charge=2, x-ms-schemaversion=1.21, x-ms-transport-request-id=234414, x-ms-number-of-read-regions=0, x-ms-cosmos-internal-partition-id=b66d394c-e21e-4313-8c8d-d26074fbeec7, x-ms-activity-id=0fa62038-5a61-4ed7-9473-a7c31e63bde9, strict-transport-security=max-age=31536000, x-http2-stream-id=3, x-ms-xp-role=1, x-ms-global-committed-lsn=99, x-ms-cosmos-llsn=99, x-ms-gatewayversion=version=2.14.0, content-location=https://swkrish-session-northeurope.documents-test.windows-int.net/dbs/db1/colls/c2, content-type=application/json, x-ms-serviceversion=version=2.14.0.0}&quot;,&quot;endpoint&quot;:&quot;https://swkrish-session-northeurope.documents-test.windows-int.net:443/dbs/db1/colls/c2&quot;,&quot;isHubRegionProcessingOnly&quot;:&quot;false&quot;,&quot;perPartitionCircuitBreakerInfoHolder&quot;:{&quot;perPartitionCircuitBreakerInfoHolder&quot;:null},&quot;perPartitionAutomaticFailoverInfoHolder&quot;:null,&quot;channelId&quot;:&quot;4708792e/1&quot;,&quot;parentChannelId&quot;:&quot;4708792e&quot;,&quot;isHttp2&quot;:true}],&quot;samplingRateSnapshot&quot;:1.0,&quot;bloomFilterInsertionCountSnapshot&quot;:0,&quot;systemInformation&quot;:{&quot;usedMemory&quot;:&quot;37513 KB&quot;,&quot;availableMemory&quot;:&quot;12471671 KB&quot;,&quot;systemCpuLoad&quot;:&quot;empty&quot;,&quot;availableProcessors&quot;:8},&quot;clientCfgs&quot;:{&quot;id&quot;:6,&quot;machineId&quot;:&quot;uuid:aabb364a-80c6-4b4c-ae65-e31bae48b35b&quot;,&quot;connectionMode&quot;:&quot;GATEWAY&quot;,&quot;numberOfClients&quot;:0,&quot;isPpafEnabled&quot;:&quot;false&quot;,&quot;isFalseProgSessionTokenMergeEnabled&quot;:&quot;true&quot;,&quot;excrgns&quot;:&quot;[]&quot;,&quot;clientEndpoints&quot;:{&quot;https://swkrish-session.documents-test.windows-int.net:443/&quot;:15},&quot;connCfg&quot;:{&quot;rntbd&quot;:null,&quot;gw&quot;:&quot;(cps:1000, nrto:PT1M, icto:PT1M, cto:PT45S, gwV2Cto:PT5S, p:false, http2:(enabled:true, maxc:1000, minc:8, maxs:30))&quot;,&quot;other&quot;:&quot;(ed: true, cs: false, rv: true)&quot;},&quot;consistencyCfg&quot;:&quot;(consistency: Eventual, readConsistencyStrategy: null,  mm: true, prgns: [])&quot;,&quot;proactiveInitCfg&quot;:&quot;&quot;,&quot;e2ePolicyCfg&quot;:&quot;&quot;,&quot;sessionRetryCfg&quot;:&quot;&quot;}}}" type="com.azure.cosmos.CosmosException">
      <![CDATA[{"ClassName":"CosmosException","userAgent":"azsdk-java-cosmos/4.80.0-beta.1 Windows11/10.0 JRE/18.0.2.1","statusCode":404,"resourceAddress":"https://swkrish-session-northeurope.documents-test.windows-int.net:443/dbs/db1/colls/c2","error":"{\"code\":\"NotFound\",\"message\":\"Message: {\\\"Errors\\\":[\\\"Resource Not Found. Learn more: https://aka.ms/cosmosdb-tsg-not-found\\\"]}\\r\\nActivityId: 0fa62038-5a61-4ed7-9473-a7c31e63bde9, Request URI: /apps/e5edab09-e651-4b3c-a603-1230655f3d07/services/4b24e143-71b7-47e6-91ee-08e7b832ec07/partitions/b66d394c-e21e-4313-8c8d-d26074fbeec7/replicas/134185142045977688s, RequestStats: , SDK: Microsoft.Azure.Documents.Common/2.14.0, StatusCode: NotFound\",\"additionalErrorInfo\":null}","innerErrorMessage":"Message: {\"Errors\":[\"Resource Not Found. Learn more: https://aka.ms/cosmosdb-tsg-not-found\"]}\r\nActivityId: 0fa62038-5a61-4ed7-9473-a7c31e63bde9, Request URI: /apps/e5edab09-e651-4b3c-a603-1230655f3d07/services/4b24e143-71b7-47e6-91ee-08e7b832ec07/partitions/b66d394c-e21e-4313-8c8d-d26074fbeec7/replicas/134185142045977688s, RequestStats: , SDK: Microsoft.Azure.Documents.Common/2.14.0, StatusCode: NotFound","causeInfo":null,"responseHeaders":"{date=Thu, 16 Apr 2026 23:48:44 GMT, server=Microsoft-HTTPAPI/2.0, content-length=423, x-ms-last-state-change-utc=Tue, 31 Mar 2026 23:45:26.872 GMT, x-ms-request-duration-ms=31.025, x-ms-session-token=0:-1#99, lsn=99, x-ms-request-charge=2, x-ms-schemaversion=1.21, x-ms-transport-request-id=234414, x-ms-number-of-read-regions=0, x-ms-cosmos-internal-partition-id=b66d394c-e21e-4313-8c8d-d26074fbeec7, x-ms-activity-id=0fa62038-5a61-4ed7-9473-a7c31e63bde9, strict-transport-security=max-age=31536000, x-http2-stream-id=3, x-ms-xp-role=1, x-ms-global-committed-lsn=99, x-ms-cosmos-llsn=99, x-ms-gatewayversion=version=2.14.0, content-location=https://swkrish-session-northeurope.documents-test.windows-int.net/dbs/db1/colls/c2, content-type=application/json, x-ms-serviceversion=version=2.14.0.0, x-ms-substatus=1003}","requestHeaders":"[x-ms-date=Thu, 16 Apr 2026 23:48:43 GMT]","cosmosDiagnostics":{"userAgent":"azsdk-java-cosmos/4.80.0-beta.1 Windows11/10.0 JRE/18.0.2.1|F14","activityId":"0fa62038-5a61-4ed7-9473-a7c31e63bde9","requestLatencyInMs":698,"requestStartTimeUTC":"2026-04-16T23:48:43.084310600Z","requestEndTimeUTC":"2026-04-16T23:48:43.783290400Z","responseStatisticsList":[],"supplementalResponseStatisticsList":[],"addressResolutionStatistics":{},"regionsContacted":["north europe"],"retryContext":{"statusAndSubStatusCodes":null,"retryCount":0,"retryLatency":0},"metadataDiagnosticsContext":{"metadataDiagnosticList":null,"empty":true},"serializationDiagnosticsContext":{"serializationDiagnosticsList":null},"gatewayStatisticsList":[{"sessionToken":"0:-1#99","operationType":"Read","resourceType":"DocumentCollection","statusCode":404,"subStatusCode":0,"requestCharge":2.0,"requestTimeline":[{"eventName":"connectionCreated","startTimeUTC":"2026-04-16T23:48:43.085327200Z","durationInMilliSecs":528.8975},{"eventName":"connectionConfigured","startTimeUTC":"2026-04-16T23:48:43.614224700Z","durationInMilliSecs":0.9985},{"eventName":"requestSent","startTimeUTC":"2026-04-16T23:48:43.615223200Z","durationInMilliSecs":2.0099},{"eventName":"transitTime","startTimeUTC":"2026-04-16T23:48:43.617233100Z","durationInMilliSecs":164.0474},{"eventName":"received","startTimeUTC":"2026-04-16T23:48:43.781280500Z","durationInMilliSecs":1.0206}],"partitionKeyRangeId":null,"responsePayloadSizeInBytes":0,"httpNetworkResponseTimeout":"PT1M","exceptionMessage":"Message: {\"Errors\":[\"Resource Not Found. Learn more: https://aka.ms/cosmosdb-tsg-not-found\"]}\r\nActivityId: 0fa62038-5a61-4ed7-9473-a7c31e63bde9, Request URI: /apps/e5edab09-e651-4b3c-a603-1230655f3d07/services/4b24e143-71b7-47e6-91ee-08e7b832ec07/partitions/b66d394c-e21e-4313-8c8d-d26074fbeec7/replicas/134185142045977688s, RequestStats: , SDK: Microsoft.Azure.Documents.Common/2.14.0, StatusCode: NotFound","exceptionResponseHeaders":"{date=Thu, 16 Apr 2026 23:48:44 GMT, server=Microsoft-HTTPAPI/2.0, content-length=423, x-ms-last-state-change-utc=Tue, 31 Mar 2026 23:45:26.872 GMT, x-ms-request-duration-ms=31.025, x-ms-session-token=0:-1#99, lsn=99, x-ms-request-charge=2, x-ms-schemaversion=1.21, x-ms-transport-request-id=234414, x-ms-number-of-read-regions=0, x-ms-cosmos-internal-partition-id=b66d394c-e21e-4313-8c8d-d26074fbeec7, x-ms-activity-id=0fa62038-5a61-4ed7-9473-a7c31e63bde9, strict-transport-security=max-age=31536000, x-http2-stream-id=3, x-ms-xp-role=1, x-ms-global-committed-lsn=99, x-ms-cosmos-llsn=99, x-ms-gatewayversion=version=2.14.0, content-location=https://swkrish-session-northeurope.documents-test.windows-int.net/dbs/db1/colls/c2, content-type=application/json, x-ms-serviceversion=version=2.14.0.0}","endpoint":"https://swkrish-session-northeurope.documents-test.windows-int.net:443/dbs/db1/colls/c2","isHubRegionProcessingOnly":"false","perPartitionCircuitBreakerInfoHolder":{"perPartitionCircuitBreakerInfoHolder":null},"perPartitionAutomaticFailoverInfoHolder":null,"channelId":"4708792e/1","parentChannelId":"4708792e","isHttp2":true}],"samplingRateSnapshot":1.0,"bloomFilterInsertionCountSnapshot":0,"systemInformation":{"usedMemory":"37076 KB","availableMemory":"12472108 KB","systemCpuLoad":"empty","availableProcessors":8},"clientCfgs":{"id":6,"machineId":"uuid:aabb364a-80c6-4b4c-ae65-e31bae48b35b","connectionMode":"GATEWAY","numberOfClients":0,"isPpafEnabled":"false","isFalseProgSessionTokenMergeEnabled":"true","excrgns":"[]","clientEndpoints":{"https://swkrish-session.documents-test.windows-int.net:443/":15},"connCfg":{"rntbd":null,"gw":"(cps:1000, nrto:PT1M, icto:PT1M, cto:PT45S, gwV2Cto:PT5S, p:false, http2:(enabled:true, maxc:1000, minc:8, maxs:30))","other":"(ed: true, cs: false, rv: true)"},"consistencyCfg":"(consistency: Eventual, readConsistencyStrategy: null,  mm: true, prgns: [])","proactiveInitCfg":"","e2ePolicyCfg":"","sessionRetryCfg":""}}}
at com.azure.cosmos.BridgeInternal.createCosmosException(BridgeInternal.java:425)
at com.azure.cosmos.implementation.RxGatewayStoreModel.validateOrThrow(RxGatewayStoreModel.java:779)
at com.azure.cosmos.implementation.RxGatewayStoreModel.unwrapToStoreResponse(RxGatewayStoreModel.java:233)
at com.azure.cosmos.implementation.RxGatewayStoreModel.lambda$toDocumentServiceResponse$4(RxGatewayStoreModel.java:565)
at reactor.core.publisher.FluxMap$MapConditionalSubscriber.onNext(FluxMap.java:208)
at reactor.core.publisher.MonoPublishOn$PublishOnSubscriber.run(MonoPublishOn.java:181)
at reactor.core.scheduler.SchedulerTask.call(SchedulerTask.java:68)
at reactor.core.scheduler.SchedulerTask.call(SchedulerTask.java:28)
at java.base/java.util.concurrent.FutureTask.run(FutureTask.java:264)
at java.base/java.util.concurrent.ScheduledThreadPoolExecutor$ScheduledFutureTask.run(ScheduledThreadPoolExecutor.java:304)
at java.base/java.util.concurrent.ThreadPoolExecutor.runWorker(ThreadPoolExecutor.java:1136)
at java.base/java.util.concurrent.ThreadPoolExecutor$Worker.run(ThreadPoolExecutor.java:635)
at java.base/java.lang.Thread.run(Thread.java:833)
Suppressed: java.lang.Exception: #block terminated with an error
at reactor.core.publisher.BlockingSingleSubscriber.blockingGet(BlockingSingleSubscriber.java:104)
at reactor.core.publisher.Mono.block(Mono.java:1779)
at com.azure.cosmos.implementation.ThinClientE2ETest.testThinClientBulk(ThinClientE2ETest.java:126)
at java.base/jdk.internal.reflect.DirectMethodHandleAccessor.invoke(DirectMethodHandleAccessor.java:104)
at java.base/java.lang.reflect.Method.invoke(Method.java:577)
at org.testng.internal.invokers.MethodInvocationHelper.invokeMethod(MethodInvocationHelper.java:136)
at org.testng.internal.invokers.TestInvoker.invokeMethod(TestInvoker.java:658)
at org.testng.internal.invokers.TestInvoker.retryFailed(TestInvoker.java:261)
at org.testng.internal.invokers.MethodRunner.runInSequence(MethodRunner.java:62)
at org.testng.internal.invokers.TestInvoker$MethodInvocationAgent.invoke(TestInvoker.java:923)
at org.testng.internal.invokers.TestInvoker.invokeTestMethods(TestInvoker.java:192)
at org.testng.internal.invokers.TestMethodWorker.invokeTestMethods(TestMethodWorker.java:146)
at org.testng.internal.invokers.TestMethodWorker.run(TestMethodWorker.java:128)
at java.base/java.util.ArrayList.forEach(ArrayList.java:1511)
at org.testng.TestRunner.privateRun(TestRunner.java:808)
at org.testng.TestRunner.run(TestRunner.java:603)
at org.testng.SuiteRunner.runTest(SuiteRunner.java:429)
at org.testng.SuiteRunner.runSequentially(SuiteRunner.java:423)
at org.testng.SuiteRunner.privateRun(SuiteRunner.java:383)
at org.testng.SuiteRunner.run(SuiteRunner.java:326)
at org.testng.SuiteRunnerWorker.runSuite(SuiteRunnerWorker.java:52)
at org.testng.SuiteRunnerWorker.run(SuiteRunnerWorker.java:95)
at org.testng.TestNG.runSuitesSequentially(TestNG.java:1249)
at org.testng.TestNG.runSuitesLocally(TestNG.java:1169)
at org.testng.TestNG.runSuites(TestNG.java:1092)
at org.testng.TestNG.run(TestNG.java:1060)
at org.testng.TestNG.privateMain(TestNG.java:1403)
at org.testng.TestNG.main(TestNG.java:1367)
]]>
    </error>
  </testcase> <!-- testThinClientBulk -->
  <system-out/>
  <testcase classname="com.azure.cosmos.implementation.ThinClientE2ETest" name="testThinClientQuery" time="1.252">
    <error message="{&quot;innerErrorMessage&quot;:&quot;Message: {\&quot;Errors\&quot;:[\&quot;Resource Not Found. Learn more: https://aka.ms/cosmosdb-tsg-not-found\&quot;]}\r\nActivityId: cf4d2b87-cbf4-4a0a-b3c9-a5547c888d90, Request URI: /apps/e5edab09-e651-4b3c-a603-1230655f3d07/services/4b24e143-71b7-47e6-91ee-08e7b832ec07/partitions/b66d394c-e21e-4313-8c8d-d26074fbeec7/replicas/134185142045977688s, RequestStats: , SDK: Microsoft.Azure.Documents.Common/2.14.0, StatusCode: NotFound&quot;,&quot;cosmosDiagnostics&quot;:{&quot;userAgent&quot;:&quot;azsdk-java-cosmos/4.80.0-beta.1 Windows11/10.0 JRE/18.0.2.1|F14&quot;,&quot;activityId&quot;:&quot;cf4d2b87-cbf4-4a0a-b3c9-a5547c888d90&quot;,&quot;requestLatencyInMs&quot;:663,&quot;requestStartTimeUTC&quot;:&quot;2026-04-16T23:48:58.543548300Z&quot;,&quot;requestEndTimeUTC&quot;:&quot;2026-04-16T23:48:59.206604900Z&quot;,&quot;responseStatisticsList&quot;:[],&quot;supplementalResponseStatisticsList&quot;:[],&quot;addressResolutionStatistics&quot;:{},&quot;regionsContacted&quot;:[&quot;north europe&quot;],&quot;retryContext&quot;:{&quot;statusAndSubStatusCodes&quot;:null,&quot;retryCount&quot;:0,&quot;retryLatency&quot;:0},&quot;metadataDiagnosticsContext&quot;:{&quot;metadataDiagnosticList&quot;:null,&quot;empty&quot;:true},&quot;serializationDiagnosticsContext&quot;:{&quot;serializationDiagnosticsList&quot;:null},&quot;gatewayStatisticsList&quot;:[{&quot;sessionToken&quot;:&quot;0:-1#99&quot;,&quot;operationType&quot;:&quot;Read&quot;,&quot;resourceType&quot;:&quot;DocumentCollection&quot;,&quot;statusCode&quot;:404,&quot;subStatusCode&quot;:0,&quot;requestCharge&quot;:2.0,&quot;requestTimeline&quot;:[{&quot;eventName&quot;:&quot;connectionCreated&quot;,&quot;startTimeUTC&quot;:&quot;2026-04-16T23:48:58.543548300Z&quot;,&quot;durationInMilliSecs&quot;:531.1243},{&quot;eventName&quot;:&quot;connectionConfigured&quot;,&quot;startTimeUTC&quot;:&quot;2026-04-16T23:48:59.074672600Z&quot;,&quot;durationInMilliSecs&quot;:1.3653},{&quot;eventName&quot;:&quot;requestSent&quot;,&quot;startTimeUTC&quot;:&quot;2026-04-16T23:48:59.076037900Z&quot;,&quot;durationInMilliSecs&quot;:0.0},{&quot;eventName&quot;:&quot;transitTime&quot;,&quot;startTimeUTC&quot;:&quot;2026-04-16T23:48:59.076037900Z&quot;,&quot;durationInMilliSecs&quot;:128.5573},{&quot;eventName&quot;:&quot;received&quot;,&quot;startTimeUTC&quot;:&quot;2026-04-16T23:48:59.204595200Z&quot;,&quot;durationInMilliSecs&quot;:1.1044}],&quot;partitionKeyRangeId&quot;:null,&quot;responsePayloadSizeInBytes&quot;:0,&quot;httpNetworkResponseTimeout&quot;:&quot;PT1M&quot;,&quot;exceptionMessage&quot;:&quot;Message: {\&quot;Errors\&quot;:[\&quot;Resource Not Found. Learn more: https://aka.ms/cosmosdb-tsg-not-found\&quot;]}\r\nActivityId: cf4d2b87-cbf4-4a0a-b3c9-a5547c888d90, Request URI: /apps/e5edab09-e651-4b3c-a603-1230655f3d07/services/4b24e143-71b7-47e6-91ee-08e7b832ec07/partitions/b66d394c-e21e-4313-8c8d-d26074fbeec7/replicas/134185142045977688s, RequestStats: , SDK: Microsoft.Azure.Documents.Common/2.14.0, StatusCode: NotFound&quot;,&quot;exceptionResponseHeaders&quot;:&quot;{date=Thu, 16 Apr 2026 23:48:59 GMT, server=Microsoft-HTTPAPI/2.0, content-length=423, x-ms-last-state-change-utc=Tue, 31 Mar 2026 23:45:26.872 GMT, x-ms-request-duration-ms=12.876, x-ms-session-token=0:-1#99, lsn=99, x-ms-request-charge=2, x-ms-schemaversion=1.21, x-ms-transport-request-id=234423, x-ms-number-of-read-regions=0, x-ms-cosmos-internal-partition-id=b66d394c-e21e-4313-8c8d-d26074fbeec7, x-ms-activity-id=cf4d2b87-cbf4-4a0a-b3c9-a5547c888d90, strict-transport-security=max-age=31536000, x-http2-stream-id=3, x-ms-xp-role=1, x-ms-global-committed-lsn=99, x-ms-cosmos-llsn=99, x-ms-gatewayversion=version=2.14.0, content-location=https://swkrish-session-northeurope.documents-test.windows-int.net/dbs/db1/colls/c2, content-type=application/json, x-ms-serviceversion=version=2.14.0.0}&quot;,&quot;endpoint&quot;:&quot;https://swkrish-session-northeurope.documents-test.windows-int.net:443/dbs/db1/colls/c2&quot;,&quot;isHubRegionProcessingOnly&quot;:&quot;false&quot;,&quot;perPartitionCircuitBreakerInfoHolder&quot;:{&quot;perPartitionCircuitBreakerInfoHolder&quot;:null},&quot;perPartitionAutomaticFailoverInfoHolder&quot;:null,&quot;channelId&quot;:&quot;598c6834/1&quot;,&quot;parentChannelId&quot;:&quot;598c6834&quot;,&quot;isHttp2&quot;:true}],&quot;samplingRateSnapshot&quot;:1.0,&quot;bloomFilterInsertionCountSnapshot&quot;:0,&quot;systemInformation&quot;:{&quot;usedMemory&quot;:&quot;37513 KB&quot;,&quot;availableMemory&quot;:&quot;12471671 KB&quot;,&quot;systemCpuLoad&quot;:&quot;empty&quot;,&quot;availableProcessors&quot;:8},&quot;clientCfgs&quot;:{&quot;id&quot;:15,&quot;machineId&quot;:&quot;uuid:aabb364a-80c6-4b4c-ae65-e31bae48b35b&quot;,&quot;connectionMode&quot;:&quot;GATEWAY&quot;,&quot;numberOfClients&quot;:0,&quot;isPpafEnabled&quot;:&quot;false&quot;,&quot;isFalseProgSessionTokenMergeEnabled&quot;:&quot;true&quot;,&quot;excrgns&quot;:&quot;[]&quot;,&quot;clientEndpoints&quot;:{&quot;https://swkrish-session.documents-test.windows-int.net:443/&quot;:15},&quot;connCfg&quot;:{&quot;rntbd&quot;:null,&quot;gw&quot;:&quot;(cps:1000, nrto:PT1M, icto:PT1M, cto:PT45S, gwV2Cto:PT5S, p:false, http2:(enabled:true, maxc:1000, minc:8, maxs:30))&quot;,&quot;other&quot;:&quot;(ed: true, cs: false, rv: true)&quot;},&quot;consistencyCfg&quot;:&quot;(consistency: Session, readConsistencyStrategy: null,  mm: true, prgns: [])&quot;,&quot;proactiveInitCfg&quot;:&quot;&quot;,&quot;e2ePolicyCfg&quot;:&quot;&quot;,&quot;sessionRetryCfg&quot;:&quot;&quot;}}}" type="com.azure.cosmos.CosmosException">
      <![CDATA[{"ClassName":"CosmosException","userAgent":"azsdk-java-cosmos/4.80.0-beta.1 Windows11/10.0 JRE/18.0.2.1","statusCode":404,"resourceAddress":"https://swkrish-session-northeurope.documents-test.windows-int.net:443/dbs/db1/colls/c2","error":"{\"code\":\"NotFound\",\"message\":\"Message: {\\\"Errors\\\":[\\\"Resource Not Found. Learn more: https://aka.ms/cosmosdb-tsg-not-found\\\"]}\\r\\nActivityId: cf4d2b87-cbf4-4a0a-b3c9-a5547c888d90, Request URI: /apps/e5edab09-e651-4b3c-a603-1230655f3d07/services/4b24e143-71b7-47e6-91ee-08e7b832ec07/partitions/b66d394c-e21e-4313-8c8d-d26074fbeec7/replicas/134185142045977688s, RequestStats: , SDK: Microsoft.Azure.Documents.Common/2.14.0, StatusCode: NotFound\",\"additionalErrorInfo\":null}","innerErrorMessage":"Message: {\"Errors\":[\"Resource Not Found. Learn more: https://aka.ms/cosmosdb-tsg-not-found\"]}\r\nActivityId: cf4d2b87-cbf4-4a0a-b3c9-a5547c888d90, Request URI: /apps/e5edab09-e651-4b3c-a603-1230655f3d07/services/4b24e143-71b7-47e6-91ee-08e7b832ec07/partitions/b66d394c-e21e-4313-8c8d-d26074fbeec7/replicas/134185142045977688s, RequestStats: , SDK: Microsoft.Azure.Documents.Common/2.14.0, StatusCode: NotFound","causeInfo":null,"responseHeaders":"{date=Thu, 16 Apr 2026 23:48:59 GMT, server=Microsoft-HTTPAPI/2.0, content-length=423, x-ms-last-state-change-utc=Tue, 31 Mar 2026 23:45:26.872 GMT, x-ms-request-duration-ms=12.876, x-ms-session-token=0:-1#99, lsn=99, x-ms-request-charge=2, x-ms-schemaversion=1.21, x-ms-transport-request-id=234423, x-ms-number-of-read-regions=0, x-ms-cosmos-internal-partition-id=b66d394c-e21e-4313-8c8d-d26074fbeec7, x-ms-activity-id=cf4d2b87-cbf4-4a0a-b3c9-a5547c888d90, strict-transport-security=max-age=31536000, x-http2-stream-id=3, x-ms-xp-role=1, x-ms-global-committed-lsn=99, x-ms-cosmos-llsn=99, x-ms-gatewayversion=version=2.14.0, content-location=https://swkrish-session-northeurope.documents-test.windows-int.net/dbs/db1/colls/c2, content-type=application/json, x-ms-serviceversion=version=2.14.0.0, x-ms-substatus=1003}","requestHeaders":"[x-ms-date=Thu, 16 Apr 2026 23:48:58 GMT]","cosmosDiagnostics":{"userAgent":"azsdk-java-cosmos/4.80.0-beta.1 Windows11/10.0 JRE/18.0.2.1|F14","activityId":"cf4d2b87-cbf4-4a0a-b3c9-a5547c888d90","requestLatencyInMs":663,"requestStartTimeUTC":"2026-04-16T23:48:58.543548300Z","requestEndTimeUTC":"2026-04-16T23:48:59.206604900Z","responseStatisticsList":[],"supplementalResponseStatisticsList":[],"addressResolutionStatistics":{},"regionsContacted":["north europe"],"retryContext":{"statusAndSubStatusCodes":null,"retryCount":0,"retryLatency":0},"metadataDiagnosticsContext":{"metadataDiagnosticList":null,"empty":true},"serializationDiagnosticsContext":{"serializationDiagnosticsList":null},"gatewayStatisticsList":[{"sessionToken":"0:-1#99","operationType":"Read","resourceType":"DocumentCollection","statusCode":404,"subStatusCode":0,"requestCharge":2.0,"requestTimeline":[{"eventName":"connectionCreated","startTimeUTC":"2026-04-16T23:48:58.543548300Z","durationInMilliSecs":531.1243},{"eventName":"connectionConfigured","startTimeUTC":"2026-04-16T23:48:59.074672600Z","durationInMilliSecs":1.3653},{"eventName":"requestSent","startTimeUTC":"2026-04-16T23:48:59.076037900Z","durationInMilliSecs":0.0},{"eventName":"transitTime","startTimeUTC":"2026-04-16T23:48:59.076037900Z","durationInMilliSecs":128.5573},{"eventName":"received","startTimeUTC":"2026-04-16T23:48:59.204595200Z","durationInMilliSecs":1.1044}],"partitionKeyRangeId":null,"responsePayloadSizeInBytes":0,"httpNetworkResponseTimeout":"PT1M","exceptionMessage":"Message: {\"Errors\":[\"Resource Not Found. Learn more: https://aka.ms/cosmosdb-tsg-not-found\"]}\r\nActivityId: cf4d2b87-cbf4-4a0a-b3c9-a5547c888d90, Request URI: /apps/e5edab09-e651-4b3c-a603-1230655f3d07/services/4b24e143-71b7-47e6-91ee-08e7b832ec07/partitions/b66d394c-e21e-4313-8c8d-d26074fbeec7/replicas/134185142045977688s, RequestStats: , SDK: Microsoft.Azure.Documents.Common/2.14.0, StatusCode: NotFound","exceptionResponseHeaders":"{date=Thu, 16 Apr 2026 23:48:59 GMT, server=Microsoft-HTTPAPI/2.0, content-length=423, x-ms-last-state-change-utc=Tue, 31 Mar 2026 23:45:26.872 GMT, x-ms-request-duration-ms=12.876, x-ms-session-token=0:-1#99, lsn=99, x-ms-request-charge=2, x-ms-schemaversion=1.21, x-ms-transport-request-id=234423, x-ms-number-of-read-regions=0, x-ms-cosmos-internal-partition-id=b66d394c-e21e-4313-8c8d-d26074fbeec7, x-ms-activity-id=cf4d2b87-cbf4-4a0a-b3c9-a5547c888d90, strict-transport-security=max-age=31536000, x-http2-stream-id=3, x-ms-xp-role=1, x-ms-global-committed-lsn=99, x-ms-cosmos-llsn=99, x-ms-gatewayversion=version=2.14.0, content-location=https://swkrish-session-northeurope.documents-test.windows-int.net/dbs/db1/colls/c2, content-type=application/json, x-ms-serviceversion=version=2.14.0.0}","endpoint":"https://swkrish-session-northeurope.documents-test.windows-int.net:443/dbs/db1/colls/c2","isHubRegionProcessingOnly":"false","perPartitionCircuitBreakerInfoHolder":{"perPartitionCircuitBreakerInfoHolder":null},"perPartitionAutomaticFailoverInfoHolder":null,"channelId":"598c6834/1","parentChannelId":"598c6834","isHttp2":true}],"samplingRateSnapshot":1.0,"bloomFilterInsertionCountSnapshot":0,"systemInformation":{"usedMemory":"37513 KB","availableMemory":"12471671 KB","systemCpuLoad":"empty","availableProcessors":8},"clientCfgs":{"id":15,"machineId":"uuid:aabb364a-80c6-4b4c-ae65-e31bae48b35b","connectionMode":"GATEWAY","numberOfClients":0,"isPpafEnabled":"false","isFalseProgSessionTokenMergeEnabled":"true","excrgns":"[]","clientEndpoints":{"https://swkrish-session.documents-test.windows-int.net:443/":15},"connCfg":{"rntbd":null,"gw":"(cps:1000, nrto:PT1M, icto:PT1M, cto:PT45S, gwV2Cto:PT5S, p:false, http2:(enabled:true, maxc:1000, minc:8, maxs:30))","other":"(ed: true, cs: false, rv: true)"},"consistencyCfg":"(consistency: Session, readConsistencyStrategy: null,  mm: true, prgns: [])","proactiveInitCfg":"","e2ePolicyCfg":"","sessionRetryCfg":""}}}
at com.azure.cosmos.BridgeInternal.createCosmosException(BridgeInternal.java:425)
at com.azure.cosmos.implementation.RxGatewayStoreModel.validateOrThrow(RxGatewayStoreModel.java:779)
at com.azure.cosmos.implementation.RxGatewayStoreModel.unwrapToStoreResponse(RxGatewayStoreModel.java:233)
at com.azure.cosmos.implementation.RxGatewayStoreModel.lambda$toDocumentServiceResponse$4(RxGatewayStoreModel.java:565)
at reactor.core.publisher.FluxMap$MapConditionalSubscriber.onNext(FluxMap.java:208)
at reactor.core.publisher.MonoPublishOn$PublishOnSubscriber.run(MonoPublishOn.java:181)
at reactor.core.scheduler.SchedulerTask.call(SchedulerTask.java:68)
at reactor.core.scheduler.SchedulerTask.call(SchedulerTask.java:28)
at java.base/java.util.concurrent.FutureTask.run(FutureTask.java:264)
at java.base/java.util.concurrent.ScheduledThreadPoolExecutor$ScheduledFutureTask.run(ScheduledThreadPoolExecutor.java:304)
at java.base/java.util.concurrent.ThreadPoolExecutor.runWorker(ThreadPoolExecutor.java:1136)
at java.base/java.util.concurrent.ThreadPoolExecutor$Worker.run(ThreadPoolExecutor.java:635)
at java.base/java.lang.Thread.run(Thread.java:833)
Suppressed: java.lang.Exception: #block terminated with an error
at reactor.core.publisher.BlockingSingleSubscriber.blockingGet(BlockingSingleSubscriber.java:104)
at reactor.core.publisher.Mono.block(Mono.java:1779)
at com.azure.cosmos.implementation.ThinClientE2ETest.testThinClientQuery(ThinClientE2ETest.java:74)
at java.base/jdk.internal.reflect.DirectMethodHandleAccessor.invoke(DirectMethodHandleAccessor.java:104)
at java.base/java.lang.reflect.Method.invoke(Method.java:577)
at org.testng.internal.invokers.MethodInvocationHelper.invokeMethod(MethodInvocationHelper.java:136)
at org.testng.internal.invokers.TestInvoker.invokeMethod(TestInvoker.java:658)
at org.testng.internal.invokers.TestInvoker.retryFailed(TestInvoker.java:261)
at org.testng.internal.invokers.MethodRunner.runInSequence(MethodRunner.java:62)
at org.testng.internal.invokers.TestInvoker$MethodInvocationAgent.invoke(TestInvoker.java:923)
at org.testng.internal.invokers.TestInvoker.invokeTestMethods(TestInvoker.java:192)
at org.testng.internal.invokers.TestMethodWorker.invokeTestMethods(TestMethodWorker.java:146)
at org.testng.internal.invokers.TestMethodWorker.run(TestMethodWorker.java:128)
at java.base/java.util.ArrayList.forEach(ArrayList.java:1511)
at org.testng.TestRunner.privateRun(TestRunner.java:808)
at org.testng.TestRunner.run(TestRunner.java:603)
at org.testng.SuiteRunner.runTest(SuiteRunner.java:429)
at org.testng.SuiteRunner.runSequentially(SuiteRunner.java:423)
at org.testng.SuiteRunner.privateRun(SuiteRunner.java:383)
at org.testng.SuiteRunner.run(SuiteRunner.java:326)
at org.testng.SuiteRunnerWorker.runSuite(SuiteRunnerWorker.java:52)
at org.testng.SuiteRunnerWorker.run(SuiteRunnerWorker.java:95)
at org.testng.TestNG.runSuitesSequentially(TestNG.java:1249)
at org.testng.TestNG.runSuitesLocally(TestNG.java:1169)
at org.testng.TestNG.runSuites(TestNG.java:1092)
at org.testng.TestNG.run(TestNG.java:1060)
at org.testng.TestNG.privateMain(TestNG.java:1403)
at org.testng.TestNG.main(TestNG.java:1367)
]]>
    </error>
  </testcase> <!-- testThinClientQuery -->
  <system-out/>
  <testcase classname="com.azure.cosmos.implementation.ThinClientE2ETest" name="testThinClientDocumentPointOperations" time="2.660">
    <skipped/>
  </testcase> <!-- testThinClientDocumentPointOperations -->
  <system-out/>
  <testcase classname="com.azure.cosmos.implementation.ThinClientE2ETest" name="testThinClientIncrementalChangeFeed" time="1.280">
    <skipped/>
  </testcase> <!-- testThinClientIncrementalChangeFeed -->
  <system-out/>
  <testcase classname="com.azure.cosmos.implementation.ThinClientE2ETest" name="testThinClientIncrementalChangeFeed" time="1.362">
    <error message="{&quot;innerErrorMessage&quot;:&quot;Message: {\&quot;Errors\&quot;:[\&quot;Resource Not Found. Learn more: https://aka.ms/cosmosdb-tsg-not-found\&quot;]}\r\nActivityId: d02d2aab-b175-42af-b979-bd343b5ec5a1, Request URI: /apps/e5edab09-e651-4b3c-a603-1230655f3d07/services/4b24e143-71b7-47e6-91ee-08e7b832ec07/partitions/b66d394c-e21e-4313-8c8d-d26074fbeec7/replicas/134185142045977688s, RequestStats: , SDK: Microsoft.Azure.Documents.Common/2.14.0, StatusCode: NotFound&quot;,&quot;cosmosDiagnostics&quot;:{&quot;userAgent&quot;:&quot;azsdk-java-cosmos/4.80.0-beta.1 Windows11/10.0 JRE/18.0.2.1|F14&quot;,&quot;activityId&quot;:&quot;d02d2aab-b175-42af-b979-bd343b5ec5a1&quot;,&quot;requestLatencyInMs&quot;:621,&quot;requestStartTimeUTC&quot;:&quot;2026-04-16T23:48:54.884982700Z&quot;,&quot;requestEndTimeUTC&quot;:&quot;2026-04-16T23:48:55.506066800Z&quot;,&quot;responseStatisticsList&quot;:[],&quot;supplementalResponseStatisticsList&quot;:[],&quot;addressResolutionStatistics&quot;:{},&quot;regionsContacted&quot;:[&quot;north europe&quot;],&quot;retryContext&quot;:{&quot;statusAndSubStatusCodes&quot;:null,&quot;retryCount&quot;:0,&quot;retryLatency&quot;:0},&quot;metadataDiagnosticsContext&quot;:{&quot;metadataDiagnosticList&quot;:null,&quot;empty&quot;:true},&quot;serializationDiagnosticsContext&quot;:{&quot;serializationDiagnosticsList&quot;:null},&quot;gatewayStatisticsList&quot;:[{&quot;sessionToken&quot;:&quot;0:-1#99&quot;,&quot;operationType&quot;:&quot;Read&quot;,&quot;resourceType&quot;:&quot;DocumentCollection&quot;,&quot;statusCode&quot;:404,&quot;subStatusCode&quot;:0,&quot;requestCharge&quot;:2.0,&quot;requestTimeline&quot;:[{&quot;eventName&quot;:&quot;connectionCreated&quot;,&quot;startTimeUTC&quot;:&quot;2026-04-16T23:48:54.886058100Z&quot;,&quot;durationInMilliSecs&quot;:471.2518},{&quot;eventName&quot;:&quot;connectionConfigured&quot;,&quot;startTimeUTC&quot;:&quot;2026-04-16T23:48:55.357309900Z&quot;,&quot;durationInMilliSecs&quot;:0.0},{&quot;eventName&quot;:&quot;requestSent&quot;,&quot;startTimeUTC&quot;:&quot;2026-04-16T23:48:55.357309900Z&quot;,&quot;durationInMilliSecs&quot;:1.5067},{&quot;eventName&quot;:&quot;transitTime&quot;,&quot;startTimeUTC&quot;:&quot;2026-04-16T23:48:55.358816600Z&quot;,&quot;durationInMilliSecs&quot;:145.7432},{&quot;eventName&quot;:&quot;received&quot;,&quot;startTimeUTC&quot;:&quot;2026-04-16T23:48:55.504559800Z&quot;,&quot;durationInMilliSecs&quot;:1.0011}],&quot;partitionKeyRangeId&quot;:null,&quot;responsePayloadSizeInBytes&quot;:0,&quot;httpNetworkResponseTimeout&quot;:&quot;PT1M&quot;,&quot;exceptionMessage&quot;:&quot;Message: {\&quot;Errors\&quot;:[\&quot;Resource Not Found. Learn more: https://aka.ms/cosmosdb-tsg-not-found\&quot;]}\r\nActivityId: d02d2aab-b175-42af-b979-bd343b5ec5a1, Request URI: /apps/e5edab09-e651-4b3c-a603-1230655f3d07/services/4b24e143-71b7-47e6-91ee-08e7b832ec07/partitions/b66d394c-e21e-4313-8c8d-d26074fbeec7/replicas/134185142045977688s, RequestStats: , SDK: Microsoft.Azure.Documents.Common/2.14.0, StatusCode: NotFound&quot;,&quot;exceptionResponseHeaders&quot;:&quot;{date=Thu, 16 Apr 2026 23:48:56 GMT, server=Microsoft-HTTPAPI/2.0, content-length=423, x-ms-last-state-change-utc=Tue, 31 Mar 2026 23:45:26.872 GMT, x-ms-request-duration-ms=17.066, x-ms-session-token=0:-1#99, lsn=99, x-ms-request-charge=2, x-ms-schemaversion=1.21, x-ms-transport-request-id=234421, x-ms-number-of-read-regions=0, x-ms-cosmos-internal-partition-id=b66d394c-e21e-4313-8c8d-d26074fbeec7, x-ms-activity-id=d02d2aab-b175-42af-b979-bd343b5ec5a1, strict-transport-security=max-age=31536000, x-http2-stream-id=3, x-ms-xp-role=1, x-ms-global-committed-lsn=99, x-ms-cosmos-llsn=99, x-ms-gatewayversion=version=2.14.0, content-location=https://swkrish-session-northeurope.documents-test.windows-int.net/dbs/db1/colls/c2, content-type=application/json, x-ms-serviceversion=version=2.14.0.0}&quot;,&quot;endpoint&quot;:&quot;https://swkrish-session-northeurope.documents-test.windows-int.net:443/dbs/db1/colls/c2&quot;,&quot;isHubRegionProcessingOnly&quot;:&quot;false&quot;,&quot;perPartitionCircuitBreakerInfoHolder&quot;:{&quot;perPartitionCircuitBreakerInfoHolder&quot;:null},&quot;perPartitionAutomaticFailoverInfoHolder&quot;:null,&quot;channelId&quot;:&quot;f367e4f5/1&quot;,&quot;parentChannelId&quot;:&quot;f367e4f5&quot;,&quot;isHttp2&quot;:true}],&quot;samplingRateSnapshot&quot;:1.0,&quot;bloomFilterInsertionCountSnapshot&quot;:0,&quot;systemInformation&quot;:{&quot;usedMemory&quot;:&quot;37513 KB&quot;,&quot;availableMemory&quot;:&quot;12471671 KB&quot;,&quot;systemCpuLoad&quot;:&quot;empty&quot;,&quot;availableProcessors&quot;:8},&quot;clientCfgs&quot;:{&quot;id&quot;:12,&quot;machineId&quot;:&quot;uuid:aabb364a-80c6-4b4c-ae65-e31bae48b35b&quot;,&quot;connectionMode&quot;:&quot;GATEWAY&quot;,&quot;numberOfClients&quot;:0,&quot;isPpafEnabled&quot;:&quot;false&quot;,&quot;isFalseProgSessionTokenMergeEnabled&quot;:&quot;true&quot;,&quot;excrgns&quot;:&quot;[]&quot;,&quot;clientEndpoints&quot;:{&quot;https://swkrish-session.documents-test.windows-int.net:443/&quot;:15},&quot;connCfg&quot;:{&quot;rntbd&quot;:null,&quot;gw&quot;:&quot;(cps:1000, nrto:PT1M, icto:PT1M, cto:PT45S, gwV2Cto:PT5S, p:false, http2:(enabled:true, maxc:1000, minc:8, maxs:30))&quot;,&quot;other&quot;:&quot;(ed: true, cs: false, rv: true)&quot;},&quot;consistencyCfg&quot;:&quot;(consistency: Session, readConsistencyStrategy: null,  mm: true, prgns: [])&quot;,&quot;proactiveInitCfg&quot;:&quot;&quot;,&quot;e2ePolicyCfg&quot;:&quot;&quot;,&quot;sessionRetryCfg&quot;:&quot;&quot;}}}" type="com.azure.cosmos.CosmosException">
      <![CDATA[{"ClassName":"CosmosException","userAgent":"azsdk-java-cosmos/4.80.0-beta.1 Windows11/10.0 JRE/18.0.2.1","statusCode":404,"resourceAddress":"https://swkrish-session-northeurope.documents-test.windows-int.net:443/dbs/db1/colls/c2","error":"{\"code\":\"NotFound\",\"message\":\"Message: {\\\"Errors\\\":[\\\"Resource Not Found. Learn more: https://aka.ms/cosmosdb-tsg-not-found\\\"]}\\r\\nActivityId: d02d2aab-b175-42af-b979-bd343b5ec5a1, Request URI: /apps/e5edab09-e651-4b3c-a603-1230655f3d07/services/4b24e143-71b7-47e6-91ee-08e7b832ec07/partitions/b66d394c-e21e-4313-8c8d-d26074fbeec7/replicas/134185142045977688s, RequestStats: , SDK: Microsoft.Azure.Documents.Common/2.14.0, StatusCode: NotFound\",\"additionalErrorInfo\":null}","innerErrorMessage":"Message: {\"Errors\":[\"Resource Not Found. Learn more: https://aka.ms/cosmosdb-tsg-not-found\"]}\r\nActivityId: d02d2aab-b175-42af-b979-bd343b5ec5a1, Request URI: /apps/e5edab09-e651-4b3c-a603-1230655f3d07/services/4b24e143-71b7-47e6-91ee-08e7b832ec07/partitions/b66d394c-e21e-4313-8c8d-d26074fbeec7/replicas/134185142045977688s, RequestStats: , SDK: Microsoft.Azure.Documents.Common/2.14.0, StatusCode: NotFound","causeInfo":null,"responseHeaders":"{date=Thu, 16 Apr 2026 23:48:56 GMT, server=Microsoft-HTTPAPI/2.0, content-length=423, x-ms-last-state-change-utc=Tue, 31 Mar 2026 23:45:26.872 GMT, x-ms-request-duration-ms=17.066, x-ms-session-token=0:-1#99, lsn=99, x-ms-request-charge=2, x-ms-schemaversion=1.21, x-ms-transport-request-id=234421, x-ms-number-of-read-regions=0, x-ms-cosmos-internal-partition-id=b66d394c-e21e-4313-8c8d-d26074fbeec7, x-ms-activity-id=d02d2aab-b175-42af-b979-bd343b5ec5a1, strict-transport-security=max-age=31536000, x-http2-stream-id=3, x-ms-xp-role=1, x-ms-global-committed-lsn=99, x-ms-cosmos-llsn=99, x-ms-gatewayversion=version=2.14.0, content-location=https://swkrish-session-northeurope.documents-test.windows-int.net/dbs/db1/colls/c2, content-type=application/json, x-ms-serviceversion=version=2.14.0.0, x-ms-substatus=1003}","requestHeaders":"[x-ms-date=Thu, 16 Apr 2026 23:48:54 GMT]","cosmosDiagnostics":{"userAgent":"azsdk-java-cosmos/4.80.0-beta.1 Windows11/10.0 JRE/18.0.2.1|F14","activityId":"d02d2aab-b175-42af-b979-bd343b5ec5a1","requestLatencyInMs":621,"requestStartTimeUTC":"2026-04-16T23:48:54.884982700Z","requestEndTimeUTC":"2026-04-16T23:48:55.506066800Z","responseStatisticsList":[],"supplementalResponseStatisticsList":[],"addressResolutionStatistics":{},"regionsContacted":["north europe"],"retryContext":{"statusAndSubStatusCodes":null,"retryCount":0,"retryLatency":0},"metadataDiagnosticsContext":{"metadataDiagnosticList":null,"empty":true},"serializationDiagnosticsContext":{"serializationDiagnosticsList":null},"gatewayStatisticsList":[{"sessionToken":"0:-1#99","operationType":"Read","resourceType":"DocumentCollection","statusCode":404,"subStatusCode":0,"requestCharge":2.0,"requestTimeline":[{"eventName":"connectionCreated","startTimeUTC":"2026-04-16T23:48:54.886058100Z","durationInMilliSecs":471.2518},{"eventName":"connectionConfigured","startTimeUTC":"2026-04-16T23:48:55.357309900Z","durationInMilliSecs":0.0},{"eventName":"requestSent","startTimeUTC":"2026-04-16T23:48:55.357309900Z","durationInMilliSecs":1.5067},{"eventName":"transitTime","startTimeUTC":"2026-04-16T23:48:55.358816600Z","durationInMilliSecs":145.7432},{"eventName":"received","startTimeUTC":"2026-04-16T23:48:55.504559800Z","durationInMilliSecs":1.0011}],"partitionKeyRangeId":null,"responsePayloadSizeInBytes":0,"httpNetworkResponseTimeout":"PT1M","exceptionMessage":"Message: {\"Errors\":[\"Resource Not Found. Learn more: https://aka.ms/cosmosdb-tsg-not-found\"]}\r\nActivityId: d02d2aab-b175-42af-b979-bd343b5ec5a1, Request URI: /apps/e5edab09-e651-4b3c-a603-1230655f3d07/services/4b24e143-71b7-47e6-91ee-08e7b832ec07/partitions/b66d394c-e21e-4313-8c8d-d26074fbeec7/replicas/134185142045977688s, RequestStats: , SDK: Microsoft.Azure.Documents.Common/2.14.0, StatusCode: NotFound","exceptionResponseHeaders":"{date=Thu, 16 Apr 2026 23:48:56 GMT, server=Microsoft-HTTPAPI/2.0, content-length=423, x-ms-last-state-change-utc=Tue, 31 Mar 2026 23:45:26.872 GMT, x-ms-request-duration-ms=17.066, x-ms-session-token=0:-1#99, lsn=99, x-ms-request-charge=2, x-ms-schemaversion=1.21, x-ms-transport-request-id=234421, x-ms-number-of-read-regions=0, x-ms-cosmos-internal-partition-id=b66d394c-e21e-4313-8c8d-d26074fbeec7, x-ms-activity-id=d02d2aab-b175-42af-b979-bd343b5ec5a1, strict-transport-security=max-age=31536000, x-http2-stream-id=3, x-ms-xp-role=1, x-ms-global-committed-lsn=99, x-ms-cosmos-llsn=99, x-ms-gatewayversion=version=2.14.0, content-location=https://swkrish-session-northeurope.documents-test.windows-int.net/dbs/db1/colls/c2, content-type=application/json, x-ms-serviceversion=version=2.14.0.0}","endpoint":"https://swkrish-session-northeurope.documents-test.windows-int.net:443/dbs/db1/colls/c2","isHubRegionProcessingOnly":"false","perPartitionCircuitBreakerInfoHolder":{"perPartitionCircuitBreakerInfoHolder":null},"perPartitionAutomaticFailoverInfoHolder":null,"channelId":"f367e4f5/1","parentChannelId":"f367e4f5","isHttp2":true}],"samplingRateSnapshot":1.0,"bloomFilterInsertionCountSnapshot":0,"systemInformation":{"usedMemory":"37513 KB","availableMemory":"12471671 KB","systemCpuLoad":"empty","availableProcessors":8},"clientCfgs":{"id":12,"machineId":"uuid:aabb364a-80c6-4b4c-ae65-e31bae48b35b","connectionMode":"GATEWAY","numberOfClients":0,"isPpafEnabled":"false","isFalseProgSessionTokenMergeEnabled":"true","excrgns":"[]","clientEndpoints":{"https://swkrish-session.documents-test.windows-int.net:443/":15},"connCfg":{"rntbd":null,"gw":"(cps:1000, nrto:PT1M, icto:PT1M, cto:PT45S, gwV2Cto:PT5S, p:false, http2:(enabled:true, maxc:1000, minc:8, maxs:30))","other":"(ed: true, cs: false, rv: true)"},"consistencyCfg":"(consistency: Session, readConsistencyStrategy: null,  mm: true, prgns: [])","proactiveInitCfg":"","e2ePolicyCfg":"","sessionRetryCfg":""}}}
at com.azure.cosmos.BridgeInternal.createCosmosException(BridgeInternal.java:425)
at com.azure.cosmos.implementation.RxGatewayStoreModel.validateOrThrow(RxGatewayStoreModel.java:779)
at com.azure.cosmos.implementation.RxGatewayStoreModel.unwrapToStoreResponse(RxGatewayStoreModel.java:233)
at com.azure.cosmos.implementation.RxGatewayStoreModel.lambda$toDocumentServiceResponse$4(RxGatewayStoreModel.java:565)
at reactor.core.publisher.FluxMap$MapConditionalSubscriber.onNext(FluxMap.java:208)
at reactor.core.publisher.MonoPublishOn$PublishOnSubscriber.run(MonoPublishOn.java:181)
at reactor.core.scheduler.SchedulerTask.call(SchedulerTask.java:68)
at reactor.core.scheduler.SchedulerTask.call(SchedulerTask.java:28)
at java.base/java.util.concurrent.FutureTask.run(FutureTask.java:264)
at java.base/java.util.concurrent.ScheduledThreadPoolExecutor$ScheduledFutureTask.run(ScheduledThreadPoolExecutor.java:304)
at java.base/java.util.concurrent.ThreadPoolExecutor.runWorker(ThreadPoolExecutor.java:1136)
at java.base/java.util.concurrent.ThreadPoolExecutor$Worker.run(ThreadPoolExecutor.java:635)
at java.base/java.lang.Thread.run(Thread.java:833)
Suppressed: java.lang.Exception: #block terminated with an error
at reactor.core.publisher.BlockingSingleSubscriber.blockingGet(BlockingSingleSubscriber.java:104)
at reactor.core.publisher.Mono.block(Mono.java:1779)
at com.azure.cosmos.implementation.ThinClientE2ETest.testThinClientIncrementalChangeFeed(ThinClientE2ETest.java:223)
at java.base/jdk.internal.reflect.DirectMethodHandleAccessor.invoke(DirectMethodHandleAccessor.java:104)
at java.base/java.lang.reflect.Method.invoke(Method.java:577)
at org.testng.internal.invokers.MethodInvocationHelper.invokeMethod(MethodInvocationHelper.java:136)
at org.testng.internal.invokers.TestInvoker.invokeMethod(TestInvoker.java:658)
at org.testng.internal.invokers.TestInvoker.retryFailed(TestInvoker.java:261)
at org.testng.internal.invokers.MethodRunner.runInSequence(MethodRunner.java:62)
at org.testng.internal.invokers.TestInvoker$MethodInvocationAgent.invoke(TestInvoker.java:923)
at org.testng.internal.invokers.TestInvoker.invokeTestMethods(TestInvoker.java:192)
at org.testng.internal.invokers.TestMethodWorker.invokeTestMethods(TestMethodWorker.java:146)
at org.testng.internal.invokers.TestMethodWorker.run(TestMethodWorker.java:128)
at java.base/java.util.ArrayList.forEach(ArrayList.java:1511)
at org.testng.TestRunner.privateRun(TestRunner.java:808)
at org.testng.TestRunner.run(TestRunner.java:603)
at org.testng.SuiteRunner.runTest(SuiteRunner.java:429)
at org.testng.SuiteRunner.runSequentially(SuiteRunner.java:423)
at org.testng.SuiteRunner.privateRun(SuiteRunner.java:383)
at org.testng.SuiteRunner.run(SuiteRunner.java:326)
at org.testng.SuiteRunnerWorker.runSuite(SuiteRunnerWorker.java:52)
at org.testng.SuiteRunnerWorker.run(SuiteRunnerWorker.java:95)
at org.testng.TestNG.runSuitesSequentially(TestNG.java:1249)
at org.testng.TestNG.runSuitesLocally(TestNG.java:1169)
at org.testng.TestNG.runSuites(TestNG.java:1092)
at org.testng.TestNG.run(TestNG.java:1060)
at org.testng.TestNG.privateMain(TestNG.java:1403)
at org.testng.TestNG.main(TestNG.java:1367)
]]>
    </error>
  </testcase> <!-- testThinClientIncrementalChangeFeed -->
  <system-out/>
  <testcase classname="com.azure.cosmos.implementation.ThinClientE2ETest" name="testThinClientBatch" time="1.283">
    <skipped/>
  </testcase> <!-- testThinClientBatch -->
  <system-out/>
  <testcase classname="com.azure.cosmos.implementation.ThinClientE2ETest" name="testThinClientDocumentPointOperations" time="2.457">
    <error message="{&quot;innerErrorMessage&quot;:&quot;Setting offer throughput or autopilot on container is not supported for serverless accounts.\r\nActivityId: dc57288f-6b34-489b-93ee-f2571c376c5f, Microsoft.Azure.Documents.Common/2.14.0, StatusCode: BadRequest&quot;,&quot;cosmosDiagnostics&quot;:{&quot;userAgent&quot;:&quot;azsdk-java-cosmos/4.80.0-beta.1 Windows11/10.0 JRE/18.0.2.1|F14&quot;,&quot;activityId&quot;:&quot;dc57288f-6b34-489b-93ee-f2571c376c5f&quot;,&quot;requestLatencyInMs&quot;:683,&quot;requestStartTimeUTC&quot;:&quot;2026-04-16T23:48:50.980473300Z&quot;,&quot;requestEndTimeUTC&quot;:&quot;2026-04-16T23:48:51.664239900Z&quot;,&quot;responseStatisticsList&quot;:[],&quot;supplementalResponseStatisticsList&quot;:[],&quot;addressResolutionStatistics&quot;:{},&quot;regionsContacted&quot;:[&quot;north europe&quot;],&quot;retryContext&quot;:{&quot;statusAndSubStatusCodes&quot;:null,&quot;retryCount&quot;:0,&quot;retryLatency&quot;:0},&quot;metadataDiagnosticsContext&quot;:{&quot;metadataDiagnosticList&quot;:null,&quot;empty&quot;:true},&quot;serializationDiagnosticsContext&quot;:{&quot;serializationDiagnosticsList&quot;:[{&quot;serializationType&quot;:&quot;CONTAINER_SERIALIZATION&quot;,&quot;startTimeUTC&quot;:&quot;2026-04-16T23:48:50.980473300Z&quot;,&quot;endTimeUTC&quot;:&quot;2026-04-16T23:48:50.980473300Z&quot;,&quot;durationInMilliSecs&quot;:0.0}]},&quot;gatewayStatisticsList&quot;:[{&quot;sessionToken&quot;:null,&quot;operationType&quot;:&quot;Create&quot;,&quot;resourceType&quot;:&quot;DocumentCollection&quot;,&quot;statusCode&quot;:400,&quot;subStatusCode&quot;:0,&quot;requestCharge&quot;:0.0,&quot;requestTimeline&quot;:[{&quot;eventName&quot;:&quot;connectionCreated&quot;,&quot;startTimeUTC&quot;:&quot;2026-04-16T23:48:50.981473300Z&quot;,&quot;durationInMilliSecs&quot;:483.2608},{&quot;eventName&quot;:&quot;connectionConfigured&quot;,&quot;startTimeUTC&quot;:&quot;2026-04-16T23:48:51.464734100Z&quot;,&quot;durationInMilliSecs&quot;:1.0001},{&quot;eventName&quot;:&quot;requestSent&quot;,&quot;startTimeUTC&quot;:&quot;2026-04-16T23:48:51.465734200Z&quot;,&quot;durationInMilliSecs&quot;:1.5523},{&quot;eventName&quot;:&quot;transitTime&quot;,&quot;startTimeUTC&quot;:&quot;2026-04-16T23:48:51.467286500Z&quot;,&quot;durationInMilliSecs&quot;:194.9529},{&quot;eventName&quot;:&quot;received&quot;,&quot;startTimeUTC&quot;:&quot;2026-04-16T23:48:51.662239400Z&quot;,&quot;durationInMilliSecs&quot;:1.0003}],&quot;partitionKeyRangeId&quot;:null,&quot;responsePayloadSizeInBytes&quot;:0,&quot;httpNetworkResponseTimeout&quot;:&quot;PT1M&quot;,&quot;exceptionMessage&quot;:&quot;Setting offer throughput or autopilot on container is not supported for serverless accounts.\r\nActivityId: dc57288f-6b34-489b-93ee-f2571c376c5f, Microsoft.Azure.Documents.Common/2.14.0, StatusCode: BadRequest&quot;,&quot;exceptionResponseHeaders&quot;:&quot;{date=Thu, 16 Apr 2026 23:48:52 GMT, x-http2-stream-id=3, server=Microsoft-HTTPAPI/2.0, content-length=219, x-ms-gatewayversion=version=2.14.0, content-type=application/json, x-ms-activity-id=dc57288f-6b34-489b-93ee-f2571c376c5f, strict-transport-security=max-age=31536000}&quot;,&quot;endpoint&quot;:&quot;https://swkrish-session-northeurope.documents-test.windows-int.net:443/dbs/db1/colls&quot;,&quot;isHubRegionProcessingOnly&quot;:&quot;false&quot;,&quot;perPartitionCircuitBreakerInfoHolder&quot;:{&quot;perPartitionCircuitBreakerInfoHolder&quot;:null},&quot;perPartitionAutomaticFailoverInfoHolder&quot;:null,&quot;channelId&quot;:&quot;56096bc6/1&quot;,&quot;parentChannelId&quot;:&quot;56096bc6&quot;,&quot;isHttp2&quot;:true}],&quot;samplingRateSnapshot&quot;:1.0,&quot;bloomFilterInsertionCountSnapshot&quot;:0,&quot;systemInformation&quot;:{&quot;usedMemory&quot;:&quot;37513 KB&quot;,&quot;availableMemory&quot;:&quot;12471671 KB&quot;,&quot;systemCpuLoad&quot;:&quot;empty&quot;,&quot;availableProcessors&quot;:8},&quot;clientCfgs&quot;:{&quot;id&quot;:9,&quot;machineId&quot;:&quot;uuid:aabb364a-80c6-4b4c-ae65-e31bae48b35b&quot;,&quot;connectionMode&quot;:&quot;GATEWAY&quot;,&quot;numberOfClients&quot;:0,&quot;isPpafEnabled&quot;:&quot;false&quot;,&quot;isFalseProgSessionTokenMergeEnabled&quot;:&quot;true&quot;,&quot;excrgns&quot;:&quot;[]&quot;,&quot;clientEndpoints&quot;:{&quot;https://swkrish-session.documents-test.windows-int.net:443/&quot;:15},&quot;connCfg&quot;:{&quot;rntbd&quot;:null,&quot;gw&quot;:&quot;(cps:1000, nrto:PT1M, icto:PT1M, cto:PT45S, gwV2Cto:PT5S, p:false, http2:(enabled:true, maxc:1000, minc:8, maxs:30))&quot;,&quot;other&quot;:&quot;(ed: true, cs: false, rv: true)&quot;},&quot;consistencyCfg&quot;:&quot;(consistency: Session, readConsistencyStrategy: null,  mm: true, prgns: [])&quot;,&quot;proactiveInitCfg&quot;:&quot;&quot;,&quot;e2ePolicyCfg&quot;:&quot;&quot;,&quot;sessionRetryCfg&quot;:&quot;&quot;}}}" type="com.azure.cosmos.CosmosException">
      <![CDATA[{"ClassName":"CosmosException","userAgent":"azsdk-java-cosmos/4.80.0-beta.1 Windows11/10.0 JRE/18.0.2.1","statusCode":400,"resourceAddress":"https://swkrish-session-northeurope.documents-test.windows-int.net:443/dbs/db1/colls","error":"{\"code\":\"BadRequest\",\"message\":\"Setting offer throughput or autopilot on container is not supported for serverless accounts.\\r\\nActivityId: dc57288f-6b34-489b-93ee-f2571c376c5f, Microsoft.Azure.Documents.Common/2.14.0, StatusCode: BadRequest\",\"additionalErrorInfo\":null}","innerErrorMessage":"Setting offer throughput or autopilot on container is not supported for serverless accounts.\r\nActivityId: dc57288f-6b34-489b-93ee-f2571c376c5f, Microsoft.Azure.Documents.Common/2.14.0, StatusCode: BadRequest","causeInfo":null,"responseHeaders":"{date=Thu, 16 Apr 2026 23:48:52 GMT, x-http2-stream-id=3, server=Microsoft-HTTPAPI/2.0, content-length=219, x-ms-gatewayversion=version=2.14.0, content-type=application/json, x-ms-activity-id=dc57288f-6b34-489b-93ee-f2571c376c5f, strict-transport-security=max-age=31536000}","requestHeaders":"[x-ms-cosmos-sdk-supportedcapabilities=3, Accept=application/json, x-ms-date=Thu, 16 Apr 2026 23:48:50 GMT, x-ms-offer-throughput=35000, Content-Type=application/json]","cosmosDiagnostics":{"userAgent":"azsdk-java-cosmos/4.80.0-beta.1 Windows11/10.0 JRE/18.0.2.1|F14","activityId":"dc57288f-6b34-489b-93ee-f2571c376c5f","requestLatencyInMs":683,"requestStartTimeUTC":"2026-04-16T23:48:50.980473300Z","requestEndTimeUTC":"2026-04-16T23:48:51.664239900Z","responseStatisticsList":[],"supplementalResponseStatisticsList":[],"addressResolutionStatistics":{},"regionsContacted":["north europe"],"retryContext":{"statusAndSubStatusCodes":null,"retryCount":0,"retryLatency":0},"metadataDiagnosticsContext":{"metadataDiagnosticList":null,"empty":true},"serializationDiagnosticsContext":{"serializationDiagnosticsList":[{"serializationType":"CONTAINER_SERIALIZATION","startTimeUTC":"2026-04-16T23:48:50.980473300Z","endTimeUTC":"2026-04-16T23:48:50.980473300Z","durationInMilliSecs":0.0}]},"gatewayStatisticsList":[{"sessionToken":null,"operationType":"Create","resourceType":"DocumentCollection","statusCode":400,"subStatusCode":0,"requestCharge":0.0,"requestTimeline":[{"eventName":"connectionCreated","startTimeUTC":"2026-04-16T23:48:50.981473300Z","durationInMilliSecs":483.2608},{"eventName":"connectionConfigured","startTimeUTC":"2026-04-16T23:48:51.464734100Z","durationInMilliSecs":1.0001},{"eventName":"requestSent","startTimeUTC":"2026-04-16T23:48:51.465734200Z","durationInMilliSecs":1.5523},{"eventName":"transitTime","startTimeUTC":"2026-04-16T23:48:51.467286500Z","durationInMilliSecs":194.9529},{"eventName":"received","startTimeUTC":"2026-04-16T23:48:51.662239400Z","durationInMilliSecs":1.0003}],"partitionKeyRangeId":null,"responsePayloadSizeInBytes":0,"httpNetworkResponseTimeout":"PT1M","exceptionMessage":"Setting offer throughput or autopilot on container is not supported for serverless accounts.\r\nActivityId: dc57288f-6b34-489b-93ee-f2571c376c5f, Microsoft.Azure.Documents.Common/2.14.0, StatusCode: BadRequest","exceptionResponseHeaders":"{date=Thu, 16 Apr 2026 23:48:52 GMT, x-http2-stream-id=3, server=Microsoft-HTTPAPI/2.0, content-length=219, x-ms-gatewayversion=version=2.14.0, content-type=application/json, x-ms-activity-id=dc57288f-6b34-489b-93ee-f2571c376c5f, strict-transport-security=max-age=31536000}","endpoint":"https://swkrish-session-northeurope.documents-test.windows-int.net:443/dbs/db1/colls","isHubRegionProcessingOnly":"false","perPartitionCircuitBreakerInfoHolder":{"perPartitionCircuitBreakerInfoHolder":null},"perPartitionAutomaticFailoverInfoHolder":null,"channelId":"56096bc6/1","parentChannelId":"56096bc6","isHttp2":true}],"samplingRateSnapshot":1.0,"bloomFilterInsertionCountSnapshot":0,"systemInformation":{"usedMemory":"37513 KB","availableMemory":"12471671 KB","systemCpuLoad":"empty","availableProcessors":8},"clientCfgs":{"id":9,"machineId":"uuid:aabb364a-80c6-4b4c-ae65-e31bae48b35b","connectionMode":"GATEWAY","numberOfClients":0,"isPpafEnabled":"false","isFalseProgSessionTokenMergeEnabled":"true","excrgns":"[]","clientEndpoints":{"https://swkrish-session.documents-test.windows-int.net:443/":15},"connCfg":{"rntbd":null,"gw":"(cps:1000, nrto:PT1M, icto:PT1M, cto:PT45S, gwV2Cto:PT5S, p:false, http2:(enabled:true, maxc:1000, minc:8, maxs:30))","other":"(ed: true, cs: false, rv: true)"},"consistencyCfg":"(consistency: Session, readConsistencyStrategy: null,  mm: true, prgns: [])","proactiveInitCfg":"","e2ePolicyCfg":"","sessionRetryCfg":""}}}
at com.azure.cosmos.BridgeInternal.createCosmosException(BridgeInternal.java:425)
at com.azure.cosmos.implementation.RxGatewayStoreModel.validateOrThrow(RxGatewayStoreModel.java:779)
at com.azure.cosmos.implementation.RxGatewayStoreModel.unwrapToStoreResponse(RxGatewayStoreModel.java:233)
at com.azure.cosmos.implementation.RxGatewayStoreModel.lambda$toDocumentServiceResponse$4(RxGatewayStoreModel.java:565)
at reactor.core.publisher.FluxMap$MapConditionalSubscriber.onNext(FluxMap.java:208)
at reactor.core.publisher.MonoPublishOn$PublishOnSubscriber.run(MonoPublishOn.java:181)
at reactor.core.scheduler.SchedulerTask.call(SchedulerTask.java:68)
at reactor.core.scheduler.SchedulerTask.call(SchedulerTask.java:28)
at java.base/java.util.concurrent.FutureTask.run(FutureTask.java:264)
at java.base/java.util.concurrent.ScheduledThreadPoolExecutor$ScheduledFutureTask.run(ScheduledThreadPoolExecutor.java:304)
at java.base/java.util.concurrent.ThreadPoolExecutor.runWorker(ThreadPoolExecutor.java:1136)
at java.base/java.util.concurrent.ThreadPoolExecutor$Worker.run(ThreadPoolExecutor.java:635)
at java.base/java.lang.Thread.run(Thread.java:833)
Suppressed: java.lang.Exception: #block terminated with an error
at reactor.core.publisher.BlockingSingleSubscriber.blockingGet(BlockingSingleSubscriber.java:104)
at reactor.core.publisher.Mono.block(Mono.java:1779)
at com.azure.cosmos.implementation.ThinClientE2ETest.testThinClientDocumentPointOperations(ThinClientE2ETest.java:292)
at java.base/jdk.internal.reflect.DirectMethodHandleAccessor.invoke(DirectMethodHandleAccessor.java:104)
at java.base/java.lang.reflect.Method.invoke(Method.java:577)
at org.testng.internal.invokers.MethodInvocationHelper.invokeMethod(MethodInvocationHelper.java:136)
at org.testng.internal.invokers.TestInvoker.invokeMethod(TestInvoker.java:658)
at org.testng.internal.invokers.TestInvoker.retryFailed(TestInvoker.java:261)
at org.testng.internal.invokers.MethodRunner.runInSequence(MethodRunner.java:62)
at org.testng.internal.invokers.TestInvoker$MethodInvocationAgent.invoke(TestInvoker.java:923)
at org.testng.internal.invokers.TestInvoker.invokeTestMethods(TestInvoker.java:192)
at org.testng.internal.invokers.TestMethodWorker.invokeTestMethods(TestMethodWorker.java:146)
at org.testng.internal.invokers.TestMethodWorker.run(TestMethodWorker.java:128)
at java.base/java.util.ArrayList.forEach(ArrayList.java:1511)
at org.testng.TestRunner.privateRun(TestRunner.java:808)
at org.testng.TestRunner.run(TestRunner.java:603)
at org.testng.SuiteRunner.runTest(SuiteRunner.java:429)
at org.testng.SuiteRunner.runSequentially(SuiteRunner.java:423)
at org.testng.SuiteRunner.privateRun(SuiteRunner.java:383)
at org.testng.SuiteRunner.run(SuiteRunner.java:326)
at org.testng.SuiteRunnerWorker.runSuite(SuiteRunnerWorker.java:52)
at org.testng.SuiteRunnerWorker.run(SuiteRunnerWorker.java:95)
at org.testng.TestNG.runSuitesSequentially(TestNG.java:1249)
at org.testng.TestNG.runSuitesLocally(TestNG.java:1169)
at org.testng.TestNG.runSuites(TestNG.java:1092)
at org.testng.TestNG.run(TestNG.java:1060)
at org.testng.TestNG.privateMain(TestNG.java:1403)
at org.testng.TestNG.main(TestNG.java:1367)
]]>
    </error>
  </testcase> <!-- testThinClientDocumentPointOperations -->
  <system-out/>
</testsuite> <!-- com.azure.cosmos.implementation.ThinClientE2ETest -->
