<?xml version="1.0" encoding="UTF-8"?>
<!-- Generated by org.testng.reporters.JUnitReportReporter -->
<testsuite hostname="Jeet-Thinkpad" failures="0" tests="12" name="com.azure.cosmos.implementation.ThinClientReadConsistencyStrategyE2ETest" time="26.959" errors="0" timestamp="2026-04-16T19:47:19 EDT" skipped="0">
  <testcase classname="com.azure.cosmos.implementation.ThinClientReadConsistencyStrategyE2ETest" name="thinClient_changeFeed_withLatestCommitted" time="3.671"/>
  <system-out/>
  <testcase classname="com.azure.cosmos.implementation.ThinClientReadConsistencyStrategyE2ETest" name="thinClient_requestLevelRcs_overridesClientLevelRcs" time="3.342"/>
  <system-out/>
  <testcase classname="com.azure.cosmos.implementation.ThinClientReadConsistencyStrategyE2ETest" name="thinClient_readItem_withEventual" time="1.124"/>
  <system-out/>
  <testcase classname="com.azure.cosmos.implementation.ThinClientReadConsistencyStrategyE2ETest" name="thinClient_writeItem_rcsIgnored" time="3.081"/>
  <system-out/>
  <testcase classname="com.azure.cosmos.implementation.ThinClientReadConsistencyStrategyE2ETest" name="thinClient_readMany_withLatestCommitted" time="0.359"/>
  <system-out/>
  <testcase classname="com.azure.cosmos.implementation.ThinClientReadConsistencyStrategyE2ETest" name="thinClient_clientLevel_latestCommitted_query" time="4.326"/>
  <system-out/>
  <testcase classname="com.azure.cosmos.implementation.ThinClientReadConsistencyStrategyE2ETest" name="thinClient_queryItems_withLatestCommitted" time="2.249"/>
  <system-out/>
  <testcase classname="com.azure.cosmos.implementation.ThinClientReadConsistencyStrategyE2ETest" name="thinClient_bothConsistencyLevelAndRcs_rcsWins" time="3.958"/>
  <system-out/>
  <testcase classname="com.azure.cosmos.implementation.ThinClientReadConsistencyStrategyE2ETest" name="thinClient_readItem_withSession" time="0.251"/>
  <system-out/>
  <testcase classname="com.azure.cosmos.implementation.ThinClientReadConsistencyStrategyE2ETest" name="thinClient_clientLevel_latestCommitted_readItem" time="3.595"/>
  <system-out/>
  <testcase classname="com.azure.cosmos.implementation.ThinClientReadConsistencyStrategyE2ETest" name="thinClient_requestLevel_bothClAndRcs_rcsWins" time="0.226"/>
  <system-out/>
  <testcase classname="com.azure.cosmos.implementation.ThinClientReadConsistencyStrategyE2ETest" name="thinClient_readItem_withLatestCommitted" time="0.777"/>
  <system-out/>
</testsuite> <!-- com.azure.cosmos.implementation.ThinClientReadConsistencyStrategyE2ETest -->
