<?xml version="1.0" encoding="UTF-8"?>
<testng-results ignored="0" total="30" passed="30" failed="0" skipped="0">
  <reporter-output>
  </reporter-output>
  <suite started-at="2026-02-25T23:52:16 UTC" name="Command line suite" finished-at="2026-02-25T23:52:17 UTC" duration-ms="835">
    <groups>
      <group name="unit">
        <method signature="ReadConsistencyStrategyRequestOptionsTest.cosmosChangeFeedRequestOptionsSetGetReadConsistencyStrategy(com.azure.cosmos.ReadConsistencyStrategy)[pri:0, instance:com.azure.cosmos.models.ReadConsistencyStrategyRequestOptionsTest@c46bcd4]" name="cosmosChangeFeedRequestOptionsSetGetReadConsistencyStrategy" class="com.azure.cosmos.models.ReadConsistencyStrategyRequestOptionsTest"/>
        <method signature="ReadConsistencyStrategyRequestOptionsTest.cosmosChangeFeedRequestOptionsSetNullReadConsistencyStrategy()[pri:0, instance:com.azure.cosmos.models.ReadConsistencyStrategyRequestOptionsTest@c46bcd4]" name="cosmosChangeFeedRequestOptionsSetNullReadConsistencyStrategy" class="com.azure.cosmos.models.ReadConsistencyStrategyRequestOptionsTest"/>
        <method signature="ReadConsistencyStrategyRequestOptionsTest.cosmosItemRequestOptionsSetGetReadConsistencyStrategy(com.azure.cosmos.ReadConsistencyStrategy)[pri:0, instance:com.azure.cosmos.models.ReadConsistencyStrategyRequestOptionsTest@c46bcd4]" name="cosmosItemRequestOptionsSetGetReadConsistencyStrategy" class="com.azure.cosmos.models.ReadConsistencyStrategyRequestOptionsTest"/>
        <method signature="ReadConsistencyStrategyRequestOptionsTest.cosmosItemRequestOptionsSetNullReadConsistencyStrategy()[pri:0, instance:com.azure.cosmos.models.ReadConsistencyStrategyRequestOptionsTest@c46bcd4]" name="cosmosItemRequestOptionsSetNullReadConsistencyStrategy" class="com.azure.cosmos.models.ReadConsistencyStrategyRequestOptionsTest"/>
        <method signature="ReadConsistencyStrategyRequestOptionsTest.cosmosQueryRequestOptionsSetGetReadConsistencyStrategy(com.azure.cosmos.ReadConsistencyStrategy)[pri:0, instance:com.azure.cosmos.models.ReadConsistencyStrategyRequestOptionsTest@c46bcd4]" name="cosmosQueryRequestOptionsSetGetReadConsistencyStrategy" class="com.azure.cosmos.models.ReadConsistencyStrategyRequestOptionsTest"/>
        <method signature="ReadConsistencyStrategyRequestOptionsTest.cosmosQueryRequestOptionsSetNullReadConsistencyStrategy()[pri:0, instance:com.azure.cosmos.models.ReadConsistencyStrategyRequestOptionsTest@c46bcd4]" name="cosmosQueryRequestOptionsSetNullReadConsistencyStrategy" class="com.azure.cosmos.models.ReadConsistencyStrategyRequestOptionsTest"/>
        <method signature="ReadConsistencyStrategyRequestOptionsTest.cosmosReadManyRequestOptionsSetGetReadConsistencyStrategy(com.azure.cosmos.ReadConsistencyStrategy)[pri:0, instance:com.azure.cosmos.models.ReadConsistencyStrategyRequestOptionsTest@c46bcd4]" name="cosmosReadManyRequestOptionsSetGetReadConsistencyStrategy" class="com.azure.cosmos.models.ReadConsistencyStrategyRequestOptionsTest"/>
        <method signature="ReadConsistencyStrategyRequestOptionsTest.cosmosReadManyRequestOptionsSetNullReadConsistencyStrategy()[pri:0, instance:com.azure.cosmos.models.ReadConsistencyStrategyRequestOptionsTest@c46bcd4]" name="cosmosReadManyRequestOptionsSetNullReadConsistencyStrategy" class="com.azure.cosmos.models.ReadConsistencyStrategyRequestOptionsTest"/>
        <method signature="ReadConsistencyStrategyRequestOptionsTest.cosmosRequestOptionsSetGetReadConsistencyStrategy(com.azure.cosmos.ReadConsistencyStrategy)[pri:0, instance:com.azure.cosmos.models.ReadConsistencyStrategyRequestOptionsTest@c46bcd4]" name="cosmosRequestOptionsSetGetReadConsistencyStrategy" class="com.azure.cosmos.models.ReadConsistencyStrategyRequestOptionsTest"/>
        <method signature="ReadConsistencyStrategyRequestOptionsTest.cosmosRequestOptionsSetNullReadConsistencyStrategy()[pri:0, instance:com.azure.cosmos.models.ReadConsistencyStrategyRequestOptionsTest@c46bcd4]" name="cosmosRequestOptionsSetNullReadConsistencyStrategy" class="com.azure.cosmos.models.ReadConsistencyStrategyRequestOptionsTest"/>
      </group> <!-- unit -->
    </groups>
    <test started-at="2026-02-25T23:52:16 UTC" name="Command line test" finished-at="2026-02-25T23:52:17 UTC" duration-ms="835">
      <class name="com.azure.cosmos.models.ReadConsistencyStrategyRequestOptionsTest">
        <test-method signature="cosmosChangeFeedRequestOptionsSetGetReadConsistencyStrategy(com.azure.cosmos.ReadConsistencyStrategy)[pri:0, instance:com.azure.cosmos.models.ReadConsistencyStrategyRequestOptionsTest@c46bcd4]" started-at="2026-02-25T23:52:16 UTC" name="cosmosChangeFeedRequestOptionsSetGetReadConsistencyStrategy" data-provider="allReadConsistencyStrategies" finished-at="2026-02-25T23:52:17 UTC" duration-ms="451" status="PASS">
          <params>
            <param index="0">
              <value>
                <![CDATA[Default]]>
              </value>
            </param>
          </params>
          <reporter-output>
          </reporter-output>
        </test-method> <!-- cosmosChangeFeedRequestOptionsSetGetReadConsistencyStrategy -->
        <test-method signature="cosmosChangeFeedRequestOptionsSetGetReadConsistencyStrategy(com.azure.cosmos.ReadConsistencyStrategy)[pri:0, instance:com.azure.cosmos.models.ReadConsistencyStrategyRequestOptionsTest@c46bcd4]" started-at="2026-02-25T23:52:17 UTC" name="cosmosChangeFeedRequestOptionsSetGetReadConsistencyStrategy" data-provider="allReadConsistencyStrategies" finished-at="2026-02-25T23:52:17 UTC" duration-ms="0" status="PASS">
          <params>
            <param index="0">
              <value>
                <![CDATA[Eventual]]>
              </value>
            </param>
          </params>
          <reporter-output>
          </reporter-output>
        </test-method> <!-- cosmosChangeFeedRequestOptionsSetGetReadConsistencyStrategy -->
        <test-method signature="cosmosChangeFeedRequestOptionsSetGetReadConsistencyStrategy(com.azure.cosmos.ReadConsistencyStrategy)[pri:0, instance:com.azure.cosmos.models.ReadConsistencyStrategyRequestOptionsTest@c46bcd4]" started-at="2026-02-25T23:52:17 UTC" name="cosmosChangeFeedRequestOptionsSetGetReadConsistencyStrategy" data-provider="allReadConsistencyStrategies" finished-at="2026-02-25T23:52:17 UTC" duration-ms="0" status="PASS">
          <params>
            <param index="0">
              <value>
                <![CDATA[LatestCommitted]]>
              </value>
            </param>
          </params>
          <reporter-output>
          </reporter-output>
        </test-method> <!-- cosmosChangeFeedRequestOptionsSetGetReadConsistencyStrategy -->
        <test-method signature="cosmosChangeFeedRequestOptionsSetGetReadConsistencyStrategy(com.azure.cosmos.ReadConsistencyStrategy)[pri:0, instance:com.azure.cosmos.models.ReadConsistencyStrategyRequestOptionsTest@c46bcd4]" started-at="2026-02-25T23:52:17 UTC" name="cosmosChangeFeedRequestOptionsSetGetReadConsistencyStrategy" data-provider="allReadConsistencyStrategies" finished-at="2026-02-25T23:52:17 UTC" duration-ms="0" status="PASS">
          <params>
            <param index="0">
              <value>
                <![CDATA[GlobalStrong]]>
              </value>
            </param>
          </params>
          <reporter-output>
          </reporter-output>
        </test-method> <!-- cosmosChangeFeedRequestOptionsSetGetReadConsistencyStrategy -->
        <test-method signature="cosmosChangeFeedRequestOptionsSetGetReadConsistencyStrategy(com.azure.cosmos.ReadConsistencyStrategy)[pri:0, instance:com.azure.cosmos.models.ReadConsistencyStrategyRequestOptionsTest@c46bcd4]" started-at="2026-02-25T23:52:17 UTC" name="cosmosChangeFeedRequestOptionsSetGetReadConsistencyStrategy" data-provider="allReadConsistencyStrategies" finished-at="2026-02-25T23:52:17 UTC" duration-ms="0" status="PASS">
          <params>
            <param index="0">
              <value>
                <![CDATA[Session]]>
              </value>
            </param>
          </params>
          <reporter-output>
          </reporter-output>
        </test-method> <!-- cosmosChangeFeedRequestOptionsSetGetReadConsistencyStrategy -->
        <test-method signature="cosmosItemRequestOptionsSetGetReadConsistencyStrategy(com.azure.cosmos.ReadConsistencyStrategy)[pri:0, instance:com.azure.cosmos.models.ReadConsistencyStrategyRequestOptionsTest@c46bcd4]" started-at="2026-02-25T23:52:17 UTC" name="cosmosItemRequestOptionsSetGetReadConsistencyStrategy" data-provider="allReadConsistencyStrategies" finished-at="2026-02-25T23:52:17 UTC" duration-ms="0" status="PASS">
          <params>
            <param index="0">
              <value>
                <![CDATA[Default]]>
              </value>
            </param>
          </params>
          <reporter-output>
          </reporter-output>
        </test-method> <!-- cosmosItemRequestOptionsSetGetReadConsistencyStrategy -->
        <test-method signature="cosmosChangeFeedRequestOptionsSetNullReadConsistencyStrategy()[pri:0, instance:com.azure.cosmos.models.ReadConsistencyStrategyRequestOptionsTest@c46bcd4]" started-at="2026-02-25T23:52:17 UTC" name="cosmosChangeFeedRequestOptionsSetNullReadConsistencyStrategy" finished-at="2026-02-25T23:52:17 UTC" duration-ms="0" status="PASS">
          <reporter-output>
          </reporter-output>
        </test-method> <!-- cosmosChangeFeedRequestOptionsSetNullReadConsistencyStrategy -->
        <test-method signature="cosmosItemRequestOptionsSetGetReadConsistencyStrategy(com.azure.cosmos.ReadConsistencyStrategy)[pri:0, instance:com.azure.cosmos.models.ReadConsistencyStrategyRequestOptionsTest@c46bcd4]" started-at="2026-02-25T23:52:17 UTC" name="cosmosItemRequestOptionsSetGetReadConsistencyStrategy" data-provider="allReadConsistencyStrategies" finished-at="2026-02-25T23:52:17 UTC" duration-ms="0" status="PASS">
          <params>
            <param index="0">
              <value>
                <![CDATA[GlobalStrong]]>
              </value>
            </param>
          </params>
          <reporter-output>
          </reporter-output>
        </test-method> <!-- cosmosItemRequestOptionsSetGetReadConsistencyStrategy -->
        <test-method signature="cosmosItemRequestOptionsSetGetReadConsistencyStrategy(com.azure.cosmos.ReadConsistencyStrategy)[pri:0, instance:com.azure.cosmos.models.ReadConsistencyStrategyRequestOptionsTest@c46bcd4]" started-at="2026-02-25T23:52:17 UTC" name="cosmosItemRequestOptionsSetGetReadConsistencyStrategy" data-provider="allReadConsistencyStrategies" finished-at="2026-02-25T23:52:17 UTC" duration-ms="0" status="PASS">
          <params>
            <param index="0">
              <value>
                <![CDATA[LatestCommitted]]>
              </value>
            </param>
          </params>
          <reporter-output>
          </reporter-output>
        </test-method> <!-- cosmosItemRequestOptionsSetGetReadConsistencyStrategy -->
        <test-method signature="cosmosItemRequestOptionsSetGetReadConsistencyStrategy(com.azure.cosmos.ReadConsistencyStrategy)[pri:0, instance:com.azure.cosmos.models.ReadConsistencyStrategyRequestOptionsTest@c46bcd4]" started-at="2026-02-25T23:52:17 UTC" name="cosmosItemRequestOptionsSetGetReadConsistencyStrategy" data-provider="allReadConsistencyStrategies" finished-at="2026-02-25T23:52:17 UTC" duration-ms="0" status="PASS">
          <params>
            <param index="0">
              <value>
                <![CDATA[Eventual]]>
              </value>
            </param>
          </params>
          <reporter-output>
          </reporter-output>
        </test-method> <!-- cosmosItemRequestOptionsSetGetReadConsistencyStrategy -->
        <test-method signature="cosmosItemRequestOptionsSetGetReadConsistencyStrategy(com.azure.cosmos.ReadConsistencyStrategy)[pri:0, instance:com.azure.cosmos.models.ReadConsistencyStrategyRequestOptionsTest@c46bcd4]" started-at="2026-02-25T23:52:17 UTC" name="cosmosItemRequestOptionsSetGetReadConsistencyStrategy" data-provider="allReadConsistencyStrategies" finished-at="2026-02-25T23:52:17 UTC" duration-ms="0" status="PASS">
          <params>
            <param index="0">
              <value>
                <![CDATA[Session]]>
              </value>
            </param>
          </params>
          <reporter-output>
          </reporter-output>
        </test-method> <!-- cosmosItemRequestOptionsSetGetReadConsistencyStrategy -->
        <test-method signature="cosmosItemRequestOptionsSetNullReadConsistencyStrategy()[pri:0, instance:com.azure.cosmos.models.ReadConsistencyStrategyRequestOptionsTest@c46bcd4]" started-at="2026-02-25T23:52:17 UTC" name="cosmosItemRequestOptionsSetNullReadConsistencyStrategy" finished-at="2026-02-25T23:52:17 UTC" duration-ms="0" status="PASS">
          <reporter-output>
          </reporter-output>
        </test-method> <!-- cosmosItemRequestOptionsSetNullReadConsistencyStrategy -->
        <test-method signature="cosmosQueryRequestOptionsSetGetReadConsistencyStrategy(com.azure.cosmos.ReadConsistencyStrategy)[pri:0, instance:com.azure.cosmos.models.ReadConsistencyStrategyRequestOptionsTest@c46bcd4]" started-at="2026-02-25T23:52:17 UTC" name="cosmosQueryRequestOptionsSetGetReadConsistencyStrategy" data-provider="allReadConsistencyStrategies" finished-at="2026-02-25T23:52:17 UTC" duration-ms="1" status="PASS">
          <params>
            <param index="0">
              <value>
                <![CDATA[Default]]>
              </value>
            </param>
          </params>
          <reporter-output>
          </reporter-output>
        </test-method> <!-- cosmosQueryRequestOptionsSetGetReadConsistencyStrategy -->
        <test-method signature="cosmosQueryRequestOptionsSetGetReadConsistencyStrategy(com.azure.cosmos.ReadConsistencyStrategy)[pri:0, instance:com.azure.cosmos.models.ReadConsistencyStrategyRequestOptionsTest@c46bcd4]" started-at="2026-02-25T23:52:17 UTC" name="cosmosQueryRequestOptionsSetGetReadConsistencyStrategy" data-provider="allReadConsistencyStrategies" finished-at="2026-02-25T23:52:17 UTC" duration-ms="0" status="PASS">
          <params>
            <param index="0">
              <value>
                <![CDATA[Session]]>
              </value>
            </param>
          </params>
          <reporter-output>
          </reporter-output>
        </test-method> <!-- cosmosQueryRequestOptionsSetGetReadConsistencyStrategy -->
        <test-method signature="cosmosQueryRequestOptionsSetGetReadConsistencyStrategy(com.azure.cosmos.ReadConsistencyStrategy)[pri:0, instance:com.azure.cosmos.models.ReadConsistencyStrategyRequestOptionsTest@c46bcd4]" started-at="2026-02-25T23:52:17 UTC" name="cosmosQueryRequestOptionsSetGetReadConsistencyStrategy" data-provider="allReadConsistencyStrategies" finished-at="2026-02-25T23:52:17 UTC" duration-ms="0" status="PASS">
          <params>
            <param index="0">
              <value>
                <![CDATA[Eventual]]>
              </value>
            </param>
          </params>
          <reporter-output>
          </reporter-output>
        </test-method> <!-- cosmosQueryRequestOptionsSetGetReadConsistencyStrategy -->
        <test-method signature="cosmosQueryRequestOptionsSetGetReadConsistencyStrategy(com.azure.cosmos.ReadConsistencyStrategy)[pri:0, instance:com.azure.cosmos.models.ReadConsistencyStrategyRequestOptionsTest@c46bcd4]" started-at="2026-02-25T23:52:17 UTC" name="cosmosQueryRequestOptionsSetGetReadConsistencyStrategy" data-provider="allReadConsistencyStrategies" finished-at="2026-02-25T23:52:17 UTC" duration-ms="1" status="PASS">
          <params>
            <param index="0">
              <value>
                <![CDATA[LatestCommitted]]>
              </value>
            </param>
          </params>
          <reporter-output>
          </reporter-output>
        </test-method> <!-- cosmosQueryRequestOptionsSetGetReadConsistencyStrategy -->
        <test-method signature="cosmosReadManyRequestOptionsSetGetReadConsistencyStrategy(com.azure.cosmos.ReadConsistencyStrategy)[pri:0, instance:com.azure.cosmos.models.ReadConsistencyStrategyRequestOptionsTest@c46bcd4]" started-at="2026-02-25T23:52:17 UTC" name="cosmosReadManyRequestOptionsSetGetReadConsistencyStrategy" data-provider="allReadConsistencyStrategies" finished-at="2026-02-25T23:52:17 UTC" duration-ms="1" status="PASS">
          <params>
            <param index="0">
              <value>
                <![CDATA[Default]]>
              </value>
            </param>
          </params>
          <reporter-output>
          </reporter-output>
        </test-method> <!-- cosmosReadManyRequestOptionsSetGetReadConsistencyStrategy -->
        <test-method signature="cosmosQueryRequestOptionsSetNullReadConsistencyStrategy()[pri:0, instance:com.azure.cosmos.models.ReadConsistencyStrategyRequestOptionsTest@c46bcd4]" started-at="2026-02-25T23:52:17 UTC" name="cosmosQueryRequestOptionsSetNullReadConsistencyStrategy" finished-at="2026-02-25T23:52:17 UTC" duration-ms="0" status="PASS">
          <reporter-output>
          </reporter-output>
        </test-method> <!-- cosmosQueryRequestOptionsSetNullReadConsistencyStrategy -->
        <test-method signature="cosmosQueryRequestOptionsSetGetReadConsistencyStrategy(com.azure.cosmos.ReadConsistencyStrategy)[pri:0, instance:com.azure.cosmos.models.ReadConsistencyStrategyRequestOptionsTest@c46bcd4]" started-at="2026-02-25T23:52:17 UTC" name="cosmosQueryRequestOptionsSetGetReadConsistencyStrategy" data-provider="allReadConsistencyStrategies" finished-at="2026-02-25T23:52:17 UTC" duration-ms="0" status="PASS">
          <params>
            <param index="0">
              <value>
                <![CDATA[GlobalStrong]]>
              </value>
            </param>
          </params>
          <reporter-output>
          </reporter-output>
        </test-method> <!-- cosmosQueryRequestOptionsSetGetReadConsistencyStrategy -->
        <test-method signature="cosmosReadManyRequestOptionsSetGetReadConsistencyStrategy(com.azure.cosmos.ReadConsistencyStrategy)[pri:0, instance:com.azure.cosmos.models.ReadConsistencyStrategyRequestOptionsTest@c46bcd4]" started-at="2026-02-25T23:52:17 UTC" name="cosmosReadManyRequestOptionsSetGetReadConsistencyStrategy" data-provider="allReadConsistencyStrategies" finished-at="2026-02-25T23:52:17 UTC" duration-ms="0" status="PASS">
          <params>
            <param index="0">
              <value>
                <![CDATA[Session]]>
              </value>
            </param>
          </params>
          <reporter-output>
          </reporter-output>
        </test-method> <!-- cosmosReadManyRequestOptionsSetGetReadConsistencyStrategy -->
        <test-method signature="cosmosReadManyRequestOptionsSetGetReadConsistencyStrategy(com.azure.cosmos.ReadConsistencyStrategy)[pri:0, instance:com.azure.cosmos.models.ReadConsistencyStrategyRequestOptionsTest@c46bcd4]" started-at="2026-02-25T23:52:17 UTC" name="cosmosReadManyRequestOptionsSetGetReadConsistencyStrategy" data-provider="allReadConsistencyStrategies" finished-at="2026-02-25T23:52:17 UTC" duration-ms="0" status="PASS">
          <params>
            <param index="0">
              <value>
                <![CDATA[LatestCommitted]]>
              </value>
            </param>
          </params>
          <reporter-output>
          </reporter-output>
        </test-method> <!-- cosmosReadManyRequestOptionsSetGetReadConsistencyStrategy -->
        <test-method signature="cosmosReadManyRequestOptionsSetGetReadConsistencyStrategy(com.azure.cosmos.ReadConsistencyStrategy)[pri:0, instance:com.azure.cosmos.models.ReadConsistencyStrategyRequestOptionsTest@c46bcd4]" started-at="2026-02-25T23:52:17 UTC" name="cosmosReadManyRequestOptionsSetGetReadConsistencyStrategy" data-provider="allReadConsistencyStrategies" finished-at="2026-02-25T23:52:17 UTC" duration-ms="0" status="PASS">
          <params>
            <param index="0">
              <value>
                <![CDATA[GlobalStrong]]>
              </value>
            </param>
          </params>
          <reporter-output>
          </reporter-output>
        </test-method> <!-- cosmosReadManyRequestOptionsSetGetReadConsistencyStrategy -->
        <test-method signature="cosmosReadManyRequestOptionsSetGetReadConsistencyStrategy(com.azure.cosmos.ReadConsistencyStrategy)[pri:0, instance:com.azure.cosmos.models.ReadConsistencyStrategyRequestOptionsTest@c46bcd4]" started-at="2026-02-25T23:52:17 UTC" name="cosmosReadManyRequestOptionsSetGetReadConsistencyStrategy" data-provider="allReadConsistencyStrategies" finished-at="2026-02-25T23:52:17 UTC" duration-ms="0" status="PASS">
          <params>
            <param index="0">
              <value>
                <![CDATA[Eventual]]>
              </value>
            </param>
          </params>
          <reporter-output>
          </reporter-output>
        </test-method> <!-- cosmosReadManyRequestOptionsSetGetReadConsistencyStrategy -->
        <test-method signature="cosmosReadManyRequestOptionsSetNullReadConsistencyStrategy()[pri:0, instance:com.azure.cosmos.models.ReadConsistencyStrategyRequestOptionsTest@c46bcd4]" started-at="2026-02-25T23:52:17 UTC" name="cosmosReadManyRequestOptionsSetNullReadConsistencyStrategy" finished-at="2026-02-25T23:52:17 UTC" duration-ms="0" status="PASS">
          <reporter-output>
          </reporter-output>
        </test-method> <!-- cosmosReadManyRequestOptionsSetNullReadConsistencyStrategy -->
        <test-method signature="cosmosRequestOptionsSetGetReadConsistencyStrategy(com.azure.cosmos.ReadConsistencyStrategy)[pri:0, instance:com.azure.cosmos.models.ReadConsistencyStrategyRequestOptionsTest@c46bcd4]" started-at="2026-02-25T23:52:17 UTC" name="cosmosRequestOptionsSetGetReadConsistencyStrategy" data-provider="allReadConsistencyStrategies" finished-at="2026-02-25T23:52:17 UTC" duration-ms="0" status="PASS">
          <params>
            <param index="0">
              <value>
                <![CDATA[Default]]>
              </value>
            </param>
          </params>
          <reporter-output>
          </reporter-output>
        </test-method> <!-- cosmosRequestOptionsSetGetReadConsistencyStrategy -->
        <test-method signature="cosmosRequestOptionsSetGetReadConsistencyStrategy(com.azure.cosmos.ReadConsistencyStrategy)[pri:0, instance:com.azure.cosmos.models.ReadConsistencyStrategyRequestOptionsTest@c46bcd4]" started-at="2026-02-25T23:52:17 UTC" name="cosmosRequestOptionsSetGetReadConsistencyStrategy" data-provider="allReadConsistencyStrategies" finished-at="2026-02-25T23:52:17 UTC" duration-ms="0" status="PASS">
          <params>
            <param index="0">
              <value>
                <![CDATA[Eventual]]>
              </value>
            </param>
          </params>
          <reporter-output>
          </reporter-output>
        </test-method> <!-- cosmosRequestOptionsSetGetReadConsistencyStrategy -->
        <test-method signature="cosmosRequestOptionsSetGetReadConsistencyStrategy(com.azure.cosmos.ReadConsistencyStrategy)[pri:0, instance:com.azure.cosmos.models.ReadConsistencyStrategyRequestOptionsTest@c46bcd4]" started-at="2026-02-25T23:52:17 UTC" name="cosmosRequestOptionsSetGetReadConsistencyStrategy" data-provider="allReadConsistencyStrategies" finished-at="2026-02-25T23:52:17 UTC" duration-ms="0" status="PASS">
          <params>
            <param index="0">
              <value>
                <![CDATA[GlobalStrong]]>
              </value>
            </param>
          </params>
          <reporter-output>
          </reporter-output>
        </test-method> <!-- cosmosRequestOptionsSetGetReadConsistencyStrategy -->
        <test-method signature="cosmosRequestOptionsSetNullReadConsistencyStrategy()[pri:0, instance:com.azure.cosmos.models.ReadConsistencyStrategyRequestOptionsTest@c46bcd4]" started-at="2026-02-25T23:52:17 UTC" name="cosmosRequestOptionsSetNullReadConsistencyStrategy" finished-at="2026-02-25T23:52:17 UTC" duration-ms="1" status="PASS">
          <reporter-output>
          </reporter-output>
        </test-method> <!-- cosmosRequestOptionsSetNullReadConsistencyStrategy -->
        <test-method signature="cosmosRequestOptionsSetGetReadConsistencyStrategy(com.azure.cosmos.ReadConsistencyStrategy)[pri:0, instance:com.azure.cosmos.models.ReadConsistencyStrategyRequestOptionsTest@c46bcd4]" started-at="2026-02-25T23:52:17 UTC" name="cosmosRequestOptionsSetGetReadConsistencyStrategy" data-provider="allReadConsistencyStrategies" finished-at="2026-02-25T23:52:17 UTC" duration-ms="0" status="PASS">
          <params>
            <param index="0">
              <value>
                <![CDATA[Session]]>
              </value>
            </param>
          </params>
          <reporter-output>
          </reporter-output>
        </test-method> <!-- cosmosRequestOptionsSetGetReadConsistencyStrategy -->
        <test-method signature="cosmosRequestOptionsSetGetReadConsistencyStrategy(com.azure.cosmos.ReadConsistencyStrategy)[pri:0, instance:com.azure.cosmos.models.ReadConsistencyStrategyRequestOptionsTest@c46bcd4]" started-at="2026-02-25T23:52:17 UTC" name="cosmosRequestOptionsSetGetReadConsistencyStrategy" data-provider="allReadConsistencyStrategies" finished-at="2026-02-25T23:52:17 UTC" duration-ms="0" status="PASS">
          <params>
            <param index="0">
              <value>
                <![CDATA[LatestCommitted]]>
              </value>
            </param>
          </params>
          <reporter-output>
          </reporter-output>
        </test-method> <!-- cosmosRequestOptionsSetGetReadConsistencyStrategy -->
      </class> <!-- com.azure.cosmos.models.ReadConsistencyStrategyRequestOptionsTest -->
    </test> <!-- Command line test -->
  </suite> <!-- Command line suite -->
</testng-results>
